{"/home/runner/work/buffers/buffers/src/Reader.ts": {"path":"/home/runner/work/buffers/buffers/src/Reader.ts","statementMap":{"0":{"start":{"line":1,"column":0},"end":{"line":1,"column":45}},"1":{"start":{"line":5,"column":9},"end":{"line":5,"column":48}},"2":{"start":{"line":6,"column":9},"end":{"line":6,"column":58}},"3":{"start":{"line":7,"column":9},"end":{"line":7,"column":15}},"4":{"start":{"line":10,"column":4},"end":{"line":10,"column":15}},"5":{"start":{"line":11,"column":4},"end":{"line":11,"column":23}},"6":{"start":{"line":12,"column":4},"end":{"line":12,"column":90}},"7":{"start":{"line":19,"column":4},"end":{"line":19,"column":38}},"8":{"start":{"line":26,"column":4},"end":{"line":26,"column":23}},"9":{"start":{"line":30,"column":4},"end":{"line":30,"column":21}},"10":{"start":{"line":34,"column":16},"end":{"line":34,"column":29}},"11":{"start":{"line":35,"column":16},"end":{"line":35,"column":48}},"12":{"start":{"line":36,"column":4},"end":{"line":36,"column":17}},"13":{"start":{"line":37,"column":4},"end":{"line":37,"column":15}},"14":{"start":{"line":41,"column":4},"end":{"line":41,"column":32}},"15":{"start":{"line":46,"column":4},"end":{"line":46,"column":39}},"16":{"start":{"line":53,"column":12},"end":{"line":53,"column":18}},"17":{"start":{"line":54,"column":16},"end":{"line":54,"column":56}},"18":{"start":{"line":55,"column":4},"end":{"line":55,"column":15}},"19":{"start":{"line":56,"column":4},"end":{"line":56,"column":15}},"20":{"start":{"line":60,"column":16},"end":{"line":60,"column":42}},"21":{"start":{"line":61,"column":4},"end":{"line":61,"column":16}},"22":{"start":{"line":62,"column":4},"end":{"line":62,"column":15}},"23":{"start":{"line":66,"column":16},"end":{"line":66,"column":43}},"24":{"start":{"line":67,"column":4},"end":{"line":67,"column":16}},"25":{"start":{"line":68,"column":4},"end":{"line":68,"column":15}},"26":{"start":{"line":72,"column":16},"end":{"line":72,"column":42}},"27":{"start":{"line":73,"column":4},"end":{"line":73,"column":16}},"28":{"start":{"line":74,"column":4},"end":{"line":74,"column":15}},"29":{"start":{"line":78,"column":16},"end":{"line":78,"column":46}},"30":{"start":{"line":79,"column":4},"end":{"line":79,"column":16}},"31":{"start":{"line":80,"column":4},"end":{"line":80,"column":15}},"32":{"start":{"line":84,"column":16},"end":{"line":84,"column":45}},"33":{"start":{"line":85,"column":4},"end":{"line":85,"column":16}},"34":{"start":{"line":86,"column":4},"end":{"line":86,"column":15}},"35":{"start":{"line":90,"column":16},"end":{"line":90,"column":22}},"36":{"start":{"line":91,"column":4},"end":{"line":91,"column":16}},"37":{"start":{"line":92,"column":4},"end":{"line":92,"column":37}},"38":{"start":{"line":96,"column":16},"end":{"line":96,"column":22}},"39":{"start":{"line":97,"column":4},"end":{"line":97,"column":16}},"40":{"start":{"line":98,"column":4},"end":{"line":98,"column":37}},"41":{"start":{"line":102,"column":18},"end":{"line":102,"column":24}},"42":{"start":{"line":103,"column":4},"end":{"line":103,"column":19}},"43":{"start":{"line":104,"column":4},"end":{"line":104,"column":47}},"44":{"start":{"line":108,"column":18},"end":{"line":108,"column":28}},"45":{"start":{"line":109,"column":14},"end":{"line":109,"column":16}},"46":{"start":{"line":110,"column":16},"end":{"line":110,"column":31}},"47":{"start":{"line":111,"column":4},"end":{"line":111,"column":76}},"48":{"start":{"line":111,"column":17},"end":{"line":111,"column":23}},"49":{"start":{"line":111,"column":39},"end":{"line":111,"column":76}},"50":{"start":{"line":112,"column":4},"end":{"line":112,"column":17}},"51":{"start":{"line":113,"column":4},"end":{"line":113,"column":15}},"52":{"start":{"line":4,"column":0},"end":{"line":4,"column":13}}},"fnMap":{"0":{"name":"(anonymous_0)","decl":{"start":{"line":4,"column":0},"end":{"line":4,"column":13}},"loc":{"start":{"line":4,"column":0},"end":{"line":115,"column":1}}},"1":{"name":"(anonymous_1)","decl":{"start":{"line":9,"column":9},"end":{"line":9,"column":14}},"loc":{"start":{"line":9,"column":32},"end":{"line":13,"column":3}}},"2":{"name":"(anonymous_2)","decl":{"start":{"line":18,"column":9},"end":{"line":18,"column":13}},"loc":{"start":{"line":18,"column":13},"end":{"line":20,"column":3}}},"3":{"name":"(anonymous_3)","decl":{"start":{"line":25,"column":9},"end":{"line":25,"column":13}},"loc":{"start":{"line":25,"column":13},"end":{"line":27,"column":3}}},"4":{"name":"(anonymous_4)","decl":{"start":{"line":29,"column":9},"end":{"line":29,"column":13}},"loc":{"start":{"line":29,"column":28},"end":{"line":31,"column":3}}},"5":{"name":"(anonymous_5)","decl":{"start":{"line":33,"column":9},"end":{"line":33,"column":12}},"loc":{"start":{"line":33,"column":25},"end":{"line":38,"column":3}}},"6":{"name":"(anonymous_6)","decl":{"start":{"line":40,"column":9},"end":{"line":40,"column":11}},"loc":{"start":{"line":40,"column":11},"end":{"line":43,"column":3}}},"7":{"name":"(anonymous_7)","decl":{"start":{"line":45,"column":9},"end":{"line":45,"column":11}},"loc":{"start":{"line":45,"column":11},"end":{"line":47,"column":3}}},"8":{"name":"(anonymous_8)","decl":{"start":{"line":49,"column":9},"end":{"line":49,"column":12}},"loc":{"start":{"line":49,"column":12},"end":{"line":57,"column":3}}},"9":{"name":"(anonymous_9)","decl":{"start":{"line":59,"column":9},"end":{"line":59,"column":12}},"loc":{"start":{"line":59,"column":12},"end":{"line":63,"column":3}}},"10":{"name":"(anonymous_10)","decl":{"start":{"line":65,"column":9},"end":{"line":65,"column":12}},"loc":{"start":{"line":65,"column":12},"end":{"line":69,"column":3}}},"11":{"name":"(anonymous_11)","decl":{"start":{"line":71,"column":9},"end":{"line":71,"column":12}},"loc":{"start":{"line":71,"column":12},"end":{"line":75,"column":3}}},"12":{"name":"(anonymous_12)","decl":{"start":{"line":77,"column":9},"end":{"line":77,"column":12}},"loc":{"start":{"line":77,"column":12},"end":{"line":81,"column":3}}},"13":{"name":"(anonymous_13)","decl":{"start":{"line":83,"column":9},"end":{"line":83,"column":12}},"loc":{"start":{"line":83,"column":12},"end":{"line":87,"column":3}}},"14":{"name":"(anonymous_14)","decl":{"start":{"line":89,"column":9},"end":{"line":89,"column":12}},"loc":{"start":{"line":89,"column":12},"end":{"line":93,"column":3}}},"15":{"name":"(anonymous_15)","decl":{"start":{"line":95,"column":9},"end":{"line":95,"column":12}},"loc":{"start":{"line":95,"column":12},"end":{"line":99,"column":3}}},"16":{"name":"(anonymous_16)","decl":{"start":{"line":101,"column":9},"end":{"line":101,"column":13}},"loc":{"start":{"line":101,"column":26},"end":{"line":105,"column":3}}},"17":{"name":"(anonymous_17)","decl":{"start":{"line":107,"column":9},"end":{"line":107,"column":14}},"loc":{"start":{"line":107,"column":29},"end":{"line":114,"column":3}}}},"branchMap":{},"s":{"0":1,"1":3,"2":3,"3":3,"4":3,"5":3,"6":3,"7":10,"8":5,"9":0,"10":0,"11":0,"12":0,"13":0,"14":4,"15":0,"16":0,"17":0,"18":0,"19":0,"20":0,"21":0,"22":0,"23":0,"24":0,"25":0,"26":0,"27":0,"28":0,"29":0,"30":0,"31":0,"32":0,"33":0,"34":0,"35":0,"36":0,"37":0,"38":0,"39":0,"40":0,"41":0,"42":0,"43":0,"44":0,"45":0,"46":0,"47":0,"48":0,"49":0,"50":0,"51":0,"52":1},"f":{"0":3,"1":3,"2":10,"3":5,"4":0,"5":0,"6":4,"7":0,"8":0,"9":0,"10":0,"11":0,"12":0,"13":0,"14":0,"15":0,"16":0,"17":0},"b":{}}
,"/home/runner/work/buffers/buffers/src/Slice.ts": {"path":"/home/runner/work/buffers/buffers/src/Slice.ts","statementMap":{"0":{"start":{"line":3,"column":20},"end":{"line":3,"column":37}},"1":{"start":{"line":4,"column":20},"end":{"line":4,"column":34}},"2":{"start":{"line":5,"column":20},"end":{"line":5,"column":33}},"3":{"start":{"line":6,"column":20},"end":{"line":6,"column":31}},"4":{"start":{"line":10,"column":4},"end":{"line":10,"column":53}},"5":{"start":{"line":1,"column":0},"end":{"line":1,"column":13}}},"fnMap":{"0":{"name":"(anonymous_0)","decl":{"start":{"line":2,"column":2},"end":{"line":2,"column":null}},"loc":{"start":{"line":6,"column":31},"end":{"line":7,"column":6}}},"1":{"name":"(anonymous_1)","decl":{"start":{"line":9,"column":9},"end":{"line":9,"column":17}},"loc":{"start":{"line":9,"column":17},"end":{"line":11,"column":3}}}},"branchMap":{},"s":{"0":0,"1":0,"2":0,"3":0,"4":0,"5":2},"f":{"0":0,"1":0},"b":{}}
,"/home/runner/work/buffers/buffers/src/StreamingOctetReader.ts": {"path":"/home/runner/work/buffers/buffers/src/StreamingOctetReader.ts","statementMap":{"0":{"start":{"line":1,"column":21},"end":{"line":1,"column":40}},"1":{"start":{"line":4,"column":21},"end":{"line":4,"column":47}},"2":{"start":{"line":7,"column":12},"end":{"line":7,"column":34}},"3":{"start":{"line":9,"column":12},"end":{"line":9,"column":26}},"4":{"start":{"line":12,"column":4},"end":{"line":12,"column":35}},"5":{"start":{"line":16,"column":4},"end":{"line":16,"column":28}},"6":{"start":{"line":17,"column":4},"end":{"line":17,"column":35}},"7":{"start":{"line":21,"column":4},"end":{"line":21,"column":66}},"8":{"start":{"line":21,"column":28},"end":{"line":21,"column":66}},"9":{"start":{"line":25,"column":4},"end":{"line":25,"column":23}},"10":{"start":{"line":26,"column":18},"end":{"line":26,"column":33}},"11":{"start":{"line":27,"column":12},"end":{"line":27,"column":18}},"12":{"start":{"line":28,"column":18},"end":{"line":28,"column":28}},"13":{"start":{"line":29,"column":4},"end":{"line":33,"column":5}},"14":{"start":{"line":30,"column":6},"end":{"line":30,"column":26}},"15":{"start":{"line":31,"column":6},"end":{"line":31,"column":37}},"16":{"start":{"line":32,"column":6},"end":{"line":32,"column":12}},"17":{"start":{"line":34,"column":4},"end":{"line":34,"column":15}},"18":{"start":{"line":35,"column":4},"end":{"line":35,"column":17}},"19":{"start":{"line":39,"column":19},"end":{"line":39,"column":28}},"20":{"start":{"line":40,"column":19},"end":{"line":40,"column":28}},"21":{"start":{"line":41,"column":19},"end":{"line":41,"column":28}},"22":{"start":{"line":42,"column":19},"end":{"line":42,"column":28}},"23":{"start":{"line":43,"column":4},"end":{"line":43,"column":74}},"24":{"start":{"line":47,"column":4},"end":{"line":47,"column":22}},"25":{"start":{"line":47,"column":15},"end":{"line":47,"column":22}},"26":{"start":{"line":48,"column":4},"end":{"line":48,"column":26}},"27":{"start":{"line":49,"column":19},"end":{"line":49,"column":34}},"28":{"start":{"line":50,"column":18},"end":{"line":50,"column":56}},"29":{"start":{"line":51,"column":4},"end":{"line":51,"column":58}},"30":{"start":{"line":52,"column":4},"end":{"line":52,"column":18}},"31":{"start":{"line":53,"column":4},"end":{"line":56,"column":5}},"32":{"start":{"line":54,"column":6},"end":{"line":54,"column":29}},"33":{"start":{"line":55,"column":6},"end":{"line":55,"column":13}},"34":{"start":{"line":57,"column":21},"end":{"line":57,"column":22}},"35":{"start":{"line":58,"column":4},"end":{"line":64,"column":5}},"36":{"start":{"line":59,"column":21},"end":{"line":59,"column":45}},"37":{"start":{"line":60,"column":20},"end":{"line":60,"column":49}},"38":{"start":{"line":61,"column":6},"end":{"line":61,"column":54}},"39":{"start":{"line":62,"column":6},"end":{"line":62,"column":20}},"40":{"start":{"line":63,"column":6},"end":{"line":63,"column":19}},"41":{"start":{"line":65,"column":4},"end":{"line":65,"column":26}},"42":{"start":{"line":75,"column":4},"end":{"line":75,"column":22}},"43":{"start":{"line":75,"column":15},"end":{"line":75,"column":22}},"44":{"start":{"line":76,"column":4},"end":{"line":76,"column":26}},"45":{"start":{"line":77,"column":19},"end":{"line":77,"column":34}},"46":{"start":{"line":78,"column":12},"end":{"line":78,"column":18}},"47":{"start":{"line":79,"column":18},"end":{"line":79,"column":51}},"48":{"start":{"line":80,"column":16},"end":{"line":80,"column":25}},"49":{"start":{"line":81,"column":4},"end":{"line":81,"column":71}},"50":{"start":{"line":81,"column":22},"end":{"line":81,"column":71}},"51":{"start":{"line":82,"column":4},"end":{"line":82,"column":18}},"52":{"start":{"line":83,"column":4},"end":{"line":86,"column":5}},"53":{"start":{"line":84,"column":6},"end":{"line":84,"column":29}},"54":{"start":{"line":85,"column":6},"end":{"line":85,"column":13}},"55":{"start":{"line":87,"column":21},"end":{"line":87,"column":22}},"56":{"start":{"line":88,"column":4},"end":{"line":93,"column":5}},"57":{"start":{"line":89,"column":21},"end":{"line":89,"column":47}},"58":{"start":{"line":90,"column":20},"end":{"line":90,"column":49}},"59":{"start":{"line":91,"column":6},"end":{"line":91,"column":84}},"60":{"start":{"line":91,"column":19},"end":{"line":91,"column":20}},"61":{"start":{"line":91,"column":35},"end":{"line":91,"column":84}},"62":{"start":{"line":92,"column":6},"end":{"line":92,"column":20}},"63":{"start":{"line":94,"column":4},"end":{"line":94,"column":26}},"64":{"start":{"line":98,"column":4},"end":{"line":98,"column":26}},"65":{"start":{"line":99,"column":16},"end":{"line":99,"column":36}},"66":{"start":{"line":100,"column":4},"end":{"line":100,"column":28}},"67":{"start":{"line":101,"column":4},"end":{"line":101,"column":15}},"68":{"start":{"line":105,"column":4},"end":{"line":105,"column":26}},"69":{"start":{"line":106,"column":16},"end":{"line":106,"column":36}},"70":{"start":{"line":107,"column":4},"end":{"line":107,"column":48}},"71":{"start":{"line":108,"column":4},"end":{"line":108,"column":15}},"72":{"start":{"line":112,"column":4},"end":{"line":112,"column":19}},"73":{"start":{"line":112,"column":12},"end":{"line":112,"column":19}},"74":{"start":{"line":113,"column":18},"end":{"line":113,"column":33}},"75":{"start":{"line":114,"column":24},"end":{"line":114,"column":36}},"76":{"start":{"line":115,"column":22},"end":{"line":115,"column":42}},"77":{"start":{"line":116,"column":4},"end":{"line":119,"column":5}},"78":{"start":{"line":117,"column":6},"end":{"line":117,"column":26}},"79":{"start":{"line":118,"column":6},"end":{"line":118,"column":13}},"80":{"start":{"line":120,"column":4},"end":{"line":120,"column":15}},"81":{"start":{"line":121,"column":4},"end":{"line":121,"column":24}},"82":{"start":{"line":122,"column":4},"end":{"line":122,"column":34}},"83":{"start":{"line":123,"column":4},"end":{"line":123,"column":19}},"84":{"start":{"line":124,"column":4},"end":{"line":124,"column":23}},"85":{"start":{"line":128,"column":4},"end":{"line":128,"column":23}},"86":{"start":{"line":129,"column":4},"end":{"line":129,"column":23}},"87":{"start":{"line":133,"column":4},"end":{"line":133,"column":23}},"88":{"start":{"line":134,"column":4},"end":{"line":134,"column":35}},"89":{"start":{"line":142,"column":4},"end":{"line":142,"column":23}},"90":{"start":{"line":146,"column":4},"end":{"line":146,"column":28}},"91":{"start":{"line":147,"column":12},"end":{"line":147,"column":13}},"92":{"start":{"line":148,"column":29},"end":{"line":148,"column":31}},"93":{"start":{"line":149,"column":4},"end":{"line":180,"column":5}},"94":{"start":{"line":150,"column":17},"end":{"line":150,"column":50}},"95":{"start":{"line":151,"column":6},"end":{"line":151,"column":10}},"96":{"start":{"line":152,"column":6},"end":{"line":178,"column":7}},"97":{"start":{"line":153,"column":23},"end":{"line":153,"column":65}},"98":{"start":{"line":154,"column":8},"end":{"line":154,"column":12}},"99":{"start":{"line":155,"column":8},"end":{"line":177,"column":9}},"100":{"start":{"line":156,"column":10},"end":{"line":156,"column":47}},"101":{"start":{"line":158,"column":25},"end":{"line":158,"column":67}},"102":{"start":{"line":159,"column":10},"end":{"line":159,"column":14}},"103":{"start":{"line":160,"column":10},"end":{"line":176,"column":11}},"104":{"start":{"line":161,"column":12},"end":{"line":161,"column":66}},"105":{"start":{"line":163,"column":12},"end":{"line":175,"column":13}},"106":{"start":{"line":164,"column":29},"end":{"line":164,"column":71}},"107":{"start":{"line":165,"column":14},"end":{"line":165,"column":18}},"108":{"start":{"line":166,"column":25},"end":{"line":166,"column":95}},"109":{"start":{"line":167,"column":14},"end":{"line":174,"column":15}},"110":{"start":{"line":168,"column":16},"end":{"line":168,"column":32}},"111":{"start":{"line":169,"column":30},"end":{"line":169,"column":62}},"112":{"start":{"line":170,"column":16},"end":{"line":170,"column":47}},"113":{"start":{"line":171,"column":16},"end":{"line":171,"column":35}},"114":{"start":{"line":173,"column":16},"end":{"line":173,"column":28}},"115":{"start":{"line":179,"column":6},"end":{"line":179,"column":24}},"116":{"start":{"line":181,"column":4},"end":{"line":181,"column":46}},"117":{"start":{"line":3,"column":0},"end":{"line":3,"column":13}}},"fnMap":{"0":{"name":"(anonymous_0)","decl":{"start":{"line":3,"column":0},"end":{"line":3,"column":13}},"loc":{"start":{"line":3,"column":0},"end":{"line":183,"column":1}}},"1":{"name":"(anonymous_1)","decl":{"start":{"line":11,"column":9},"end":{"line":11,"column":13}},"loc":{"start":{"line":11,"column":13},"end":{"line":13,"column":3}}},"2":{"name":"(anonymous_2)","decl":{"start":{"line":15,"column":9},"end":{"line":15,"column":13}},"loc":{"start":{"line":15,"column":31},"end":{"line":18,"column":3}}},"3":{"name":"(anonymous_3)","decl":{"start":{"line":20,"column":12},"end":{"line":20,"column":22}},"loc":{"start":{"line":20,"column":35},"end":{"line":22,"column":3}}},"4":{"name":"(anonymous_4)","decl":{"start":{"line":24,"column":9},"end":{"line":24,"column":11}},"loc":{"start":{"line":24,"column":11},"end":{"line":36,"column":3}}},"5":{"name":"(anonymous_5)","decl":{"start":{"line":38,"column":9},"end":{"line":38,"column":12}},"loc":{"start":{"line":38,"column":12},"end":{"line":44,"column":3}}},"6":{"name":"(anonymous_6)","decl":{"start":{"line":46,"column":9},"end":{"line":46,"column":13}},"loc":{"start":{"line":46,"column":56},"end":{"line":66,"column":3}}},"7":{"name":"(anonymous_7)","decl":{"start":{"line":68,"column":9},"end":{"line":68,"column":16}},"loc":{"start":{"line":73,"column":21},"end":{"line":95,"column":3}}},"8":{"name":"(anonymous_8)","decl":{"start":{"line":97,"column":9},"end":{"line":97,"column":12}},"loc":{"start":{"line":97,"column":25},"end":{"line":102,"column":3}}},"9":{"name":"(anonymous_9)","decl":{"start":{"line":104,"column":9},"end":{"line":104,"column":15}},"loc":{"start":{"line":104,"column":87},"end":{"line":109,"column":3}}},"10":{"name":"(anonymous_10)","decl":{"start":{"line":111,"column":9},"end":{"line":111,"column":19}},"loc":{"start":{"line":111,"column":29},"end":{"line":125,"column":3}}},"11":{"name":"(anonymous_11)","decl":{"start":{"line":127,"column":9},"end":{"line":127,"column":13}},"loc":{"start":{"line":127,"column":23},"end":{"line":130,"column":3}}},"12":{"name":"(anonymous_12)","decl":{"start":{"line":132,"column":9},"end":{"line":132,"column":13}},"loc":{"start":{"line":132,"column":13},"end":{"line":135,"column":3}}},"13":{"name":"(anonymous_13)","decl":{"start":{"line":141,"column":9},"end":{"line":141,"column":13}},"loc":{"start":{"line":141,"column":13},"end":{"line":143,"column":3}}},"14":{"name":"(anonymous_14)","decl":{"start":{"line":145,"column":9},"end":{"line":145,"column":13}},"loc":{"start":{"line":145,"column":87},"end":{"line":182,"column":3}}}},"branchMap":{"0":{"loc":{"start":{"line":21,"column":4},"end":{"line":21,"column":66}},"type":"if","locations":[{"start":{"line":21,"column":4},"end":{"line":21,"column":66}}]},"1":{"loc":{"start":{"line":29,"column":4},"end":{"line":33,"column":5}},"type":"if","locations":[{"start":{"line":29,"column":4},"end":{"line":33,"column":5}}]},"2":{"loc":{"start":{"line":47,"column":4},"end":{"line":47,"column":22}},"type":"if","locations":[{"start":{"line":47,"column":4},"end":{"line":47,"column":22}}]},"3":{"loc":{"start":{"line":53,"column":4},"end":{"line":56,"column":5}},"type":"if","locations":[{"start":{"line":53,"column":4},"end":{"line":56,"column":5}}]},"4":{"loc":{"start":{"line":75,"column":4},"end":{"line":75,"column":22}},"type":"if","locations":[{"start":{"line":75,"column":4},"end":{"line":75,"column":22}}]},"5":{"loc":{"start":{"line":83,"column":4},"end":{"line":86,"column":5}},"type":"if","locations":[{"start":{"line":83,"column":4},"end":{"line":86,"column":5}}]},"6":{"loc":{"start":{"line":112,"column":4},"end":{"line":112,"column":19}},"type":"if","locations":[{"start":{"line":112,"column":4},"end":{"line":112,"column":19}}]},"7":{"loc":{"start":{"line":116,"column":4},"end":{"line":119,"column":5}},"type":"if","locations":[{"start":{"line":116,"column":4},"end":{"line":119,"column":5}}]},"8":{"loc":{"start":{"line":152,"column":6},"end":{"line":178,"column":7}},"type":"if","locations":[{"start":{"line":152,"column":6},"end":{"line":178,"column":7}}]},"9":{"loc":{"start":{"line":155,"column":8},"end":{"line":177,"column":9}},"type":"if","locations":[{"start":{"line":155,"column":8},"end":{"line":177,"column":9}},{"start":{"line":157,"column":15},"end":{"line":177,"column":9}}]},"10":{"loc":{"start":{"line":160,"column":10},"end":{"line":176,"column":11}},"type":"if","locations":[{"start":{"line":160,"column":10},"end":{"line":176,"column":11}},{"start":{"line":162,"column":17},"end":{"line":176,"column":11}}]},"11":{"loc":{"start":{"line":163,"column":12},"end":{"line":175,"column":13}},"type":"if","locations":[{"start":{"line":163,"column":12},"end":{"line":175,"column":13}}]},"12":{"loc":{"start":{"line":167,"column":14},"end":{"line":174,"column":15}},"type":"if","locations":[{"start":{"line":167,"column":14},"end":{"line":174,"column":15}},{"start":{"line":172,"column":21},"end":{"line":174,"column":15}}]}},"s":{"0":1,"1":3,"2":3,"3":3,"4":14,"5":3,"6":3,"7":14,"8":0,"9":4,"10":4,"11":4,"12":4,"13":4,"14":0,"15":0,"16":0,"17":4,"18":4,"19":0,"20":0,"21":0,"22":0,"23":0,"24":0,"25":0,"26":0,"27":0,"28":0,"29":0,"30":0,"31":0,"32":0,"33":0,"34":0,"35":0,"36":0,"37":0,"38":0,"39":0,"40":0,"41":0,"42":0,"43":0,"44":0,"45":0,"46":0,"47":0,"48":0,"49":0,"50":0,"51":0,"52":0,"53":0,"54":0,"55":0,"56":0,"57":0,"58":0,"59":0,"60":0,"61":0,"62":0,"63":0,"64":0,"65":0,"66":0,"67":0,"68":0,"69":0,"70":0,"71":0,"72":0,"73":0,"74":0,"75":0,"76":0,"77":0,"78":0,"79":0,"80":0,"81":0,"82":0,"83":0,"84":0,"85":0,"86":0,"87":10,"88":10,"89":5,"90":0,"91":0,"92":0,"93":0,"94":0,"95":0,"96":0,"97":0,"98":0,"99":0,"100":0,"101":0,"102":0,"103":0,"104":0,"105":0,"106":0,"107":0,"108":0,"109":0,"110":0,"111":0,"112":0,"113":0,"114":0,"115":0,"116":0,"117":1},"f":{"0":3,"1":14,"2":3,"3":14,"4":4,"5":0,"6":0,"7":0,"8":0,"9":0,"10":0,"11":0,"12":10,"13":5,"14":0},"b":{"0":[0],"1":[0],"2":[0],"3":[0],"4":[0],"5":[0],"6":[0],"7":[0],"8":[0],"9":[0,0],"10":[0,0],"11":[0],"12":[0,0]}}
,"/home/runner/work/buffers/buffers/src/StreamingReader.ts": {"path":"/home/runner/work/buffers/buffers/src/StreamingReader.ts","statementMap":{"0":{"start":{"line":1,"column":0},"end":{"line":1,"column":32}},"1":{"start":{"line":2,"column":0},"end":{"line":2,"column":45}},"2":{"start":{"line":11,"column":12},"end":{"line":11,"column":19}},"3":{"start":{"line":14,"column":4},"end":{"line":14,"column":40}},"4":{"start":{"line":21,"column":4},"end":{"line":21,"column":34}},"5":{"start":{"line":30,"column":4},"end":{"line":30,"column":66}},"6":{"start":{"line":30,"column":28},"end":{"line":30,"column":66}},"7":{"start":{"line":41,"column":4},"end":{"line":41,"column":41}},"8":{"start":{"line":49,"column":4},"end":{"line":49,"column":30}},"9":{"start":{"line":50,"column":4},"end":{"line":50,"column":16}},"10":{"start":{"line":56,"column":4},"end":{"line":56,"column":29}},"11":{"start":{"line":60,"column":4},"end":{"line":60,"column":28}},"12":{"start":{"line":64,"column":4},"end":{"line":64,"column":36}},"13":{"start":{"line":68,"column":4},"end":{"line":68,"column":33}},"14":{"start":{"line":72,"column":4},"end":{"line":72,"column":23}},"15":{"start":{"line":73,"column":4},"end":{"line":73,"column":38}},"16":{"start":{"line":81,"column":4},"end":{"line":81,"column":23}},"17":{"start":{"line":85,"column":4},"end":{"line":85,"column":28}},"18":{"start":{"line":86,"column":4},"end":{"line":86,"column":21}},"19":{"start":{"line":90,"column":4},"end":{"line":90,"column":26}},"20":{"start":{"line":91,"column":16},"end":{"line":91,"column":29}},"21":{"start":{"line":92,"column":16},"end":{"line":92,"column":48}},"22":{"start":{"line":93,"column":4},"end":{"line":93,"column":17}},"23":{"start":{"line":94,"column":4},"end":{"line":94,"column":15}},"24":{"start":{"line":98,"column":4},"end":{"line":98,"column":23}},"25":{"start":{"line":99,"column":4},"end":{"line":99,"column":40}},"26":{"start":{"line":103,"column":4},"end":{"line":103,"column":23}},"27":{"start":{"line":104,"column":4},"end":{"line":104,"column":39}},"28":{"start":{"line":108,"column":4},"end":{"line":108,"column":23}},"29":{"start":{"line":109,"column":16},"end":{"line":109,"column":43}},"30":{"start":{"line":110,"column":4},"end":{"line":110,"column":16}},"31":{"start":{"line":111,"column":4},"end":{"line":111,"column":15}},"32":{"start":{"line":115,"column":4},"end":{"line":115,"column":23}},"33":{"start":{"line":116,"column":16},"end":{"line":116,"column":42}},"34":{"start":{"line":117,"column":4},"end":{"line":117,"column":16}},"35":{"start":{"line":118,"column":4},"end":{"line":118,"column":15}},"36":{"start":{"line":122,"column":4},"end":{"line":122,"column":23}},"37":{"start":{"line":123,"column":16},"end":{"line":123,"column":43}},"38":{"start":{"line":124,"column":4},"end":{"line":124,"column":16}},"39":{"start":{"line":125,"column":4},"end":{"line":125,"column":15}},"40":{"start":{"line":129,"column":4},"end":{"line":129,"column":23}},"41":{"start":{"line":130,"column":16},"end":{"line":130,"column":42}},"42":{"start":{"line":131,"column":4},"end":{"line":131,"column":16}},"43":{"start":{"line":132,"column":4},"end":{"line":132,"column":15}},"44":{"start":{"line":136,"column":4},"end":{"line":136,"column":23}},"45":{"start":{"line":137,"column":16},"end":{"line":137,"column":46}},"46":{"start":{"line":138,"column":4},"end":{"line":138,"column":16}},"47":{"start":{"line":139,"column":4},"end":{"line":139,"column":15}},"48":{"start":{"line":143,"column":4},"end":{"line":143,"column":23}},"49":{"start":{"line":144,"column":16},"end":{"line":144,"column":45}},"50":{"start":{"line":145,"column":4},"end":{"line":145,"column":16}},"51":{"start":{"line":146,"column":4},"end":{"line":146,"column":15}},"52":{"start":{"line":150,"column":4},"end":{"line":150,"column":23}},"53":{"start":{"line":151,"column":16},"end":{"line":151,"column":22}},"54":{"start":{"line":152,"column":4},"end":{"line":152,"column":16}},"55":{"start":{"line":153,"column":4},"end":{"line":153,"column":37}},"56":{"start":{"line":157,"column":4},"end":{"line":157,"column":23}},"57":{"start":{"line":158,"column":16},"end":{"line":158,"column":22}},"58":{"start":{"line":159,"column":4},"end":{"line":159,"column":16}},"59":{"start":{"line":160,"column":4},"end":{"line":160,"column":37}},"60":{"start":{"line":164,"column":4},"end":{"line":164,"column":26}},"61":{"start":{"line":165,"column":18},"end":{"line":165,"column":24}},"62":{"start":{"line":166,"column":4},"end":{"line":166,"column":19}},"63":{"start":{"line":167,"column":4},"end":{"line":167,"column":47}},"64":{"start":{"line":171,"column":4},"end":{"line":171,"column":28}},"65":{"start":{"line":172,"column":18},"end":{"line":172,"column":28}},"66":{"start":{"line":173,"column":14},"end":{"line":173,"column":16}},"67":{"start":{"line":174,"column":16},"end":{"line":174,"column":31}},"68":{"start":{"line":175,"column":4},"end":{"line":175,"column":76}},"69":{"start":{"line":175,"column":17},"end":{"line":175,"column":23}},"70":{"start":{"line":175,"column":39},"end":{"line":175,"column":76}},"71":{"start":{"line":176,"column":4},"end":{"line":176,"column":17}},"72":{"start":{"line":177,"column":4},"end":{"line":177,"column":15}},"73":{"start":{"line":183,"column":4},"end":{"line":183,"column":16}},"74":{"start":{"line":184,"column":4},"end":{"line":184,"column":24}},"75":{"start":{"line":185,"column":4},"end":{"line":185,"column":21}},"76":{"start":{"line":5,"column":0},"end":{"line":5,"column":13}}},"fnMap":{"0":{"name":"(anonymous_0)","decl":{"start":{"line":13,"column":2},"end":{"line":13,"column":14}},"loc":{"start":{"line":13,"column":43},"end":{"line":15,"column":3}}},"1":{"name":"(anonymous_1)","decl":{"start":{"line":20,"column":9},"end":{"line":20,"column":13}},"loc":{"start":{"line":20,"column":13},"end":{"line":22,"column":3}}},"2":{"name":"(anonymous_2)","decl":{"start":{"line":29,"column":12},"end":{"line":29,"column":22}},"loc":{"start":{"line":29,"column":35},"end":{"line":31,"column":3}}},"3":{"name":"(anonymous_3)","decl":{"start":{"line":40,"column":9},"end":{"line":40,"column":13}},"loc":{"start":{"line":40,"column":31},"end":{"line":42,"column":3}}},"4":{"name":"(anonymous_4)","decl":{"start":{"line":48,"column":9},"end":{"line":48,"column":16}},"loc":{"start":{"line":48,"column":16},"end":{"line":51,"column":3}}},"5":{"name":"(anonymous_5)","decl":{"start":{"line":55,"column":2},"end":{"line":55,"column":13}},"loc":{"start":{"line":55,"column":18},"end":{"line":57,"column":3}}},"6":{"name":"(anonymous_6)","decl":{"start":{"line":59,"column":2},"end":{"line":59,"column":13}},"loc":{"start":{"line":59,"column":17},"end":{"line":61,"column":3}}},"7":{"name":"(anonymous_7)","decl":{"start":{"line":63,"column":2},"end":{"line":63,"column":13}},"loc":{"start":{"line":63,"column":14},"end":{"line":65,"column":3}}},"8":{"name":"(anonymous_8)","decl":{"start":{"line":67,"column":2},"end":{"line":67,"column":13}},"loc":{"start":{"line":67,"column":24},"end":{"line":69,"column":3}}},"9":{"name":"(anonymous_9)","decl":{"start":{"line":71,"column":9},"end":{"line":71,"column":13}},"loc":{"start":{"line":71,"column":13},"end":{"line":74,"column":3}}},"10":{"name":"(anonymous_10)","decl":{"start":{"line":80,"column":9},"end":{"line":80,"column":13}},"loc":{"start":{"line":80,"column":13},"end":{"line":82,"column":3}}},"11":{"name":"(anonymous_11)","decl":{"start":{"line":84,"column":9},"end":{"line":84,"column":13}},"loc":{"start":{"line":84,"column":28},"end":{"line":87,"column":3}}},"12":{"name":"(anonymous_12)","decl":{"start":{"line":89,"column":9},"end":{"line":89,"column":12}},"loc":{"start":{"line":89,"column":25},"end":{"line":95,"column":3}}},"13":{"name":"(anonymous_13)","decl":{"start":{"line":97,"column":9},"end":{"line":97,"column":11}},"loc":{"start":{"line":97,"column":11},"end":{"line":100,"column":3}}},"14":{"name":"(anonymous_14)","decl":{"start":{"line":102,"column":9},"end":{"line":102,"column":11}},"loc":{"start":{"line":102,"column":11},"end":{"line":105,"column":3}}},"15":{"name":"(anonymous_15)","decl":{"start":{"line":107,"column":9},"end":{"line":107,"column":12}},"loc":{"start":{"line":107,"column":12},"end":{"line":112,"column":3}}},"16":{"name":"(anonymous_16)","decl":{"start":{"line":114,"column":9},"end":{"line":114,"column":12}},"loc":{"start":{"line":114,"column":12},"end":{"line":119,"column":3}}},"17":{"name":"(anonymous_17)","decl":{"start":{"line":121,"column":9},"end":{"line":121,"column":12}},"loc":{"start":{"line":121,"column":12},"end":{"line":126,"column":3}}},"18":{"name":"(anonymous_18)","decl":{"start":{"line":128,"column":9},"end":{"line":128,"column":12}},"loc":{"start":{"line":128,"column":12},"end":{"line":133,"column":3}}},"19":{"name":"(anonymous_19)","decl":{"start":{"line":135,"column":9},"end":{"line":135,"column":12}},"loc":{"start":{"line":135,"column":12},"end":{"line":140,"column":3}}},"20":{"name":"(anonymous_20)","decl":{"start":{"line":142,"column":9},"end":{"line":142,"column":12}},"loc":{"start":{"line":142,"column":12},"end":{"line":147,"column":3}}},"21":{"name":"(anonymous_21)","decl":{"start":{"line":149,"column":9},"end":{"line":149,"column":12}},"loc":{"start":{"line":149,"column":12},"end":{"line":154,"column":3}}},"22":{"name":"(anonymous_22)","decl":{"start":{"line":156,"column":9},"end":{"line":156,"column":12}},"loc":{"start":{"line":156,"column":12},"end":{"line":161,"column":3}}},"23":{"name":"(anonymous_23)","decl":{"start":{"line":163,"column":9},"end":{"line":163,"column":13}},"loc":{"start":{"line":163,"column":26},"end":{"line":168,"column":3}}},"24":{"name":"(anonymous_24)","decl":{"start":{"line":170,"column":9},"end":{"line":170,"column":14}},"loc":{"start":{"line":170,"column":29},"end":{"line":178,"column":3}}},"25":{"name":"(anonymous_25)","decl":{"start":{"line":182,"column":9},"end":{"line":182,"column":14}},"loc":{"start":{"line":182,"column":32},"end":{"line":186,"column":3}}}},"branchMap":{"0":{"loc":{"start":{"line":13,"column":14},"end":{"line":13,"column":43}},"type":"default-arg","locations":[{"start":{"line":13,"column":34},"end":{"line":13,"column":43}}]},"1":{"loc":{"start":{"line":30,"column":4},"end":{"line":30,"column":66}},"type":"if","locations":[{"start":{"line":30,"column":4},"end":{"line":30,"column":66}}]}},"s":{"0":2,"1":2,"2":8,"3":8,"4":42,"5":33,"6":3,"7":11,"8":0,"9":0,"10":0,"11":30,"12":83,"13":20,"14":10,"15":10,"16":5,"17":0,"18":0,"19":0,"20":0,"21":0,"22":0,"23":0,"24":18,"25":17,"26":0,"27":0,"28":4,"29":3,"30":3,"31":3,"32":0,"33":0,"34":0,"35":0,"36":1,"37":0,"38":0,"39":0,"40":0,"41":0,"42":0,"43":0,"44":0,"45":0,"46":0,"47":0,"48":0,"49":0,"50":0,"51":0,"52":0,"53":0,"54":0,"55":0,"56":0,"57":0,"58":0,"59":0,"60":0,"61":0,"62":0,"63":0,"64":0,"65":0,"66":0,"67":0,"68":0,"69":0,"70":0,"71":0,"72":0,"73":0,"74":0,"75":0,"76":2},"f":{"0":8,"1":42,"2":33,"3":11,"4":0,"5":0,"6":30,"7":83,"8":20,"9":10,"10":5,"11":0,"12":0,"13":18,"14":0,"15":4,"16":0,"17":1,"18":0,"19":0,"20":0,"21":0,"22":0,"23":0,"24":0,"25":0},"b":{"0":[4],"1":[3]}}
,"/home/runner/work/buffers/buffers/src/Writer.ts": {"path":"/home/runner/work/buffers/buffers/src/Writer.ts","statementMap":{"0":{"start":{"line":1,"column":0},"end":{"line":1,"column":30}},"1":{"start":{"line":4,"column":20},"end":{"line":4,"column":38}},"2":{"start":{"line":5,"column":19},"end":{"line":5,"column":51}},"3":{"start":{"line":7,"column":18},"end":{"line":7,"column":46}},"4":{"start":{"line":8,"column":18},"end":{"line":10,"column":8}},"5":{"start":{"line":11,"column":13},"end":{"line":11,"column":43}},"6":{"start":{"line":12,"column":20},"end":{"line":12,"column":81}},"7":{"start":{"line":33,"column":21},"end":{"line":33,"column":41}},"8":{"start":{"line":23,"column":9},"end":{"line":23,"column":37}},"9":{"start":{"line":25,"column":9},"end":{"line":25,"column":24}},"10":{"start":{"line":27,"column":9},"end":{"line":27,"column":23}},"11":{"start":{"line":34,"column":4},"end":{"line":34,"column":43}},"12":{"start":{"line":35,"column":4},"end":{"line":35,"column":26}},"13":{"start":{"line":36,"column":4},"end":{"line":36,"column":48}},"14":{"start":{"line":41,"column":15},"end":{"line":41,"column":22}},"15":{"start":{"line":42,"column":14},"end":{"line":42,"column":20}},"16":{"start":{"line":43,"column":21},"end":{"line":43,"column":31}},"17":{"start":{"line":44,"column":21},"end":{"line":44,"column":41}},"18":{"start":{"line":45,"column":17},"end":{"line":45,"column":46}},"19":{"start":{"line":46,"column":24},"end":{"line":46,"column":48}},"20":{"start":{"line":47,"column":4},"end":{"line":47,"column":33}},"21":{"start":{"line":48,"column":4},"end":{"line":48,"column":20}},"22":{"start":{"line":49,"column":4},"end":{"line":49,"column":16}},"23":{"start":{"line":50,"column":4},"end":{"line":50,"column":26}},"24":{"start":{"line":51,"column":4},"end":{"line":51,"column":21}},"25":{"start":{"line":52,"column":4},"end":{"line":52,"column":21}},"26":{"start":{"line":62,"column":23},"end":{"line":62,"column":32}},"27":{"start":{"line":63,"column":22},"end":{"line":63,"column":41}},"28":{"start":{"line":64,"column":4},"end":{"line":69,"column":5}},"29":{"start":{"line":65,"column":20},"end":{"line":65,"column":40}},"30":{"start":{"line":66,"column":23},"end":{"line":66,"column":43}},"31":{"start":{"line":67,"column":28},"end":{"line":67,"column":44}},"32":{"start":{"line":68,"column":6},"end":{"line":68,"column":86}},"33":{"start":{"line":74,"column":4},"end":{"line":74,"column":34}},"34":{"start":{"line":75,"column":4},"end":{"line":75,"column":23}},"35":{"start":{"line":79,"column":4},"end":{"line":79,"column":21}},"36":{"start":{"line":89,"column":19},"end":{"line":89,"column":52}},"37":{"start":{"line":90,"column":4},"end":{"line":90,"column":21}},"38":{"start":{"line":91,"column":4},"end":{"line":91,"column":43}},"39":{"start":{"line":92,"column":4},"end":{"line":92,"column":25}},"40":{"start":{"line":99,"column":19},"end":{"line":99,"column":55}},"41":{"start":{"line":100,"column":4},"end":{"line":100,"column":21}},"42":{"start":{"line":101,"column":4},"end":{"line":101,"column":18}},"43":{"start":{"line":105,"column":18},"end":{"line":105,"column":67}},"44":{"start":{"line":106,"column":4},"end":{"line":106,"column":21}},"45":{"start":{"line":107,"column":4},"end":{"line":107,"column":17}},"46":{"start":{"line":111,"column":4},"end":{"line":111,"column":27}},"47":{"start":{"line":112,"column":4},"end":{"line":112,"column":32}},"48":{"start":{"line":116,"column":4},"end":{"line":116,"column":27}},"49":{"start":{"line":117,"column":4},"end":{"line":117,"column":38}},"50":{"start":{"line":118,"column":4},"end":{"line":118,"column":16}},"51":{"start":{"line":122,"column":4},"end":{"line":122,"column":27}},"52":{"start":{"line":123,"column":4},"end":{"line":123,"column":39}},"53":{"start":{"line":124,"column":4},"end":{"line":124,"column":16}},"54":{"start":{"line":128,"column":4},"end":{"line":128,"column":27}},"55":{"start":{"line":129,"column":4},"end":{"line":129,"column":38}},"56":{"start":{"line":130,"column":4},"end":{"line":130,"column":16}},"57":{"start":{"line":134,"column":4},"end":{"line":134,"column":27}},"58":{"start":{"line":135,"column":4},"end":{"line":135,"column":50}},"59":{"start":{"line":136,"column":4},"end":{"line":136,"column":16}},"60":{"start":{"line":140,"column":4},"end":{"line":140,"column":27}},"61":{"start":{"line":141,"column":4},"end":{"line":141,"column":40}},"62":{"start":{"line":142,"column":4},"end":{"line":142,"column":16}},"63":{"start":{"line":146,"column":4},"end":{"line":146,"column":27}},"64":{"start":{"line":147,"column":12},"end":{"line":147,"column":18}},"65":{"start":{"line":148,"column":4},"end":{"line":148,"column":25}},"66":{"start":{"line":149,"column":4},"end":{"line":149,"column":32}},"67":{"start":{"line":150,"column":4},"end":{"line":150,"column":33}},"68":{"start":{"line":151,"column":4},"end":{"line":151,"column":15}},"69":{"start":{"line":155,"column":4},"end":{"line":155,"column":27}},"70":{"start":{"line":156,"column":12},"end":{"line":156,"column":18}},"71":{"start":{"line":157,"column":4},"end":{"line":157,"column":25}},"72":{"start":{"line":158,"column":4},"end":{"line":158,"column":32}},"73":{"start":{"line":159,"column":4},"end":{"line":159,"column":19}},"74":{"start":{"line":163,"column":4},"end":{"line":163,"column":27}},"75":{"start":{"line":164,"column":12},"end":{"line":164,"column":18}},"76":{"start":{"line":165,"column":4},"end":{"line":165,"column":25}},"77":{"start":{"line":166,"column":4},"end":{"line":166,"column":43}},"78":{"start":{"line":167,"column":4},"end":{"line":167,"column":19}},"79":{"start":{"line":171,"column":4},"end":{"line":171,"column":27}},"80":{"start":{"line":172,"column":12},"end":{"line":172,"column":18}},"81":{"start":{"line":173,"column":4},"end":{"line":173,"column":25}},"82":{"start":{"line":174,"column":4},"end":{"line":174,"column":33}},"83":{"start":{"line":175,"column":4},"end":{"line":175,"column":19}},"84":{"start":{"line":179,"column":4},"end":{"line":179,"column":27}},"85":{"start":{"line":180,"column":12},"end":{"line":180,"column":18}},"86":{"start":{"line":181,"column":4},"end":{"line":181,"column":25}},"87":{"start":{"line":182,"column":4},"end":{"line":182,"column":33}},"88":{"start":{"line":183,"column":4},"end":{"line":183,"column":19}},"89":{"start":{"line":187,"column":4},"end":{"line":187,"column":32}},"90":{"start":{"line":188,"column":14},"end":{"line":188,"column":20}},"91":{"start":{"line":189,"column":4},"end":{"line":189,"column":27}},"92":{"start":{"line":190,"column":4},"end":{"line":190,"column":24}},"93":{"start":{"line":201,"column":22},"end":{"line":201,"column":36}},"94":{"start":{"line":202,"column":4},"end":{"line":202,"column":53}},"95":{"start":{"line":202,"column":25},"end":{"line":202,"column":53}},"96":{"start":{"line":203,"column":4},"end":{"line":218,"column":5}},"97":{"start":{"line":204,"column":26},"end":{"line":204,"column":76}},"98":{"start":{"line":205,"column":6},"end":{"line":205,"column":28}},"99":{"start":{"line":206,"column":6},"end":{"line":206,"column":25}},"100":{"start":{"line":207,"column":11},"end":{"line":218,"column":5}},"101":{"start":{"line":208,"column":20},"end":{"line":208,"column":30}},"102":{"start":{"line":209,"column":21},"end":{"line":209,"column":46}},"103":{"start":{"line":210,"column":18},"end":{"line":210,"column":73}},"104":{"start":{"line":211,"column":26},"end":{"line":211,"column":62}},"105":{"start":{"line":212,"column":6},"end":{"line":212,"column":28}},"106":{"start":{"line":213,"column":6},"end":{"line":213,"column":25}},"107":{"start":{"line":214,"column":11},"end":{"line":218,"column":5}},"108":{"start":{"line":215,"column":26},"end":{"line":215,"column":112}},"109":{"start":{"line":216,"column":6},"end":{"line":216,"column":28}},"110":{"start":{"line":217,"column":6},"end":{"line":217,"column":25}},"111":{"start":{"line":219,"column":4},"end":{"line":219,"column":32}},"112":{"start":{"line":223,"column":19},"end":{"line":223,"column":29}},"113":{"start":{"line":224,"column":18},"end":{"line":224,"column":28}},"114":{"start":{"line":225,"column":17},"end":{"line":225,"column":23}},"115":{"start":{"line":226,"column":14},"end":{"line":226,"column":15}},"116":{"start":{"line":227,"column":4},"end":{"line":254,"column":5}},"117":{"start":{"line":228,"column":18},"end":{"line":228,"column":39}},"118":{"start":{"line":229,"column":6},"end":{"line":252,"column":7}},"119":{"start":{"line":230,"column":8},"end":{"line":230,"column":32}},"120":{"start":{"line":231,"column":8},"end":{"line":231,"column":17}},"121":{"start":{"line":232,"column":13},"end":{"line":252,"column":7}},"122":{"start":{"line":233,"column":8},"end":{"line":233,"column":55}},"123":{"start":{"line":235,"column":8},"end":{"line":243,"column":9}},"124":{"start":{"line":236,"column":10},"end":{"line":242,"column":11}},"125":{"start":{"line":237,"column":26},"end":{"line":237,"column":45}},"126":{"start":{"line":238,"column":12},"end":{"line":241,"column":13}},"127":{"start":{"line":239,"column":14},"end":{"line":239,"column":20}},"128":{"start":{"line":240,"column":14},"end":{"line":240,"column":74}},"129":{"start":{"line":244,"column":8},"end":{"line":251,"column":9}},"130":{"start":{"line":245,"column":10},"end":{"line":245,"column":58}},"131":{"start":{"line":246,"column":10},"end":{"line":246,"column":57}},"132":{"start":{"line":248,"column":10},"end":{"line":248,"column":58}},"133":{"start":{"line":249,"column":10},"end":{"line":249,"column":58}},"134":{"start":{"line":250,"column":10},"end":{"line":250,"column":57}},"135":{"start":{"line":253,"column":6},"end":{"line":253,"column":46}},"136":{"start":{"line":255,"column":24},"end":{"line":255,"column":39}},"137":{"start":{"line":256,"column":4},"end":{"line":256,"column":20}},"138":{"start":{"line":257,"column":4},"end":{"line":257,"column":23}},"139":{"start":{"line":261,"column":19},"end":{"line":261,"column":29}},"140":{"start":{"line":262,"column":4},"end":{"line":262,"column":32}},"141":{"start":{"line":263,"column":18},"end":{"line":263,"column":28}},"142":{"start":{"line":264,"column":12},"end":{"line":264,"column":18}},"143":{"start":{"line":265,"column":14},"end":{"line":265,"column":15}},"144":{"start":{"line":266,"column":4},"end":{"line":266,"column":60}},"145":{"start":{"line":266,"column":25},"end":{"line":266,"column":60}},"146":{"start":{"line":267,"column":4},"end":{"line":267,"column":15}},"147":{"start":{"line":19,"column":0},"end":{"line":19,"column":13}}},"fnMap":{"0":{"name":"(anonymous_0)","decl":{"start":{"line":33,"column":2},"end":{"line":33,"column":21}},"loc":{"start":{"line":33,"column":50},"end":{"line":37,"column":3}}},"1":{"name":"(anonymous_1)","decl":{"start":{"line":40,"column":12},"end":{"line":40,"column":16}},"loc":{"start":{"line":40,"column":29},"end":{"line":53,"column":3}}},"2":{"name":"(anonymous_2)","decl":{"start":{"line":61,"column":9},"end":{"line":61,"column":23}},"loc":{"start":{"line":61,"column":40},"end":{"line":70,"column":3}}},"3":{"name":"(anonymous_3)","decl":{"start":{"line":73,"column":9},"end":{"line":73,"column":13}},"loc":{"start":{"line":73,"column":30},"end":{"line":76,"column":3}}},"4":{"name":"(anonymous_4)","decl":{"start":{"line":78,"column":9},"end":{"line":78,"column":14}},"loc":{"start":{"line":78,"column":14},"end":{"line":80,"column":3}}},"5":{"name":"(anonymous_5)","decl":{"start":{"line":88,"column":9},"end":{"line":88,"column":18}},"loc":{"start":{"line":88,"column":31},"end":{"line":93,"column":3}}},"6":{"name":"(anonymous_6)","decl":{"start":{"line":98,"column":9},"end":{"line":98,"column":14}},"loc":{"start":{"line":98,"column":14},"end":{"line":102,"column":3}}},"7":{"name":"(anonymous_7)","decl":{"start":{"line":104,"column":9},"end":{"line":104,"column":19}},"loc":{"start":{"line":104,"column":19},"end":{"line":108,"column":3}}},"8":{"name":"(anonymous_8)","decl":{"start":{"line":110,"column":9},"end":{"line":110,"column":11}},"loc":{"start":{"line":110,"column":24},"end":{"line":113,"column":3}}},"9":{"name":"(anonymous_9)","decl":{"start":{"line":115,"column":9},"end":{"line":115,"column":12}},"loc":{"start":{"line":115,"column":25},"end":{"line":119,"column":3}}},"10":{"name":"(anonymous_10)","decl":{"start":{"line":121,"column":9},"end":{"line":121,"column":12}},"loc":{"start":{"line":121,"column":26},"end":{"line":125,"column":3}}},"11":{"name":"(anonymous_11)","decl":{"start":{"line":127,"column":9},"end":{"line":127,"column":12}},"loc":{"start":{"line":127,"column":26},"end":{"line":131,"column":3}}},"12":{"name":"(anonymous_12)","decl":{"start":{"line":133,"column":9},"end":{"line":133,"column":12}},"loc":{"start":{"line":133,"column":35},"end":{"line":137,"column":3}}},"13":{"name":"(anonymous_13)","decl":{"start":{"line":139,"column":9},"end":{"line":139,"column":12}},"loc":{"start":{"line":139,"column":26},"end":{"line":143,"column":3}}},"14":{"name":"(anonymous_14)","decl":{"start":{"line":145,"column":9},"end":{"line":145,"column":14}},"loc":{"start":{"line":145,"column":38},"end":{"line":152,"column":3}}},"15":{"name":"(anonymous_15)","decl":{"start":{"line":154,"column":9},"end":{"line":154,"column":14}},"loc":{"start":{"line":154,"column":38},"end":{"line":160,"column":3}}},"16":{"name":"(anonymous_16)","decl":{"start":{"line":162,"column":9},"end":{"line":162,"column":14}},"loc":{"start":{"line":162,"column":47},"end":{"line":168,"column":3}}},"17":{"name":"(anonymous_17)","decl":{"start":{"line":170,"column":9},"end":{"line":170,"column":14}},"loc":{"start":{"line":170,"column":38},"end":{"line":176,"column":3}}},"18":{"name":"(anonymous_18)","decl":{"start":{"line":178,"column":9},"end":{"line":178,"column":14}},"loc":{"start":{"line":178,"column":38},"end":{"line":184,"column":3}}},"19":{"name":"(anonymous_19)","decl":{"start":{"line":186,"column":9},"end":{"line":186,"column":12}},"loc":{"start":{"line":186,"column":44},"end":{"line":191,"column":3}}},"20":{"name":"(anonymous_20)","decl":{"start":{"line":200,"column":9},"end":{"line":200,"column":13}},"loc":{"start":{"line":200,"column":25},"end":{"line":220,"column":3}}},"21":{"name":"(anonymous_21)","decl":{"start":{"line":222,"column":9},"end":{"line":222,"column":19}},"loc":{"start":{"line":222,"column":31},"end":{"line":258,"column":3}}},"22":{"name":"(anonymous_22)","decl":{"start":{"line":260,"column":9},"end":{"line":260,"column":14}},"loc":{"start":{"line":260,"column":26},"end":{"line":268,"column":3}}}},"branchMap":{"0":{"loc":{"start":{"line":8,"column":18},"end":{"line":10,"column":8}},"type":"cond-expr","locations":[{"start":{"line":9,"column":5},"end":{"line":9,"column":109}},{"start":{"line":10,"column":4},"end":{"line":10,"column":8}}]},"1":{"loc":{"start":{"line":11,"column":13},"end":{"line":11,"column":43}},"type":"cond-expr","locations":[{"start":{"line":11,"column":25},"end":{"line":11,"column":36}},{"start":{"line":11,"column":39},"end":{"line":11,"column":43}}]},"2":{"loc":{"start":{"line":12,"column":20},"end":{"line":12,"column":81}},"type":"cond-expr","locations":[{"start":{"line":12,"column":57},"end":{"line":12,"column":74}},{"start":{"line":12,"column":77},"end":{"line":12,"column":81}}]},"3":{"loc":{"start":{"line":33,"column":21},"end":{"line":33,"column":50}},"type":"default-arg","locations":[{"start":{"line":33,"column":41},"end":{"line":33,"column":50}}]},"4":{"loc":{"start":{"line":64,"column":4},"end":{"line":69,"column":5}},"type":"if","locations":[{"start":{"line":64,"column":4},"end":{"line":69,"column":5}}]},"5":{"loc":{"start":{"line":68,"column":16},"end":{"line":68,"column":84}},"type":"cond-expr","locations":[{"start":{"line":68,"column":50},"end":{"line":68,"column":64}},{"start":{"line":68,"column":67},"end":{"line":68,"column":84}}]},"6":{"loc":{"start":{"line":202,"column":4},"end":{"line":202,"column":53}},"type":"if","locations":[{"start":{"line":202,"column":4},"end":{"line":202,"column":53}}]},"7":{"loc":{"start":{"line":203,"column":4},"end":{"line":218,"column":5}},"type":"if","locations":[{"start":{"line":203,"column":4},"end":{"line":218,"column":5}},{"start":{"line":207,"column":11},"end":{"line":218,"column":5}}]},"8":{"loc":{"start":{"line":207,"column":11},"end":{"line":218,"column":5}},"type":"if","locations":[{"start":{"line":207,"column":11},"end":{"line":218,"column":5}},{"start":{"line":214,"column":11},"end":{"line":218,"column":5}}]},"9":{"loc":{"start":{"line":214,"column":11},"end":{"line":218,"column":5}},"type":"if","locations":[{"start":{"line":214,"column":11},"end":{"line":218,"column":5}}]},"10":{"loc":{"start":{"line":214,"column":15},"end":{"line":214,"column":46}},"type":"binary-expr","locations":[{"start":{"line":214,"column":15},"end":{"line":214,"column":31}},{"start":{"line":214,"column":35},"end":{"line":214,"column":46}}]},"11":{"loc":{"start":{"line":229,"column":6},"end":{"line":252,"column":7}},"type":"if","locations":[{"start":{"line":229,"column":6},"end":{"line":252,"column":7}},{"start":{"line":232,"column":13},"end":{"line":252,"column":7}}]},"12":{"loc":{"start":{"line":232,"column":13},"end":{"line":252,"column":7}},"type":"if","locations":[{"start":{"line":232,"column":13},"end":{"line":252,"column":7}},{"start":{"line":234,"column":13},"end":{"line":252,"column":7}}]},"13":{"loc":{"start":{"line":235,"column":8},"end":{"line":243,"column":9}},"type":"if","locations":[{"start":{"line":235,"column":8},"end":{"line":243,"column":9}}]},"14":{"loc":{"start":{"line":235,"column":12},"end":{"line":235,"column":46}},"type":"binary-expr","locations":[{"start":{"line":235,"column":12},"end":{"line":235,"column":27}},{"start":{"line":235,"column":31},"end":{"line":235,"column":46}}]},"15":{"loc":{"start":{"line":236,"column":10},"end":{"line":242,"column":11}},"type":"if","locations":[{"start":{"line":236,"column":10},"end":{"line":242,"column":11}}]},"16":{"loc":{"start":{"line":238,"column":12},"end":{"line":241,"column":13}},"type":"if","locations":[{"start":{"line":238,"column":12},"end":{"line":241,"column":13}}]},"17":{"loc":{"start":{"line":244,"column":8},"end":{"line":251,"column":9}},"type":"if","locations":[{"start":{"line":244,"column":8},"end":{"line":251,"column":9}},{"start":{"line":247,"column":15},"end":{"line":251,"column":9}}]}},"s":{"0":2,"1":2,"2":2,"3":2,"4":2,"5":2,"6":2,"7":8,"8":8,"9":8,"10":8,"11":8,"12":8,"13":8,"14":4,"15":4,"16":4,"17":4,"18":4,"19":4,"20":4,"21":4,"22":4,"23":4,"24":4,"25":4,"26":11,"27":11,"28":11,"29":4,"30":4,"31":4,"32":4,"33":0,"34":0,"35":0,"36":0,"37":0,"38":0,"39":0,"40":0,"41":0,"42":0,"43":0,"44":0,"45":0,"46":0,"47":0,"48":0,"49":0,"50":0,"51":0,"52":0,"53":0,"54":0,"55":0,"56":0,"57":0,"58":0,"59":0,"60":0,"61":0,"62":0,"63":0,"64":0,"65":0,"66":0,"67":0,"68":0,"69":0,"70":0,"71":0,"72":0,"73":0,"74":0,"75":0,"76":0,"77":0,"78":0,"79":0,"80":0,"81":0,"82":0,"83":0,"84":0,"85":0,"86":0,"87":0,"88":0,"89":11,"90":11,"91":11,"92":11,"93":0,"94":0,"95":0,"96":0,"97":0,"98":0,"99":0,"100":0,"101":0,"102":0,"103":0,"104":0,"105":0,"106":0,"107":0,"108":0,"109":0,"110":0,"111":0,"112":0,"113":0,"114":0,"115":0,"116":0,"117":0,"118":0,"119":0,"120":0,"121":0,"122":0,"123":0,"124":0,"125":0,"126":0,"127":0,"128":0,"129":0,"130":0,"131":0,"132":0,"133":0,"134":0,"135":0,"136":0,"137":0,"138":0,"139":0,"140":0,"141":0,"142":0,"143":0,"144":0,"145":0,"146":0,"147":2},"f":{"0":8,"1":4,"2":11,"3":0,"4":0,"5":0,"6":0,"7":0,"8":0,"9":0,"10":0,"11":0,"12":0,"13":0,"14":0,"15":0,"16":0,"17":0,"18":0,"19":11,"20":0,"21":0,"22":0},"b":{"0":[2,0],"1":[2,0],"2":[2,0],"3":[0],"4":[4],"5":[0,4],"6":[0],"7":[0,0],"8":[0,0],"9":[0],"10":[0,0],"11":[0,0],"12":[0,0],"13":[0],"14":[0,0],"15":[0],"16":[0],"17":[0,0]}}
,"/home/runner/work/buffers/buffers/src/isFloat32.ts": {"path":"/home/runner/work/buffers/buffers/src/isFloat32.ts","statementMap":{"0":{"start":{"line":1,"column":13},"end":{"line":1,"column":45}},"1":{"start":{"line":3,"column":25},"end":{"line":6,"column":1}},"2":{"start":{"line":4,"column":2},"end":{"line":4,"column":24}},"3":{"start":{"line":5,"column":2},"end":{"line":5,"column":34}},"4":{"start":{"line":3,"column":13},"end":{"line":3,"column":25}}},"fnMap":{"0":{"name":"(anonymous_0)","decl":{"start":{"line":3,"column":25},"end":{"line":3,"column":26}},"loc":{"start":{"line":3,"column":48},"end":{"line":6,"column":1}}}},"branchMap":{},"s":{"0":1,"1":1,"2":2,"3":2,"4":1},"f":{"0":2},"b":{}}
,"/home/runner/work/buffers/buffers/src/utf8/decodeAscii.ts": {"path":"/home/runner/work/buffers/buffers/src/utf8/decodeAscii.ts","statementMap":{"0":{"start":{"line":1,"column":21},"end":{"line":1,"column":40}},"1":{"start":{"line":27,"column":27},"end":{"line":35,"column":1}},"2":{"start":{"line":28,"column":16},"end":{"line":28,"column":18}},"3":{"start":{"line":29,"column":2},"end":{"line":33,"column":3}},"4":{"start":{"line":29,"column":15},"end":{"line":29,"column":16}},"5":{"start":{"line":30,"column":17},"end":{"line":30,"column":32}},"6":{"start":{"line":31,"column":4},"end":{"line":31,"column":28}},"7":{"start":{"line":31,"column":21},"end":{"line":31,"column":28}},"8":{"start":{"line":32,"column":4},"end":{"line":32,"column":21}},"9":{"start":{"line":34,"column":2},"end":{"line":34,"column":43}},"10":{"start":{"line":27,"column":13},"end":{"line":27,"column":27}},"11":{"start":{"line":37,"column":32},"end":{"line":167,"column":1}},"12":{"start":{"line":38,"column":2},"end":{"line":166,"column":3}},"13":{"start":{"line":39,"column":4},"end":{"line":63,"column":5}},"14":{"start":{"line":40,"column":6},"end":{"line":48,"column":7}},"15":{"start":{"line":40,"column":24},"end":{"line":40,"column":34}},"16":{"start":{"line":42,"column":18},"end":{"line":42,"column":33}},"17":{"start":{"line":43,"column":8},"end":{"line":46,"column":9}},"18":{"start":{"line":44,"column":10},"end":{"line":44,"column":24}},"19":{"start":{"line":45,"column":10},"end":{"line":45,"column":17}},"20":{"start":{"line":47,"column":8},"end":{"line":47,"column":31}},"21":{"start":{"line":50,"column":16},"end":{"line":50,"column":31}},"22":{"start":{"line":51,"column":16},"end":{"line":51,"column":31}},"23":{"start":{"line":52,"column":6},"end":{"line":55,"column":7}},"24":{"start":{"line":53,"column":8},"end":{"line":53,"column":22}},"25":{"start":{"line":54,"column":8},"end":{"line":54,"column":15}},"26":{"start":{"line":56,"column":6},"end":{"line":56,"column":48}},"27":{"start":{"line":56,"column":22},"end":{"line":56,"column":48}},"28":{"start":{"line":57,"column":16},"end":{"line":57,"column":31}},"29":{"start":{"line":58,"column":6},"end":{"line":61,"column":7}},"30":{"start":{"line":59,"column":8},"end":{"line":59,"column":22}},"31":{"start":{"line":60,"column":8},"end":{"line":60,"column":15}},"32":{"start":{"line":62,"column":6},"end":{"line":62,"column":35}},"33":{"start":{"line":65,"column":14},"end":{"line":65,"column":29}},"34":{"start":{"line":66,"column":14},"end":{"line":66,"column":29}},"35":{"start":{"line":67,"column":14},"end":{"line":67,"column":29}},"36":{"start":{"line":68,"column":14},"end":{"line":68,"column":29}},"37":{"start":{"line":69,"column":4},"end":{"line":72,"column":5}},"38":{"start":{"line":70,"column":6},"end":{"line":70,"column":20}},"39":{"start":{"line":71,"column":6},"end":{"line":71,"column":13}},"40":{"start":{"line":73,"column":4},"end":{"line":165,"column":5}},"41":{"start":{"line":74,"column":6},"end":{"line":82,"column":7}},"42":{"start":{"line":74,"column":24},"end":{"line":74,"column":56}},"43":{"start":{"line":76,"column":18},"end":{"line":76,"column":33}},"44":{"start":{"line":77,"column":8},"end":{"line":80,"column":9}},"45":{"start":{"line":78,"column":10},"end":{"line":78,"column":24}},"46":{"start":{"line":79,"column":10},"end":{"line":79,"column":17}},"47":{"start":{"line":81,"column":8},"end":{"line":81,"column":43}},"48":{"start":{"line":83,"column":11},"end":{"line":165,"column":5}},"49":{"start":{"line":84,"column":16},"end":{"line":84,"column":31}},"50":{"start":{"line":85,"column":16},"end":{"line":85,"column":31}},"51":{"start":{"line":86,"column":6},"end":{"line":89,"column":7}},"52":{"start":{"line":87,"column":8},"end":{"line":87,"column":22}},"53":{"start":{"line":88,"column":8},"end":{"line":88,"column":15}},"54":{"start":{"line":90,"column":6},"end":{"line":90,"column":60}},"55":{"start":{"line":90,"column":22},"end":{"line":90,"column":60}},"56":{"start":{"line":91,"column":16},"end":{"line":91,"column":31}},"57":{"start":{"line":92,"column":6},"end":{"line":95,"column":7}},"58":{"start":{"line":93,"column":8},"end":{"line":93,"column":22}},"59":{"start":{"line":94,"column":8},"end":{"line":94,"column":15}},"60":{"start":{"line":96,"column":6},"end":{"line":96,"column":47}},"61":{"start":{"line":98,"column":16},"end":{"line":98,"column":31}},"62":{"start":{"line":99,"column":16},"end":{"line":99,"column":31}},"63":{"start":{"line":100,"column":16},"end":{"line":100,"column":31}},"64":{"start":{"line":101,"column":16},"end":{"line":101,"column":31}},"65":{"start":{"line":102,"column":6},"end":{"line":105,"column":7}},"66":{"start":{"line":103,"column":8},"end":{"line":103,"column":22}},"67":{"start":{"line":104,"column":8},"end":{"line":104,"column":15}},"68":{"start":{"line":106,"column":6},"end":{"line":164,"column":7}},"69":{"start":{"line":107,"column":8},"end":{"line":115,"column":9}},"70":{"start":{"line":107,"column":26},"end":{"line":107,"column":70}},"71":{"start":{"line":109,"column":20},"end":{"line":109,"column":35}},"72":{"start":{"line":110,"column":10},"end":{"line":113,"column":11}},"73":{"start":{"line":111,"column":12},"end":{"line":111,"column":26}},"74":{"start":{"line":112,"column":12},"end":{"line":112,"column":19}},"75":{"start":{"line":114,"column":10},"end":{"line":114,"column":57}},"76":{"start":{"line":116,"column":13},"end":{"line":164,"column":7}},"77":{"start":{"line":117,"column":18},"end":{"line":117,"column":33}},"78":{"start":{"line":118,"column":18},"end":{"line":118,"column":33}},"79":{"start":{"line":119,"column":8},"end":{"line":122,"column":9}},"80":{"start":{"line":120,"column":10},"end":{"line":120,"column":25}},"81":{"start":{"line":121,"column":10},"end":{"line":121,"column":17}},"82":{"start":{"line":123,"column":8},"end":{"line":123,"column":75}},"83":{"start":{"line":123,"column":25},"end":{"line":123,"column":75}},"84":{"start":{"line":124,"column":18},"end":{"line":124,"column":33}},"85":{"start":{"line":125,"column":8},"end":{"line":128,"column":9}},"86":{"start":{"line":126,"column":10},"end":{"line":126,"column":25}},"87":{"start":{"line":127,"column":10},"end":{"line":127,"column":17}},"88":{"start":{"line":129,"column":8},"end":{"line":129,"column":61}},"89":{"start":{"line":131,"column":18},"end":{"line":131,"column":33}},"90":{"start":{"line":132,"column":18},"end":{"line":132,"column":33}},"91":{"start":{"line":133,"column":18},"end":{"line":133,"column":33}},"92":{"start":{"line":134,"column":18},"end":{"line":134,"column":33}},"93":{"start":{"line":135,"column":8},"end":{"line":138,"column":9}},"94":{"start":{"line":136,"column":10},"end":{"line":136,"column":25}},"95":{"start":{"line":137,"column":10},"end":{"line":137,"column":17}},"96":{"start":{"line":139,"column":8},"end":{"line":163,"column":9}},"97":{"start":{"line":140,"column":10},"end":{"line":148,"column":11}},"98":{"start":{"line":140,"column":29},"end":{"line":140,"column":85}},"99":{"start":{"line":142,"column":22},"end":{"line":142,"column":37}},"100":{"start":{"line":143,"column":12},"end":{"line":146,"column":13}},"101":{"start":{"line":144,"column":14},"end":{"line":144,"column":29}},"102":{"start":{"line":145,"column":14},"end":{"line":145,"column":21}},"103":{"start":{"line":147,"column":12},"end":{"line":147,"column":71}},"104":{"start":{"line":150,"column":20},"end":{"line":150,"column":35}},"105":{"start":{"line":151,"column":20},"end":{"line":151,"column":35}},"106":{"start":{"line":152,"column":10},"end":{"line":155,"column":11}},"107":{"start":{"line":153,"column":12},"end":{"line":153,"column":27}},"108":{"start":{"line":154,"column":12},"end":{"line":154,"column":19}},"109":{"start":{"line":156,"column":10},"end":{"line":156,"column":89}},"110":{"start":{"line":156,"column":27},"end":{"line":156,"column":89}},"111":{"start":{"line":157,"column":20},"end":{"line":157,"column":35}},"112":{"start":{"line":158,"column":10},"end":{"line":161,"column":11}},"113":{"start":{"line":159,"column":12},"end":{"line":159,"column":27}},"114":{"start":{"line":160,"column":12},"end":{"line":160,"column":19}},"115":{"start":{"line":162,"column":10},"end":{"line":162,"column":75}},"116":{"start":{"line":37,"column":13},"end":{"line":37,"column":32}}},"fnMap":{"0":{"name":"(anonymous_0)","decl":{"start":{"line":27,"column":27},"end":{"line":27,"column":28}},"loc":{"start":{"line":27,"column":101},"end":{"line":35,"column":1}}},"1":{"name":"(anonymous_1)","decl":{"start":{"line":37,"column":32},"end":{"line":37,"column":33}},"loc":{"start":{"line":37,"column":106},"end":{"line":167,"column":1}}}},"branchMap":{"0":{"loc":{"start":{"line":31,"column":4},"end":{"line":31,"column":28}},"type":"if","locations":[{"start":{"line":31,"column":4},"end":{"line":31,"column":28}}]},"1":{"loc":{"start":{"line":38,"column":2},"end":{"line":166,"column":3}},"type":"if","locations":[{"start":{"line":38,"column":2},"end":{"line":166,"column":3}},{"start":{"line":64,"column":9},"end":{"line":166,"column":3}}]},"2":{"loc":{"start":{"line":39,"column":4},"end":{"line":63,"column":5}},"type":"if","locations":[{"start":{"line":39,"column":4},"end":{"line":63,"column":5}},{"start":{"line":49,"column":11},"end":{"line":63,"column":5}}]},"3":{"loc":{"start":{"line":40,"column":6},"end":{"line":48,"column":7}},"type":"if","locations":[{"start":{"line":40,"column":6},"end":{"line":48,"column":7}},{"start":{"line":41,"column":11},"end":{"line":48,"column":7}}]},"4":{"loc":{"start":{"line":43,"column":8},"end":{"line":46,"column":9}},"type":"if","locations":[{"start":{"line":43,"column":8},"end":{"line":46,"column":9}}]},"5":{"loc":{"start":{"line":52,"column":6},"end":{"line":55,"column":7}},"type":"if","locations":[{"start":{"line":52,"column":6},"end":{"line":55,"column":7}}]},"6":{"loc":{"start":{"line":52,"column":10},"end":{"line":52,"column":42}},"type":"binary-expr","locations":[{"start":{"line":52,"column":10},"end":{"line":52,"column":24}},{"start":{"line":52,"column":28},"end":{"line":52,"column":42}}]},"7":{"loc":{"start":{"line":56,"column":6},"end":{"line":56,"column":48}},"type":"if","locations":[{"start":{"line":56,"column":6},"end":{"line":56,"column":48}}]},"8":{"loc":{"start":{"line":58,"column":6},"end":{"line":61,"column":7}},"type":"if","locations":[{"start":{"line":58,"column":6},"end":{"line":61,"column":7}}]},"9":{"loc":{"start":{"line":69,"column":4},"end":{"line":72,"column":5}},"type":"if","locations":[{"start":{"line":69,"column":4},"end":{"line":72,"column":5}}]},"10":{"loc":{"start":{"line":69,"column":8},"end":{"line":69,"column":76}},"type":"binary-expr","locations":[{"start":{"line":69,"column":8},"end":{"line":69,"column":22}},{"start":{"line":69,"column":26},"end":{"line":69,"column":40}},{"start":{"line":69,"column":44},"end":{"line":69,"column":58}},{"start":{"line":69,"column":62},"end":{"line":69,"column":76}}]},"11":{"loc":{"start":{"line":73,"column":4},"end":{"line":165,"column":5}},"type":"if","locations":[{"start":{"line":73,"column":4},"end":{"line":165,"column":5}},{"start":{"line":83,"column":11},"end":{"line":165,"column":5}}]},"12":{"loc":{"start":{"line":74,"column":6},"end":{"line":82,"column":7}},"type":"if","locations":[{"start":{"line":74,"column":6},"end":{"line":82,"column":7}},{"start":{"line":75,"column":11},"end":{"line":82,"column":7}}]},"13":{"loc":{"start":{"line":77,"column":8},"end":{"line":80,"column":9}},"type":"if","locations":[{"start":{"line":77,"column":8},"end":{"line":80,"column":9}}]},"14":{"loc":{"start":{"line":83,"column":11},"end":{"line":165,"column":5}},"type":"if","locations":[{"start":{"line":83,"column":11},"end":{"line":165,"column":5}},{"start":{"line":97,"column":11},"end":{"line":165,"column":5}}]},"15":{"loc":{"start":{"line":86,"column":6},"end":{"line":89,"column":7}},"type":"if","locations":[{"start":{"line":86,"column":6},"end":{"line":89,"column":7}}]},"16":{"loc":{"start":{"line":86,"column":10},"end":{"line":86,"column":42}},"type":"binary-expr","locations":[{"start":{"line":86,"column":10},"end":{"line":86,"column":24}},{"start":{"line":86,"column":28},"end":{"line":86,"column":42}}]},"17":{"loc":{"start":{"line":90,"column":6},"end":{"line":90,"column":60}},"type":"if","locations":[{"start":{"line":90,"column":6},"end":{"line":90,"column":60}}]},"18":{"loc":{"start":{"line":92,"column":6},"end":{"line":95,"column":7}},"type":"if","locations":[{"start":{"line":92,"column":6},"end":{"line":95,"column":7}}]},"19":{"loc":{"start":{"line":102,"column":6},"end":{"line":105,"column":7}},"type":"if","locations":[{"start":{"line":102,"column":6},"end":{"line":105,"column":7}}]},"20":{"loc":{"start":{"line":102,"column":10},"end":{"line":102,"column":78}},"type":"binary-expr","locations":[{"start":{"line":102,"column":10},"end":{"line":102,"column":24}},{"start":{"line":102,"column":28},"end":{"line":102,"column":42}},{"start":{"line":102,"column":46},"end":{"line":102,"column":60}},{"start":{"line":102,"column":64},"end":{"line":102,"column":78}}]},"21":{"loc":{"start":{"line":106,"column":6},"end":{"line":164,"column":7}},"type":"if","locations":[{"start":{"line":106,"column":6},"end":{"line":164,"column":7}},{"start":{"line":116,"column":13},"end":{"line":164,"column":7}}]},"22":{"loc":{"start":{"line":107,"column":8},"end":{"line":115,"column":9}},"type":"if","locations":[{"start":{"line":107,"column":8},"end":{"line":115,"column":9}},{"start":{"line":108,"column":13},"end":{"line":115,"column":9}}]},"23":{"loc":{"start":{"line":110,"column":10},"end":{"line":113,"column":11}},"type":"if","locations":[{"start":{"line":110,"column":10},"end":{"line":113,"column":11}}]},"24":{"loc":{"start":{"line":116,"column":13},"end":{"line":164,"column":7}},"type":"if","locations":[{"start":{"line":116,"column":13},"end":{"line":164,"column":7}},{"start":{"line":130,"column":13},"end":{"line":164,"column":7}}]},"25":{"loc":{"start":{"line":119,"column":8},"end":{"line":122,"column":9}},"type":"if","locations":[{"start":{"line":119,"column":8},"end":{"line":122,"column":9}}]},"26":{"loc":{"start":{"line":119,"column":12},"end":{"line":119,"column":44}},"type":"binary-expr","locations":[{"start":{"line":119,"column":12},"end":{"line":119,"column":26}},{"start":{"line":119,"column":30},"end":{"line":119,"column":44}}]},"27":{"loc":{"start":{"line":123,"column":8},"end":{"line":123,"column":75}},"type":"if","locations":[{"start":{"line":123,"column":8},"end":{"line":123,"column":75}}]},"28":{"loc":{"start":{"line":125,"column":8},"end":{"line":128,"column":9}},"type":"if","locations":[{"start":{"line":125,"column":8},"end":{"line":128,"column":9}}]},"29":{"loc":{"start":{"line":135,"column":8},"end":{"line":138,"column":9}},"type":"if","locations":[{"start":{"line":135,"column":8},"end":{"line":138,"column":9}}]},"30":{"loc":{"start":{"line":135,"column":12},"end":{"line":135,"column":80}},"type":"binary-expr","locations":[{"start":{"line":135,"column":12},"end":{"line":135,"column":26}},{"start":{"line":135,"column":30},"end":{"line":135,"column":44}},{"start":{"line":135,"column":48},"end":{"line":135,"column":62}},{"start":{"line":135,"column":66},"end":{"line":135,"column":80}}]},"31":{"loc":{"start":{"line":139,"column":8},"end":{"line":163,"column":9}},"type":"if","locations":[{"start":{"line":139,"column":8},"end":{"line":163,"column":9}},{"start":{"line":149,"column":15},"end":{"line":163,"column":9}}]},"32":{"loc":{"start":{"line":140,"column":10},"end":{"line":148,"column":11}},"type":"if","locations":[{"start":{"line":140,"column":10},"end":{"line":148,"column":11}},{"start":{"line":141,"column":15},"end":{"line":148,"column":11}}]},"33":{"loc":{"start":{"line":143,"column":12},"end":{"line":146,"column":13}},"type":"if","locations":[{"start":{"line":143,"column":12},"end":{"line":146,"column":13}}]},"34":{"loc":{"start":{"line":152,"column":10},"end":{"line":155,"column":11}},"type":"if","locations":[{"start":{"line":152,"column":10},"end":{"line":155,"column":11}}]},"35":{"loc":{"start":{"line":152,"column":14},"end":{"line":152,"column":46}},"type":"binary-expr","locations":[{"start":{"line":152,"column":14},"end":{"line":152,"column":28}},{"start":{"line":152,"column":32},"end":{"line":152,"column":46}}]},"36":{"loc":{"start":{"line":156,"column":10},"end":{"line":156,"column":89}},"type":"if","locations":[{"start":{"line":156,"column":10},"end":{"line":156,"column":89}}]},"37":{"loc":{"start":{"line":158,"column":10},"end":{"line":161,"column":11}},"type":"if","locations":[{"start":{"line":158,"column":10},"end":{"line":161,"column":11}}]}},"s":{"0":3,"1":3,"2":0,"3":0,"4":0,"5":0,"6":0,"7":0,"8":0,"9":0,"10":3,"11":3,"12":3,"13":1,"14":0,"15":0,"16":0,"17":0,"18":0,"19":0,"20":0,"21":1,"22":1,"23":1,"24":0,"25":0,"26":1,"27":1,"28":0,"29":0,"30":0,"31":0,"32":0,"33":2,"34":2,"35":2,"36":2,"37":2,"38":2,"39":2,"40":0,"41":0,"42":0,"43":0,"44":0,"45":0,"46":0,"47":0,"48":0,"49":0,"50":0,"51":0,"52":0,"53":0,"54":0,"55":0,"56":0,"57":0,"58":0,"59":0,"60":0,"61":0,"62":0,"63":0,"64":0,"65":0,"66":0,"67":0,"68":0,"69":0,"70":0,"71":0,"72":0,"73":0,"74":0,"75":0,"76":0,"77":0,"78":0,"79":0,"80":0,"81":0,"82":0,"83":0,"84":0,"85":0,"86":0,"87":0,"88":0,"89":0,"90":0,"91":0,"92":0,"93":0,"94":0,"95":0,"96":0,"97":0,"98":0,"99":0,"100":0,"101":0,"102":0,"103":0,"104":0,"105":0,"106":0,"107":0,"108":0,"109":0,"110":0,"111":0,"112":0,"113":0,"114":0,"115":0,"116":3},"f":{"0":0,"1":3},"b":{"0":[0],"1":[1,2],"2":[0,1],"3":[0,0],"4":[0],"5":[0],"6":[1,1],"7":[1],"8":[0],"9":[2],"10":[2,0,0,0],"11":[0,0],"12":[0,0],"13":[0],"14":[0,0],"15":[0],"16":[0,0],"17":[0],"18":[0],"19":[0],"20":[0,0,0,0],"21":[0,0],"22":[0,0],"23":[0],"24":[0,0],"25":[0],"26":[0,0],"27":[0],"28":[0],"29":[0],"30":[0,0,0,0],"31":[0,0],"32":[0,0],"33":[0],"34":[0],"35":[0,0],"36":[0],"37":[0]}}
,"/home/runner/work/buffers/buffers/src/utf8/encode.ts": {"path":"/home/runner/work/buffers/buffers/src/utf8/encode.ts","statementMap":{"0":{"start":{"line":1,"column":18},"end":{"line":1,"column":45}},"1":{"start":{"line":2,"column":18},"end":{"line":4,"column":8}},"2":{"start":{"line":5,"column":13},"end":{"line":5,"column":43}},"3":{"start":{"line":9,"column":45},"end":{"line":10,"column":43}},"4":{"start":{"line":10,"column":2},"end":{"line":10,"column":43}},"5":{"start":{"line":9,"column":13},"end":{"line":9,"column":45}},"6":{"start":{"line":12,"column":40},"end":{"line":16,"column":1}},"7":{"start":{"line":13,"column":17},"end":{"line":13,"column":37}},"8":{"start":{"line":14,"column":14},"end":{"line":14,"column":68}},"9":{"start":{"line":15,"column":2},"end":{"line":15,"column":46}},"10":{"start":{"line":12,"column":13},"end":{"line":12,"column":40}},"11":{"start":{"line":18,"column":42},"end":{"line":51,"column":1}},"12":{"start":{"line":19,"column":17},"end":{"line":19,"column":27}},"13":{"start":{"line":20,"column":16},"end":{"line":20,"column":19}},"14":{"start":{"line":21,"column":13},"end":{"line":21,"column":14}},"15":{"start":{"line":22,"column":2},"end":{"line":49,"column":3}},"16":{"start":{"line":23,"column":16},"end":{"line":23,"column":38}},"17":{"start":{"line":24,"column":4},"end":{"line":47,"column":5}},"18":{"start":{"line":25,"column":6},"end":{"line":25,"column":25}},"19":{"start":{"line":26,"column":6},"end":{"line":26,"column":15}},"20":{"start":{"line":27,"column":11},"end":{"line":47,"column":5}},"21":{"start":{"line":28,"column":6},"end":{"line":28,"column":48}},"22":{"start":{"line":30,"column":6},"end":{"line":38,"column":7}},"23":{"start":{"line":31,"column":8},"end":{"line":37,"column":9}},"24":{"start":{"line":32,"column":24},"end":{"line":32,"column":44}},"25":{"start":{"line":33,"column":10},"end":{"line":36,"column":11}},"26":{"start":{"line":34,"column":12},"end":{"line":34,"column":19}},"27":{"start":{"line":35,"column":12},"end":{"line":35,"column":72}},"28":{"start":{"line":39,"column":6},"end":{"line":46,"column":7}},"29":{"start":{"line":40,"column":8},"end":{"line":40,"column":51}},"30":{"start":{"line":41,"column":8},"end":{"line":41,"column":50}},"31":{"start":{"line":43,"column":8},"end":{"line":43,"column":51}},"32":{"start":{"line":44,"column":8},"end":{"line":44,"column":51}},"33":{"start":{"line":45,"column":8},"end":{"line":45,"column":50}},"34":{"start":{"line":48,"column":4},"end":{"line":48,"column":39}},"35":{"start":{"line":50,"column":2},"end":{"line":50,"column":21}},"36":{"start":{"line":18,"column":13},"end":{"line":18,"column":42}},"37":{"start":{"line":53,"column":20},"end":{"line":53,"column":81}},"38":{"start":{"line":55,"column":38},"end":{"line":56,"column":75}},"39":{"start":{"line":56,"column":2},"end":{"line":56,"column":75}},"40":{"start":{"line":55,"column":13},"end":{"line":55,"column":38}},"41":{"start":{"line":58,"column":13},"end":{"line":58,"column":85}}},"fnMap":{"0":{"name":"(anonymous_0)","decl":{"start":{"line":9,"column":45},"end":{"line":9,"column":46}},"loc":{"start":{"line":10,"column":2},"end":{"line":10,"column":43}}},"1":{"name":"(anonymous_1)","decl":{"start":{"line":12,"column":40},"end":{"line":12,"column":41}},"loc":{"start":{"line":12,"column":113},"end":{"line":16,"column":1}}},"2":{"name":"(anonymous_2)","decl":{"start":{"line":18,"column":42},"end":{"line":18,"column":43}},"loc":{"start":{"line":18,"column":115},"end":{"line":51,"column":1}}},"3":{"name":"(anonymous_3)","decl":{"start":{"line":55,"column":38},"end":{"line":55,"column":39}},"loc":{"start":{"line":56,"column":2},"end":{"line":56,"column":75}}}},"branchMap":{"0":{"loc":{"start":{"line":2,"column":18},"end":{"line":4,"column":8}},"type":"cond-expr","locations":[{"start":{"line":3,"column":5},"end":{"line":3,"column":109}},{"start":{"line":4,"column":4},"end":{"line":4,"column":8}}]},"1":{"loc":{"start":{"line":5,"column":13},"end":{"line":5,"column":43}},"type":"cond-expr","locations":[{"start":{"line":5,"column":25},"end":{"line":5,"column":36}},{"start":{"line":5,"column":39},"end":{"line":5,"column":43}}]},"2":{"loc":{"start":{"line":24,"column":4},"end":{"line":47,"column":5}},"type":"if","locations":[{"start":{"line":24,"column":4},"end":{"line":47,"column":5}},{"start":{"line":27,"column":11},"end":{"line":47,"column":5}}]},"3":{"loc":{"start":{"line":27,"column":11},"end":{"line":47,"column":5}},"type":"if","locations":[{"start":{"line":27,"column":11},"end":{"line":47,"column":5}},{"start":{"line":29,"column":11},"end":{"line":47,"column":5}}]},"4":{"loc":{"start":{"line":30,"column":6},"end":{"line":38,"column":7}},"type":"if","locations":[{"start":{"line":30,"column":6},"end":{"line":38,"column":7}}]},"5":{"loc":{"start":{"line":30,"column":10},"end":{"line":30,"column":44}},"type":"binary-expr","locations":[{"start":{"line":30,"column":10},"end":{"line":30,"column":25}},{"start":{"line":30,"column":29},"end":{"line":30,"column":44}}]},"6":{"loc":{"start":{"line":31,"column":8},"end":{"line":37,"column":9}},"type":"if","locations":[{"start":{"line":31,"column":8},"end":{"line":37,"column":9}}]},"7":{"loc":{"start":{"line":33,"column":10},"end":{"line":36,"column":11}},"type":"if","locations":[{"start":{"line":33,"column":10},"end":{"line":36,"column":11}}]},"8":{"loc":{"start":{"line":39,"column":6},"end":{"line":46,"column":7}},"type":"if","locations":[{"start":{"line":39,"column":6},"end":{"line":46,"column":7}},{"start":{"line":42,"column":13},"end":{"line":46,"column":7}}]},"9":{"loc":{"start":{"line":53,"column":20},"end":{"line":53,"column":81}},"type":"cond-expr","locations":[{"start":{"line":53,"column":57},"end":{"line":53,"column":74}},{"start":{"line":53,"column":77},"end":{"line":53,"column":81}}]},"10":{"loc":{"start":{"line":58,"column":22},"end":{"line":58,"column":84}},"type":"cond-expr","locations":[{"start":{"line":58,"column":34},"end":{"line":58,"column":49}},{"start":{"line":58,"column":52},"end":{"line":58,"column":84}}]},"11":{"loc":{"start":{"line":58,"column":52},"end":{"line":58,"column":84}},"type":"cond-expr","locations":[{"start":{"line":58,"column":59},"end":{"line":58,"column":69}},{"start":{"line":58,"column":72},"end":{"line":58,"column":84}}]}},"s":{"0":1,"1":1,"2":1,"3":1,"4":2000,"5":1,"6":1,"7":1000,"8":1000,"9":1000,"10":1,"11":1,"12":1000,"13":1000,"14":1000,"15":1000,"16":10000,"17":10000,"18":9900,"19":9900,"20":100,"21":65,"22":35,"23":0,"24":0,"25":0,"26":0,"27":0,"28":35,"29":35,"30":35,"31":0,"32":0,"33":0,"34":100,"35":1000,"36":1,"37":1,"38":1,"39":1000,"40":1,"41":1},"f":{"0":2000,"1":1000,"2":1000,"3":1000},"b":{"0":[1,0],"1":[1,0],"2":[9900,100],"3":[65,35],"4":[0],"5":[35,0],"6":[0],"7":[0],"8":[35,0],"9":[1,0],"10":[1,0],"11":[0,0]}}
[...]
,"column":0},"end":{"line":36,"column":2}},"2":{"start":{"line":4,"column":15},"end":{"line":4,"column":20}},"3":{"start":{"line":5,"column":14},"end":{"line":5,"column":29}},"4":{"start":{"line":6,"column":27},"end":{"line":6,"column":29}},"5":{"start":{"line":7,"column":2},"end":{"line":34,"column":3}},"6":{"start":{"line":8,"column":15},"end":{"line":8,"column":29}},"7":{"start":{"line":9,"column":4},"end":{"line":32,"column":5}},"8":{"start":{"line":10,"column":21},"end":{"line":10,"column":42}},"9":{"start":{"line":11,"column":6},"end":{"line":31,"column":7}},"10":{"start":{"line":12,"column":8},"end":{"line":12,"column":45}},"11":{"start":{"line":14,"column":23},"end":{"line":14,"column":44}},"12":{"start":{"line":15,"column":8},"end":{"line":30,"column":9}},"13":{"start":{"line":16,"column":10},"end":{"line":16,"column":64}},"14":{"start":{"line":18,"column":10},"end":{"line":29,"column":11}},"15":{"start":{"line":19,"column":27},"end":{"line":19,"column":48}},"16":{"start":{"line":20,"column":23},"end":{"line":20,"column":93}},"17":{"start":{"line":21,"column":12},"end":{"line":28,"column":13}},"18":{"start":{"line":22,"column":14},"end":{"line":22,"column":30}},"19":{"start":{"line":23,"column":28},"end":{"line":23,"column":60}},"20":{"start":{"line":24,"column":14},"end":{"line":24,"column":45}},"21":{"start":{"line":25,"column":14},"end":{"line":25,"column":33}},"22":{"start":{"line":27,"column":14},"end":{"line":27,"column":26}},"23":{"start":{"line":33,"column":4},"end":{"line":33,"column":22}},"24":{"start":{"line":35,"column":2},"end":{"line":35,"column":44}}},"fnMap":{"0":{"name":"(anonymous_0)","decl":{"start":{"line":3,"column":15},"end":{"line":3,"column":16}},"loc":{"start":{"line":3,"column":74},"end":{"line":36,"column":1}}}},"branchMap":{"0":{"loc":{"start":{"line":9,"column":4},"end":{"line":32,"column":5}},"type":"if","locations":[{"start":{"line":9,"column":4},"end":{"line":32,"column":5}}]},"1":{"loc":{"start":{"line":11,"column":6},"end":{"line":31,"column":7}},"type":"if","locations":[{"start":{"line":11,"column":6},"end":{"line":31,"column":7}},{"start":{"line":13,"column":13},"end":{"line":31,"column":7}}]},"2":{"loc":{"start":{"line":15,"column":8},"end":{"line":30,"column":9}},"type":"if","locations":[{"start":{"line":15,"column":8},"end":{"line":30,"column":9}},{"start":{"line":17,"column":15},"end":{"line":30,"column":9}}]},"3":{"loc":{"start":{"line":18,"column":10},"end":{"line":29,"column":11}},"type":"if","locations":[{"start":{"line":18,"column":10},"end":{"line":29,"column":11}}]},"4":{"loc":{"start":{"line":21,"column":12},"end":{"line":28,"column":13}},"type":"if","locations":[{"start":{"line":21,"column":12},"end":{"line":28,"column":13}},{"start":{"line":26,"column":19},"end":{"line":28,"column":13}}]}},"s":{"0":3,"1":3,"2":7,"3":7,"4":7,"5":7,"6":33443,"7":33443,"8":13,"9":13,"10":4,"11":9,"12":9,"13":6,"14":3,"15":3,"16":3,"17":3,"18":3,"19":3,"20":3,"21":3,"22":0,"23":33443,"24":7},"f":{"0":7},"b":{"0":[13],"1":[4,9],"2":[6,3],"3":[3],"4":[3,0]}}
,"/home/runner/work/buffers/buffers/src/utf8/decodeUtf8/v19.ts": {"path":"/home/runner/work/buffers/buffers/src/utf8/decodeUtf8/v19.ts","statementMap":{"0":{"start":{"line":1,"column":19},"end":{"line":1,"column":44}},"1":{"start":{"line":3,"column":0},"end":{"line":3,"column":24}}},"fnMap":{},"branchMap":{},"s":{"0":1,"1":1},"f":{},"b":{}}
,"/home/runner/work/buffers/buffers/src/utf8/decodeUtf8/v2.ts": {"path":"/home/runner/work/buffers/buffers/src/utf8/decodeUtf8/v2.ts","statementMap":{"0":{"start":{"line":1,"column":0},"end":{"line":2,"column":62}},"1":{"start":{"line":2,"column":2},"end":{"line":2,"column":61}}},"fnMap":{"0":{"name":"(anonymous_0)","decl":{"start":{"line":1,"column":15},"end":{"line":1,"column":16}},"loc":{"start":{"line":2,"column":2},"end":{"line":2,"column":61}}}},"branchMap":{},"s":{"0":1,"1":5},"f":{"0":5},"b":{}}
,"/home/runner/work/buffers/buffers/src/utf8/decodeUtf8/v3.ts": {"path":"/home/runner/work/buffers/buffers/src/utf8/decodeUtf8/v3.ts","statementMap":{"0":{"start":{"line":1,"column":0},"end":{"line":4,"column":16}},"1":{"start":{"line":2,"column":2},"end":{"line":4,"column":15}}},"fnMap":{"0":{"name":"(anonymous_0)","decl":{"start":{"line":1,"column":15},"end":{"line":1,"column":16}},"loc":{"start":{"line":2,"column":2},"end":{"line":4,"column":15}}}},"branchMap":{},"s":{"0":1,"1":5},"f":{"0":5},"b":{}}
,"/home/runner/work/buffers/buffers/src/utf8/decodeUtf8/v4.ts": {"path":"/home/runner/work/buffers/buffers/src/utf8/decodeUtf8/v4.ts","statementMap":{"0":{"start":{"line":1,"column":0},"end":{"line":4,"column":16}},"1":{"start":{"line":2,"column":2},"end":{"line":4,"column":15}}},"fnMap":{"0":{"name":"(anonymous_0)","decl":{"start":{"line":1,"column":15},"end":{"line":1,"column":16}},"loc":{"start":{"line":2,"column":2},"end":{"line":4,"column":15}}}},"branchMap":{},"s":{"0":1,"1":5},"f":{"0":5},"b":{}}
,"/home/runner/work/buffers/buffers/src/utf8/decodeUtf8/v5.ts": {"path":"/home/runner/work/buffers/buffers/src/utf8/decodeUtf8/v5.ts","statementMap":{"0":{"start":{"line":1,"column":0},"end":{"line":30,"column":2}},"1":{"start":{"line":2,"column":14},"end":{"line":2,"column":28}},"2":{"start":{"line":3,"column":10},"end":{"line":3,"column":15}},"3":{"start":{"line":4,"column":12},"end":{"line":4,"column":14}},"4":{"start":{"line":5,"column":2},"end":{"line":28,"column":3}},"5":{"start":{"line":6,"column":15},"end":{"line":6,"column":26}},"6":{"start":{"line":7,"column":4},"end":{"line":27,"column":5}},"7":{"start":{"line":8,"column":6},"end":{"line":8,"column":37}},"8":{"start":{"line":9,"column":6},"end":{"line":9,"column":15}},"9":{"start":{"line":10,"column":11},"end":{"line":27,"column":5}},"10":{"start":{"line":11,"column":6},"end":{"line":11,"column":76}},"11":{"start":{"line":12,"column":11},"end":{"line":27,"column":5}},"12":{"start":{"line":13,"column":6},"end":{"line":13,"column":107}},"13":{"start":{"line":14,"column":11},"end":{"line":27,"column":5}},"14":{"start":{"line":15,"column":17},"end":{"line":15,"column":35}},"15":{"start":{"line":16,"column":17},"end":{"line":16,"column":35}},"16":{"start":{"line":17,"column":17},"end":{"line":17,"column":35}},"17":{"start":{"line":18,"column":17},"end":{"line":18,"column":73}},"18":{"start":{"line":19,"column":6},"end":{"line":23,"column":7}},"19":{"start":{"line":20,"column":8},"end":{"line":20,"column":24}},"20":{"start":{"line":21,"column":8},"end":{"line":21,"column":69}},"21":{"start":{"line":22,"column":8},"end":{"line":22,"column":39}},"22":{"start":{"line":24,"column":6},"end":{"line":24,"column":39}},"23":{"start":{"line":26,"column":6},"end":{"line":26,"column":37}},"24":{"start":{"line":29,"column":2},"end":{"line":29,"column":13}}},"fnMap":{"0":{"name":"(anonymous_0)","decl":{"start":{"line":1,"column":15},"end":{"line":1,"column":16}},"loc":{"start":{"line":1,"column":76},"end":{"line":30,"column":1}}}},"branchMap":{"0":{"loc":{"start":{"line":7,"column":4},"end":{"line":27,"column":5}},"type":"if","locations":[{"start":{"line":7,"column":4},"end":{"line":27,"column":5}},{"start":{"line":10,"column":11},"end":{"line":27,"column":5}}]},"1":{"loc":{"start":{"line":10,"column":11},"end":{"line":27,"column":5}},"type":"if","locations":[{"start":{"line":10,"column":11},"end":{"line":27,"column":5}},{"start":{"line":12,"column":11},"end":{"line":27,"column":5}}]},"2":{"loc":{"start":{"line":12,"column":11},"end":{"line":27,"column":5}},"type":"if","locations":[{"start":{"line":12,"column":11},"end":{"line":27,"column":5}},{"start":{"line":14,"column":11},"end":{"line":27,"column":5}}]},"3":{"loc":{"start":{"line":14,"column":11},"end":{"line":27,"column":5}},"type":"if","locations":[{"start":{"line":14,"column":11},"end":{"line":27,"column":5}},{"start":{"line":25,"column":11},"end":{"line":27,"column":5}}]},"4":{"loc":{"start":{"line":19,"column":6},"end":{"line":23,"column":7}},"type":"if","locations":[{"start":{"line":19,"column":6},"end":{"line":23,"column":7}}]}},"s":{"0":1,"1":5,"2":5,"3":5,"4":5,"5":33438,"6":33438,"7":33430,"8":33430,"9":8,"10":3,"11":5,"12":3,"13":2,"14":2,"15":2,"16":2,"17":2,"18":2,"19":2,"20":2,"21":2,"22":2,"23":0,"24":5},"f":{"0":5},"b":{"0":[33430,8],"1":[3,5],"2":[3,2],"3":[2,0],"4":[2]}}
,"/home/runner/work/buffers/buffers/src/utf8/decodeUtf8/v6.ts": {"path":"/home/runner/work/buffers/buffers/src/utf8/decodeUtf8/v6.ts","statementMap":{"0":{"start":{"line":1,"column":26},"end":{"line":1,"column":43}},"1":{"start":{"line":3,"column":0},"end":{"line":6,"column":2}},"2":{"start":{"line":4,"column":22},"end":{"line":4,"column":59}},"3":{"start":{"line":5,"column":2},"end":{"line":5,"column":47}}},"fnMap":{"0":{"name":"(anonymous_0)","decl":{"start":{"line":3,"column":15},"end":{"line":3,"column":16}},"loc":{"start":{"line":3,"column":76},"end":{"line":6,"column":1}}}},"branchMap":{},"s":{"0":1,"1":1,"2":5,"3":5},"f":{"0":5},"b":{}}
,"/home/runner/work/buffers/buffers/src/utf8/decodeUtf8/v7.ts": {"path":"/home/runner/work/buffers/buffers/src/utf8/decodeUtf8/v7.ts","statementMap":{"0":{"start":{"line":1,"column":0},"end":{"line":32,"column":2}},"1":{"start":{"line":2,"column":15},"end":{"line":2,"column":20}},"2":{"start":{"line":3,"column":14},"end":{"line":3,"column":29}},"3":{"start":{"line":4,"column":31},"end":{"line":4,"column":33}},"4":{"start":{"line":5,"column":2},"end":{"line":30,"column":3}},"5":{"start":{"line":6,"column":19},"end":{"line":6,"column":33}},"6":{"start":{"line":7,"column":4},"end":{"line":29,"column":5}},"7":{"start":{"line":8,"column":6},"end":{"line":8,"column":25}},"8":{"start":{"line":9,"column":11},"end":{"line":29,"column":5}},"9":{"start":{"line":10,"column":21},"end":{"line":10,"column":42}},"10":{"start":{"line":11,"column":6},"end":{"line":11,"column":50}},"11":{"start":{"line":12,"column":11},"end":{"line":29,"column":5}},"12":{"start":{"line":13,"column":21},"end":{"line":13,"column":42}},"13":{"start":{"line":14,"column":21},"end":{"line":14,"column":42}},"14":{"start":{"line":15,"column":6},"end":{"line":15,"column":67}},"15":{"start":{"line":16,"column":11},"end":{"line":29,"column":5}},"16":{"start":{"line":17,"column":21},"end":{"line":17,"column":42}},"17":{"start":{"line":18,"column":21},"end":{"line":18,"column":42}},"18":{"start":{"line":19,"column":21},"end":{"line":19,"column":42}},"19":{"start":{"line":20,"column":17},"end":{"line":20,"column":89}},"20":{"start":{"line":21,"column":6},"end":{"line":25,"column":7}},"21":{"start":{"line":22,"column":8},"end":{"line":22,"column":24}},"22":{"start":{"line":23,"column":8},"end":{"line":23,"column":53}},"23":{"start":{"line":24,"column":8},"end":{"line":24,"column":39}},"24":{"start":{"line":26,"column":6},"end":{"line":26,"column":23}},"25":{"start":{"line":28,"column":6},"end":{"line":28,"column":25}},"26":{"start":{"line":31,"column":2},"end":{"line":31,"column":39}}},"fnMap":{"0":{"name":"(anonymous_0)","decl":{"start":{"line":1,"column":15},"end":{"line":1,"column":16}},"loc":{"start":{"line":1,"column":74},"end":{"line":32,"column":1}}}},"branchMap":{"0":{"loc":{"start":{"line":7,"column":4},"end":{"line":29,"column":5}},"type":"if","locations":[{"start":{"line":7,"column":4},"end":{"line":29,"column":5}},{"start":{"line":9,"column":11},"end":{"line":29,"column":5}}]},"1":{"loc":{"start":{"line":9,"column":11},"end":{"line":29,"column":5}},"type":"if","locations":[{"start":{"line":9,"column":11},"end":{"line":29,"column":5}},{"start":{"line":12,"column":11},"end":{"line":29,"column":5}}]},"2":{"loc":{"start":{"line":12,"column":11},"end":{"line":29,"column":5}},"type":"if","locations":[{"start":{"line":12,"column":11},"end":{"line":29,"column":5}},{"start":{"line":16,"column":11},"end":{"line":29,"column":5}}]},"3":{"loc":{"start":{"line":16,"column":11},"end":{"line":29,"column":5}},"type":"if","locations":[{"start":{"line":16,"column":11},"end":{"line":29,"column":5}},{"start":{"line":27,"column":11},"end":{"line":29,"column":5}}]},"4":{"loc":{"start":{"line":21,"column":6},"end":{"line":25,"column":7}},"type":"if","locations":[{"start":{"line":21,"column":6},"end":{"line":25,"column":7}}]}},"s":{"0":1,"1":5,"2":5,"3":5,"4":5,"5":33438,"6":33438,"7":33430,"8":8,"9":3,"10":3,"11":5,"12":3,"13":3,"14":3,"15":2,"16":2,"17":2,"18":2,"19":2,"20":2,"21":2,"22":2,"23":2,"24":2,"25":0,"26":5},"f":{"0":5},"b":{"0":[33430,8],"1":[3,5],"2":[3,2],"3":[2,0],"4":[2]}}
,"/home/runner/work/buffers/buffers/src/utf8/decodeUtf8/v8.ts": {"path":"/home/runner/work/buffers/buffers/src/utf8/decodeUtf8/v8.ts","statementMap":{"0":{"start":{"line":2,"column":0},"end":{"line":39,"column":2}},"1":{"start":{"line":3,"column":15},"end":{"line":3,"column":20}},"2":{"start":{"line":4,"column":14},"end":{"line":4,"column":29}},"3":{"start":{"line":5,"column":31},"end":{"line":5,"column":33}},"4":{"start":{"line":6,"column":15},"end":{"line":6,"column":17}},"5":{"start":{"line":7,"column":2},"end":{"line":36,"column":3}},"6":{"start":{"line":8,"column":18},"end":{"line":8,"column":32}},"7":{"start":{"line":9,"column":4},"end":{"line":31,"column":5}},"8":{"start":{"line":10,"column":6},"end":{"line":10,"column":24}},"9":{"start":{"line":11,"column":11},"end":{"line":31,"column":5}},"10":{"start":{"line":12,"column":20},"end":{"line":12,"column":41}},"11":{"start":{"line":13,"column":6},"end":{"line":13,"column":48}},"12":{"start":{"line":14,"column":11},"end":{"line":31,"column":5}},"13":{"start":{"line":15,"column":20},"end":{"line":15,"column":41}},"14":{"start":{"line":16,"column":20},"end":{"line":16,"column":41}},"15":{"start":{"line":17,"column":6},"end":{"line":17,"column":64}},"16":{"start":{"line":18,"column":11},"end":{"line":31,"column":5}},"17":{"start":{"line":19,"column":20},"end":{"line":19,"column":41}},"18":{"start":{"line":20,"column":20},"end":{"line":20,"column":41}},"19":{"start":{"line":21,"column":20},"end":{"line":21,"column":41}},"20":{"start":{"line":22,"column":17},"end":{"line":22,"column":85}},"21":{"start":{"line":23,"column":6},"end":{"line":27,"column":7}},"22":{"start":{"line":24,"column":8},"end":{"line":24,"column":24}},"23":{"start":{"line":25,"column":8},"end":{"line":25,"column":53}},"24":{"start":{"line":26,"column":8},"end":{"line":26,"column":39}},"25":{"start":{"line":28,"column":6},"end":{"line":28,"column":23}},"26":{"start":{"line":30,"column":6},"end":{"line":30,"column":24}},"27":{"start":{"line":32,"column":4},"end":{"line":35,"column":5}},"28":{"start":{"line":33,"column":6},"end":{"line":33,"column":46}},"29":{"start":{"line":34,"column":6},"end":{"line":34,"column":23}},"30":{"start":{"line":37,"column":2},"end":{"line":37,"column":64}},"31":{"start":{"line":37,"column":24},"end":{"line":37,"column":64}},"32":{"start":{"line":38,"column":2},"end":{"line":38,"column":16}}},"fnMap":{"0":{"name":"(anonymous_0)","decl":{"start":{"line":2,"column":15},"end":{"line":2,"column":16}},"loc":{"start":{"line":2,"column":74},"end":{"line":39,"column":1}}}},"branchMap":{"0":{"loc":{"start":{"line":9,"column":4},"end":{"line":31,"column":5}},"type":"if","locations":[{"start":{"line":9,"column":4},"end":{"line":31,"column":5}},{"start":{"line":11,"column":11},"end":{"line":31,"column":5}}]},"1":{"loc":{"start":{"line":11,"column":11},"end":{"line":31,"column":5}},"type":"if","locations":[{"start":{"line":11,"column":11},"end":{"line":31,"column":5}},{"start":{"line":14,"column":11},"end":{"line":31,"column":5}}]},"2":{"loc":{"start":{"line":14,"column":11},"end":{"line":31,"column":5}},"type":"if","locations":[{"start":{"line":14,"column":11},"end":{"line":31,"column":5}},{"start":{"line":18,"column":11},"end":{"line":31,"column":5}}]},"3":{"loc":{"start":{"line":18,"column":11},"end":{"line":31,"column":5}},"type":"if","locations":[{"start":{"line":18,"column":11},"end":{"line":31,"column":5}},{"start":{"line":29,"column":11},"end":{"line":31,"column":5}}]},"4":{"loc":{"start":{"line":23,"column":6},"end":{"line":27,"column":7}},"type":"if","locations":[{"start":{"line":23,"column":6},"end":{"line":27,"column":7}}]},"5":{"loc":{"start":{"line":32,"column":4},"end":{"line":35,"column":5}},"type":"if","locations":[{"start":{"line":32,"column":4},"end":{"line":35,"column":5}}]},"6":{"loc":{"start":{"line":37,"column":2},"end":{"line":37,"column":64}},"type":"if","locations":[{"start":{"line":37,"column":2},"end":{"line":37,"column":64}}]}},"s":{"0":1,"1":5,"2":5,"3":5,"4":5,"5":5,"6":33438,"7":33438,"8":33430,"9":8,"10":3,"11":3,"12":5,"13":3,"14":3,"15":3,"16":2,"17":2,"18":2,"19":2,"20":2,"21":2,"22":2,"23":2,"24":2,"25":2,"26":0,"27":33438,"28":4178,"29":4178,"30":5,"31":5,"32":5},"f":{"0":5},"b":{"0":[33430,8],"1":[3,5],"2":[3,2],"3":[2,0],"4":[2],"5":[4178],"6":[5]}}
,"/home/runner/work/buffers/buffers/src/utf8/decodeUtf8/v9.ts": {"path":"/home/runner/work/buffers/buffers/src/utf8/decodeUtf8/v9.ts","statementMap":{"0":{"start":{"line":1,"column":0},"end":{"line":35,"column":2}},"1":{"start":{"line":2,"column":15},"end":{"line":2,"column":20}},"2":{"start":{"line":3,"column":14},"end":{"line":3,"column":29}},"3":{"start":{"line":4,"column":31},"end":{"line":4,"column":33}},"4":{"start":{"line":5,"column":2},"end":{"line":33,"column":3}},"5":{"start":{"line":6,"column":19},"end":{"line":6,"column":33}},"6":{"start":{"line":7,"column":4},"end":{"line":10,"column":5}},"7":{"start":{"line":8,"column":6},"end":{"line":8,"column":25}},"8":{"start":{"line":9,"column":6},"end":{"line":9,"column":15}},"9":{"start":{"line":11,"column":19},"end":{"line":11,"column":40}},"10":{"start":{"line":12,"column":4},"end":{"line":15,"column":5}},"11":{"start":{"line":13,"column":6},"end":{"line":13,"column":50}},"12":{"start":{"line":14,"column":6},"end":{"line":14,"column":15}},"13":{"start":{"line":16,"column":19},"end":{"line":16,"column":40}},"14":{"start":{"line":17,"column":4},"end":{"line":20,"column":5}},"15":{"start":{"line":18,"column":6},"end":{"line":18,"column":67}},"16":{"start":{"line":19,"column":6},"end":{"line":19,"column":15}},"17":{"start":{"line":21,"column":4},"end":{"line":32,"column":5}},"18":{"start":{"line":22,"column":21},"end":{"line":22,"column":42}},"19":{"start":{"line":23,"column":17},"end":{"line":23,"column":89}},"20":{"start":{"line":24,"column":6},"end":{"line":28,"column":7}},"21":{"start":{"line":25,"column":8},"end":{"line":25,"column":24}},"22":{"start":{"line":26,"column":8},"end":{"line":26,"column":53}},"23":{"start":{"line":27,"column":8},"end":{"line":27,"column":39}},"24":{"start":{"line":29,"column":6},"end":{"line":29,"column":23}},"25":{"start":{"line":31,"column":6},"end":{"line":31,"column":25}},"26":{"start":{"line":34,"column":2},"end":{"line":34,"column":39}}},"fnMap":{"0":{"name":"(anonymous_0)","decl":{"start":{"line":1,"column":15},"end":{"line":1,"column":16}},"loc":{"start":{"line":1,"column":74},"end":{"line":35,"column":1}}}},"branchMap":{"0":{"loc":{"start":{"line":7,"column":4},"end":{"line":10,"column":5}},"type":"if","locations":[{"start":{"line":7,"column":4},"end":{"line":10,"column":5}}]},"1":{"loc":{"start":{"line":12,"column":4},"end":{"line":15,"column":5}},"type":"if","locations":[{"start":{"line":12,"column":4},"end":{"line":15,"column":5}}]},"2":{"loc":{"start":{"line":17,"column":4},"end":{"line":20,"column":5}},"type":"if","locations":[{"start":{"line":17,"column":4},"end":{"line":20,"column":5}}]},"3":{"loc":{"start":{"line":21,"column":4},"end":{"line":32,"column":5}},"type":"if","locations":[{"start":{"line":21,"column":4},"end":{"line":32,"column":5}},{"start":{"line":30,"column":11},"end":{"line":32,"column":5}}]},"4":{"loc":{"start":{"line":24,"column":6},"end":{"line":28,"column":7}},"type":"if","locations":[{"start":{"line":24,"column":6},"end":{"line":28,"column":7}}]}},"s":{"0":1,"1":5,"2":5,"3":5,"4":5,"5":33438,"6":33438,"7":33430,"8":33430,"9":8,"10":8,"11":3,"12":3,"13":5,"14":5,"15":3,"16":3,"17":2,"18":2,"19":2,"20":2,"21":2,"22":2,"23":2,"24":2,"25":0,"26":5},"f":{"0":5},"b":{"0":[33430],"1":[3],"2":[3],"3":[2,0],"4":[2]}}
}
