{"/home/runner/work/buffers/buffers/src/Reader.ts": {"path":"/home/runner/work/buffers/buffers/src/Reader.ts","statementMap":{"0":{"start":{"line":1,"column":0},"end":{"line":1,"column":45}},"1":{"start":{"line":6,"column":11},"end":{"line":6,"column":31}},"2":{"start":{"line":7,"column":11},"end":{"line":7,"column":28}},"3":{"start":{"line":8,"column":11},"end":{"line":8,"column":23}},"4":{"start":{"line":9,"column":11},"end":{"line":9,"column":25}},"5":{"start":{"line":13,"column":4},"end":{"line":13,"column":15}},"6":{"start":{"line":14,"column":4},"end":{"line":14,"column":23}},"7":{"start":{"line":15,"column":4},"end":{"line":15,"column":90}},"8":{"start":{"line":19,"column":4},"end":{"line":19,"column":29}},"9":{"start":{"line":26,"column":4},"end":{"line":26,"column":38}},"10":{"start":{"line":33,"column":4},"end":{"line":33,"column":23}},"11":{"start":{"line":37,"column":4},"end":{"line":37,"column":21}},"12":{"start":{"line":41,"column":14},"end":{"line":41,"column":20}},"13":{"start":{"line":42,"column":16},"end":{"line":42,"column":24}},"14":{"start":{"line":43,"column":16},"end":{"line":43,"column":43}},"15":{"start":{"line":44,"column":4},"end":{"line":44,"column":17}},"16":{"start":{"line":45,"column":4},"end":{"line":45,"column":15}},"17":{"start":{"line":49,"column":14},"end":{"line":49,"column":20}},"18":{"start":{"line":50,"column":24},"end":{"line":50,"column":33}},"19":{"start":{"line":51,"column":22},"end":{"line":51,"column":66}},"20":{"start":{"line":52,"column":4},"end":{"line":52,"column":55}},"21":{"start":{"line":67,"column":14},"end":{"line":67,"column":20}},"22":{"start":{"line":68,"column":24},"end":{"line":68,"column":33}},"23":{"start":{"line":69,"column":22},"end":{"line":69,"column":66}},"24":{"start":{"line":70,"column":4},"end":{"line":70,"column":69}},"25":{"start":{"line":82,"column":18},"end":{"line":82,"column":37}},"26":{"start":{"line":83,"column":4},"end":{"line":83,"column":20}},"27":{"start":{"line":84,"column":4},"end":{"line":84,"column":17}},"28":{"start":{"line":88,"column":4},"end":{"line":88,"column":32}},"29":{"start":{"line":93,"column":4},"end":{"line":93,"column":39}},"30":{"start":{"line":100,"column":12},"end":{"line":100,"column":18}},"31":{"start":{"line":101,"column":16},"end":{"line":101,"column":56}},"32":{"start":{"line":102,"column":4},"end":{"line":102,"column":15}},"33":{"start":{"line":103,"column":4},"end":{"line":103,"column":15}},"34":{"start":{"line":107,"column":16},"end":{"line":107,"column":42}},"35":{"start":{"line":108,"column":4},"end":{"line":108,"column":16}},"36":{"start":{"line":109,"column":4},"end":{"line":109,"column":15}},"37":{"start":{"line":113,"column":16},"end":{"line":113,"column":43}},"38":{"start":{"line":114,"column":4},"end":{"line":114,"column":16}},"39":{"start":{"line":115,"column":4},"end":{"line":115,"column":15}},"40":{"start":{"line":119,"column":16},"end":{"line":119,"column":42}},"41":{"start":{"line":120,"column":4},"end":{"line":120,"column":16}},"42":{"start":{"line":121,"column":4},"end":{"line":121,"column":15}},"43":{"start":{"line":125,"column":16},"end":{"line":125,"column":46}},"44":{"start":{"line":126,"column":4},"end":{"line":126,"column":16}},"45":{"start":{"line":127,"column":4},"end":{"line":127,"column":15}},"46":{"start":{"line":131,"column":16},"end":{"line":131,"column":45}},"47":{"start":{"line":132,"column":4},"end":{"line":132,"column":16}},"48":{"start":{"line":133,"column":4},"end":{"line":133,"column":15}},"49":{"start":{"line":137,"column":16},"end":{"line":137,"column":22}},"50":{"start":{"line":138,"column":4},"end":{"line":138,"column":16}},"51":{"start":{"line":139,"column":4},"end":{"line":139,"column":37}},"52":{"start":{"line":143,"column":16},"end":{"line":143,"column":22}},"53":{"start":{"line":144,"column":4},"end":{"line":144,"column":16}},"54":{"start":{"line":145,"column":4},"end":{"line":145,"column":37}},"55":{"start":{"line":149,"column":18},"end":{"line":149,"column":24}},"56":{"start":{"line":150,"column":4},"end":{"line":150,"column":19}},"57":{"start":{"line":151,"column":4},"end":{"line":151,"column":47}},"58":{"start":{"line":155,"column":18},"end":{"line":155,"column":28}},"59":{"start":{"line":156,"column":14},"end":{"line":156,"column":16}},"60":{"start":{"line":157,"column":16},"end":{"line":157,"column":31}},"61":{"start":{"line":158,"column":4},"end":{"line":158,"column":76}},"62":{"start":{"line":158,"column":17},"end":{"line":158,"column":23}},"63":{"start":{"line":158,"column":39},"end":{"line":158,"column":76}},"64":{"start":{"line":159,"column":4},"end":{"line":159,"column":17}},"65":{"start":{"line":160,"column":4},"end":{"line":160,"column":15}},"66":{"start":{"line":4,"column":0},"end":{"line":4,"column":13}}},"fnMap":{"0":{"name":"(anonymous_0)","decl":{"start":{"line":5,"column":2},"end":{"line":5,"column":null}},"loc":{"start":{"line":9,"column":37},"end":{"line":10,"column":6}}},"1":{"name":"(anonymous_1)","decl":{"start":{"line":12,"column":9},"end":{"line":12,"column":14}},"loc":{"start":{"line":12,"column":32},"end":{"line":16,"column":3}}},"2":{"name":"(anonymous_2)","decl":{"start":{"line":18,"column":9},"end":{"line":18,"column":13}},"loc":{"start":{"line":18,"column":13},"end":{"line":20,"column":3}}},"3":{"name":"(anonymous_3)","decl":{"start":{"line":25,"column":9},"end":{"line":25,"column":13}},"loc":{"start":{"line":25,"column":13},"end":{"line":27,"column":3}}},"4":{"name":"(anonymous_4)","decl":{"start":{"line":32,"column":9},"end":{"line":32,"column":13}},"loc":{"start":{"line":32,"column":13},"end":{"line":34,"column":3}}},"5":{"name":"(anonymous_5)","decl":{"start":{"line":36,"column":9},"end":{"line":36,"column":13}},"loc":{"start":{"line":36,"column":28},"end":{"line":38,"column":3}}},"6":{"name":"(anonymous_6)","decl":{"start":{"line":40,"column":9},"end":{"line":40,"column":12}},"loc":{"start":{"line":40,"column":39},"end":{"line":46,"column":3}}},"7":{"name":"(anonymous_7)","decl":{"start":{"line":48,"column":9},"end":{"line":48,"column":17}},"loc":{"start":{"line":48,"column":49},"end":{"line":53,"column":3}}},"8":{"name":"(anonymous_8)","decl":{"start":{"line":66,"column":9},"end":{"line":66,"column":14}},"loc":{"start":{"line":66,"column":46},"end":{"line":71,"column":3}}},"9":{"name":"(anonymous_9)","decl":{"start":{"line":81,"column":9},"end":{"line":81,"column":12}},"loc":{"start":{"line":81,"column":39},"end":{"line":85,"column":3}}},"10":{"name":"(anonymous_10)","decl":{"start":{"line":87,"column":9},"end":{"line":87,"column":11}},"loc":{"start":{"line":87,"column":11},"end":{"line":90,"column":3}}},"11":{"name":"(anonymous_11)","decl":{"start":{"line":92,"column":9},"end":{"line":92,"column":11}},"loc":{"start":{"line":92,"column":11},"end":{"line":94,"column":3}}},"12":{"name":"(anonymous_12)","decl":{"start":{"line":96,"column":9},"end":{"line":96,"column":12}},"loc":{"start":{"line":96,"column":12},"end":{"line":104,"column":3}}},"13":{"name":"(anonymous_13)","decl":{"start":{"line":106,"column":9},"end":{"line":106,"column":12}},"loc":{"start":{"line":106,"column":12},"end":{"line":110,"column":3}}},"14":{"name":"(anonymous_14)","decl":{"start":{"line":112,"column":9},"end":{"line":112,"column":12}},"loc":{"start":{"line":112,"column":12},"end":{"line":116,"column":3}}},"15":{"name":"(anonymous_15)","decl":{"start":{"line":118,"column":9},"end":{"line":118,"column":12}},"loc":{"start":{"line":118,"column":12},"end":{"line":122,"column":3}}},"16":{"name":"(anonymous_16)","decl":{"start":{"line":124,"column":9},"end":{"line":124,"column":12}},"loc":{"start":{"line":124,"column":12},"end":{"line":128,"column":3}}},"17":{"name":"(anonymous_17)","decl":{"start":{"line":130,"column":9},"end":{"line":130,"column":12}},"loc":{"start":{"line":130,"column":12},"end":{"line":134,"column":3}}},"18":{"name":"(anonymous_18)","decl":{"start":{"line":136,"column":9},"end":{"line":136,"column":12}},"loc":{"start":{"line":136,"column":12},"end":{"line":140,"column":3}}},"19":{"name":"(anonymous_19)","decl":{"start":{"line":142,"column":9},"end":{"line":142,"column":12}},"loc":{"start":{"line":142,"column":12},"end":{"line":146,"column":3}}},"20":{"name":"(anonymous_20)","decl":{"start":{"line":148,"column":9},"end":{"line":148,"column":13}},"loc":{"start":{"line":148,"column":26},"end":{"line":152,"column":3}}},"21":{"name":"(anonymous_21)","decl":{"start":{"line":154,"column":9},"end":{"line":154,"column":14}},"loc":{"start":{"line":154,"column":29},"end":{"line":161,"column":3}}}},"branchMap":{"0":{"loc":{"start":{"line":6,"column":11},"end":{"line":6,"column":49}},"type":"default-arg","locations":[{"start":{"line":6,"column":31},"end":{"line":6,"column":49}}]},"1":{"loc":{"start":{"line":7,"column":11},"end":{"line":7,"column":101}},"type":"default-arg","locations":[{"start":{"line":7,"column":28},"end":{"line":7,"column":101}}]},"2":{"loc":{"start":{"line":8,"column":11},"end":{"line":8,"column":24}},"type":"default-arg","locations":[{"start":{"line":8,"column":23},"end":{"line":8,"column":24}}]},"3":{"loc":{"start":{"line":9,"column":11},"end":{"line":9,"column":37}},"type":"default-arg","locations":[{"start":{"line":9,"column":25},"end":{"line":9,"column":37}}]},"4":{"loc":{"start":{"line":40,"column":13},"end":{"line":40,"column":39}},"type":"default-arg","locations":[{"start":{"line":40,"column":28},"end":{"line":40,"column":39}}]},"5":{"loc":{"start":{"line":48,"column":18},"end":{"line":48,"column":35}},"type":"default-arg","locations":[{"start":{"line":48,"column":34},"end":{"line":48,"column":35}}]},"6":{"loc":{"start":{"line":51,"column":22},"end":{"line":51,"column":66}},"type":"cond-expr","locations":[{"start":{"line":51,"column":48},"end":{"line":51,"column":55}},{"start":{"line":51,"column":58},"end":{"line":51,"column":66}}]},"7":{"loc":{"start":{"line":66,"column":15},"end":{"line":66,"column":32}},"type":"default-arg","locations":[{"start":{"line":66,"column":31},"end":{"line":66,"column":32}}]},"8":{"loc":{"start":{"line":69,"column":22},"end":{"line":69,"column":66}},"type":"cond-expr","locations":[{"start":{"line":69,"column":48},"end":{"line":69,"column":55}},{"start":{"line":69,"column":58},"end":{"line":69,"column":66}}]},"9":{"loc":{"start":{"line":81,"column":13},"end":{"line":81,"column":39}},"type":"default-arg","locations":[{"start":{"line":81,"column":28},"end":{"line":81,"column":39}}]}},"s":{"0":4,"1":1211,"2":1211,"3":1211,"4":1211,"5":7,"6":7,"7":7,"8":42,"9":25,"10":6,"11":42,"12":15,"13":15,"14":15,"15":15,"16":15,"17":6,"18":6,"19":6,"20":6,"21":1059,"22":1059,"23":1059,"24":1059,"25":27,"26":27,"27":27,"28":1000083,"29":4,"30":2010,"31":2010,"32":2010,"33":2010,"34":3,"35":3,"36":3,"37":1007,"38":1007,"39":1007,"40":3,"41":3,"42":3,"43":4,"44":4,"45":4,"46":3,"47":3,"48":3,"49":4,"50":4,"51":4,"52":4,"53":4,"54":4,"55":20,"56":20,"57":20,"58":10,"59":10,"60":10,"61":10,"62":10,"63":100124,"64":10,"65":10,"66":4},"f":{"0":1211,"1":7,"2":42,"3":25,"4":6,"5":42,"6":15,"7":6,"8":1059,"9":27,"10":1000083,"11":4,"12":2010,"13":3,"14":1007,"15":3,"16":4,"17":3,"18":4,"19":4,"20":20,"21":10},"b":{"0":[5],"1":[152],"2":[144],"3":[145],"4":[10],"5":[2],"6":[4,2],"7":[1012],"8":[44,1015],"9":[4]}}
,"/home/runner/work/buffers/buffers/src/Slice.ts": {"path":"/home/runner/work/buffers/buffers/src/Slice.ts","statementMap":{"0":{"start":{"line":6,"column":20},"end":{"line":6,"column":37}},"1":{"start":{"line":7,"column":20},"end":{"line":7,"column":34}},"2":{"start":{"line":8,"column":20},"end":{"line":8,"column":33}},"3":{"start":{"line":9,"column":20},"end":{"line":9,"column":31}},"4":{"start":{"line":13,"column":4},"end":{"line":13,"column":53}},"5":{"start":{"line":4,"column":0},"end":{"line":4,"column":13}}},"fnMap":{"0":{"name":"(anonymous_0)","decl":{"start":{"line":5,"column":2},"end":{"line":5,"column":null}},"loc":{"start":{"line":9,"column":31},"end":{"line":10,"column":6}}},"1":{"name":"(anonymous_1)","decl":{"start":{"line":12,"column":9},"end":{"line":12,"column":17}},"loc":{"start":{"line":12,"column":17},"end":{"line":14,"column":3}}}},"branchMap":{},"s":{"0":3,"1":3,"2":3,"3":3,"4":0,"5":4},"f":{"0":3,"1":0},"b":{}}
,"/home/runner/work/buffers/buffers/src/StreamingOctetReader.ts": {"path":"/home/runner/work/buffers/buffers/src/StreamingOctetReader.ts","statementMap":{"0":{"start":{"line":1,"column":21},"end":{"line":1,"column":40}},"1":{"start":{"line":10,"column":21},"end":{"line":10,"column":47}},"2":{"start":{"line":13,"column":12},"end":{"line":13,"column":34}},"3":{"start":{"line":15,"column":12},"end":{"line":15,"column":26}},"4":{"start":{"line":18,"column":4},"end":{"line":18,"column":35}},"5":{"start":{"line":22,"column":4},"end":{"line":22,"column":28}},"6":{"start":{"line":23,"column":4},"end":{"line":23,"column":35}},"7":{"start":{"line":27,"column":4},"end":{"line":27,"column":66}},"8":{"start":{"line":27,"column":28},"end":{"line":27,"column":66}},"9":{"start":{"line":31,"column":4},"end":{"line":31,"column":23}},"10":{"start":{"line":32,"column":18},"end":{"line":32,"column":33}},"11":{"start":{"line":33,"column":12},"end":{"line":33,"column":18}},"12":{"start":{"line":34,"column":18},"end":{"line":34,"column":28}},"13":{"start":{"line":35,"column":4},"end":{"line":39,"column":5}},"14":{"start":{"line":36,"column":6},"end":{"line":36,"column":26}},"15":{"start":{"line":37,"column":6},"end":{"line":37,"column":37}},"16":{"start":{"line":38,"column":6},"end":{"line":38,"column":12}},"17":{"start":{"line":40,"column":4},"end":{"line":40,"column":15}},"18":{"start":{"line":41,"column":4},"end":{"line":41,"column":17}},"19":{"start":{"line":45,"column":19},"end":{"line":45,"column":28}},"20":{"start":{"line":46,"column":19},"end":{"line":46,"column":28}},"21":{"start":{"line":47,"column":19},"end":{"line":47,"column":28}},"22":{"start":{"line":48,"column":19},"end":{"line":48,"column":28}},"23":{"start":{"line":49,"column":4},"end":{"line":49,"column":74}},"24":{"start":{"line":53,"column":4},"end":{"line":53,"column":22}},"25":{"start":{"line":53,"column":15},"end":{"line":53,"column":22}},"26":{"start":{"line":54,"column":4},"end":{"line":54,"column":26}},"27":{"start":{"line":55,"column":19},"end":{"line":55,"column":34}},"28":{"start":{"line":56,"column":18},"end":{"line":56,"column":56}},"29":{"start":{"line":57,"column":4},"end":{"line":57,"column":58}},"30":{"start":{"line":58,"column":4},"end":{"line":58,"column":18}},"31":{"start":{"line":59,"column":4},"end":{"line":62,"column":5}},"32":{"start":{"line":60,"column":6},"end":{"line":60,"column":29}},"33":{"start":{"line":61,"column":6},"end":{"line":61,"column":13}},"34":{"start":{"line":63,"column":21},"end":{"line":63,"column":22}},"35":{"start":{"line":64,"column":4},"end":{"line":70,"column":5}},"36":{"start":{"line":65,"column":21},"end":{"line":65,"column":45}},"37":{"start":{"line":66,"column":20},"end":{"line":66,"column":49}},"38":{"start":{"line":67,"column":6},"end":{"line":67,"column":54}},"39":{"start":{"line":68,"column":6},"end":{"line":68,"column":20}},"40":{"start":{"line":69,"column":6},"end":{"line":69,"column":19}},"41":{"start":{"line":71,"column":4},"end":{"line":71,"column":26}},"42":{"start":{"line":81,"column":4},"end":{"line":81,"column":22}},"43":{"start":{"line":81,"column":15},"end":{"line":81,"column":22}},"44":{"start":{"line":82,"column":4},"end":{"line":82,"column":26}},"45":{"start":{"line":83,"column":19},"end":{"line":83,"column":34}},"46":{"start":{"line":84,"column":12},"end":{"line":84,"column":18}},"47":{"start":{"line":85,"column":18},"end":{"line":85,"column":51}},"48":{"start":{"line":86,"column":16},"end":{"line":86,"column":25}},"49":{"start":{"line":87,"column":4},"end":{"line":87,"column":71}},"50":{"start":{"line":87,"column":22},"end":{"line":87,"column":71}},"51":{"start":{"line":88,"column":4},"end":{"line":88,"column":18}},"52":{"start":{"line":89,"column":4},"end":{"line":92,"column":5}},"53":{"start":{"line":90,"column":6},"end":{"line":90,"column":29}},"54":{"start":{"line":91,"column":6},"end":{"line":91,"column":13}},"55":{"start":{"line":93,"column":21},"end":{"line":93,"column":22}},"56":{"start":{"line":94,"column":4},"end":{"line":99,"column":5}},"57":{"start":{"line":95,"column":21},"end":{"line":95,"column":47}},"58":{"start":{"line":96,"column":20},"end":{"line":96,"column":49}},"59":{"start":{"line":97,"column":6},"end":{"line":97,"column":84}},"60":{"start":{"line":97,"column":19},"end":{"line":97,"column":20}},"61":{"start":{"line":97,"column":35},"end":{"line":97,"column":84}},"62":{"start":{"line":98,"column":6},"end":{"line":98,"column":20}},"63":{"start":{"line":100,"column":4},"end":{"line":100,"column":26}},"64":{"start":{"line":104,"column":4},"end":{"line":104,"column":26}},"65":{"start":{"line":105,"column":16},"end":{"line":105,"column":36}},"66":{"start":{"line":106,"column":4},"end":{"line":106,"column":28}},"67":{"start":{"line":107,"column":4},"end":{"line":107,"column":15}},"68":{"start":{"line":111,"column":4},"end":{"line":111,"column":26}},"69":{"start":{"line":112,"column":16},"end":{"line":112,"column":36}},"70":{"start":{"line":113,"column":4},"end":{"line":113,"column":48}},"71":{"start":{"line":114,"column":4},"end":{"line":114,"column":15}},"72":{"start":{"line":118,"column":4},"end":{"line":118,"column":19}},"73":{"start":{"line":118,"column":12},"end":{"line":118,"column":19}},"74":{"start":{"line":119,"column":18},"end":{"line":119,"column":33}},"75":{"start":{"line":120,"column":24},"end":{"line":120,"column":36}},"76":{"start":{"line":121,"column":22},"end":{"line":121,"column":42}},"77":{"start":{"line":122,"column":4},"end":{"line":125,"column":5}},"78":{"start":{"line":123,"column":6},"end":{"line":123,"column":26}},"79":{"start":{"line":124,"column":6},"end":{"line":124,"column":13}},"80":{"start":{"line":126,"column":4},"end":{"line":126,"column":15}},"81":{"start":{"line":127,"column":4},"end":{"line":127,"column":24}},"82":{"start":{"line":128,"column":4},"end":{"line":128,"column":34}},"83":{"start":{"line":129,"column":4},"end":{"line":129,"column":19}},"84":{"start":{"line":130,"column":4},"end":{"line":130,"column":23}},"85":{"start":{"line":134,"column":4},"end":{"line":134,"column":23}},"86":{"start":{"line":135,"column":4},"end":{"line":135,"column":23}},"87":{"start":{"line":139,"column":4},"end":{"line":139,"column":23}},"88":{"start":{"line":140,"column":4},"end":{"line":140,"column":35}},"89":{"start":{"line":148,"column":4},"end":{"line":148,"column":23}},"90":{"start":{"line":152,"column":4},"end":{"line":152,"column":28}},"91":{"start":{"line":153,"column":12},"end":{"line":153,"column":13}},"92":{"start":{"line":154,"column":29},"end":{"line":154,"column":31}},"93":{"start":{"line":155,"column":4},"end":{"line":186,"column":5}},"94":{"start":{"line":156,"column":17},"end":{"line":156,"column":50}},"95":{"start":{"line":157,"column":6},"end":{"line":157,"column":10}},"96":{"start":{"line":158,"column":6},"end":{"line":184,"column":7}},"97":{"start":{"line":159,"column":23},"end":{"line":159,"column":65}},"98":{"start":{"line":160,"column":8},"end":{"line":160,"column":12}},"99":{"start":{"line":161,"column":8},"end":{"line":183,"column":9}},"100":{"start":{"line":162,"column":10},"end":{"line":162,"column":47}},"101":{"start":{"line":164,"column":25},"end":{"line":164,"column":67}},"102":{"start":{"line":165,"column":10},"end":{"line":165,"column":14}},"103":{"start":{"line":166,"column":10},"end":{"line":182,"column":11}},"104":{"start":{"line":167,"column":12},"end":{"line":167,"column":66}},"105":{"start":{"line":169,"column":12},"end":{"line":181,"column":13}},"106":{"start":{"line":170,"column":29},"end":{"line":170,"column":71}},"107":{"start":{"line":171,"column":14},"end":{"line":171,"column":18}},"108":{"start":{"line":172,"column":25},"end":{"line":172,"column":95}},"109":{"start":{"line":173,"column":14},"end":{"line":180,"column":15}},"110":{"start":{"line":174,"column":16},"end":{"line":174,"column":32}},"111":{"start":{"line":175,"column":30},"end":{"line":175,"column":62}},"112":{"start":{"line":176,"column":16},"end":{"line":176,"column":47}},"113":{"start":{"line":177,"column":16},"end":{"line":177,"column":35}},"114":{"start":{"line":179,"column":16},"end":{"line":179,"column":28}},"115":{"start":{"line":185,"column":6},"end":{"line":185,"column":24}},"116":{"start":{"line":187,"column":4},"end":{"line":187,"column":46}},"117":{"start":{"line":9,"column":0},"end":{"line":9,"column":13}}},"fnMap":{"0":{"name":"(anonymous_0)","decl":{"start":{"line":9,"column":0},"end":{"line":9,"column":13}},"loc":{"start":{"line":9,"column":0},"end":{"line":189,"column":1}}},"1":{"name":"(anonymous_1)","decl":{"start":{"line":17,"column":9},"end":{"line":17,"column":13}},"loc":{"start":{"line":17,"column":13},"end":{"line":19,"column":3}}},"2":{"name":"(anonymous_2)","decl":{"start":{"line":21,"column":9},"end":{"line":21,"column":13}},"loc":{"start":{"line":21,"column":31},"end":{"line":24,"column":3}}},"3":{"name":"(anonymous_3)","decl":{"start":{"line":26,"column":12},"end":{"line":26,"column":22}},"loc":{"start":{"line":26,"column":35},"end":{"line":28,"column":3}}},"4":{"name":"(anonymous_4)","decl":{"start":{"line":30,"column":9},"end":{"line":30,"column":11}},"loc":{"start":{"line":30,"column":11},"end":{"line":42,"column":3}}},"5":{"name":"(anonymous_5)","decl":{"start":{"line":44,"column":9},"end":{"line":44,"column":12}},"loc":{"start":{"line":44,"column":12},"end":{"line":50,"column":3}}},"6":{"name":"(anonymous_6)","decl":{"start":{"line":52,"column":9},"end":{"line":52,"column":13}},"loc":{"start":{"line":52,"column":56},"end":{"line":72,"column":3}}},"7":{"name":"(anonymous_7)","decl":{"start":{"line":74,"column":9},"end":{"line":74,"column":16}},"loc":{"start":{"line":79,"column":21},"end":{"line":101,"column":3}}},"8":{"name":"(anonymous_8)","decl":{"start":{"line":103,"column":9},"end":{"line":103,"column":12}},"loc":{"start":{"line":103,"column":25},"end":{"line":108,"column":3}}},"9":{"name":"(anonymous_9)","decl":{"start":{"line":110,"column":9},"end":{"line":110,"column":15}},"loc":{"start":{"line":110,"column":87},"end":{"line":115,"column":3}}},"10":{"name":"(anonymous_10)","decl":{"start":{"line":117,"column":9},"end":{"line":117,"column":19}},"loc":{"start":{"line":117,"column":29},"end":{"line":131,"column":3}}},"11":{"name":"(anonymous_11)","decl":{"start":{"line":133,"column":9},"end":{"line":133,"column":13}},"loc":{"start":{"line":133,"column":23},"end":{"line":136,"column":3}}},"12":{"name":"(anonymous_12)","decl":{"start":{"line":138,"column":9},"end":{"line":138,"column":13}},"loc":{"start":{"line":138,"column":13},"end":{"line":141,"column":3}}},"13":{"name":"(anonymous_13)","decl":{"start":{"line":147,"column":9},"end":{"line":147,"column":13}},"loc":{"start":{"line":147,"column":13},"end":{"line":149,"column":3}}},"14":{"name":"(anonymous_14)","decl":{"start":{"line":151,"column":9},"end":{"line":151,"column":13}},"loc":{"start":{"line":151,"column":87},"end":{"line":188,"column":3}}}},"branchMap":{"0":{"loc":{"start":{"line":27,"column":4},"end":{"line":27,"column":66}},"type":"if","locations":[{"start":{"line":27,"column":4},"end":{"line":27,"column":66}}]},"1":{"loc":{"start":{"line":35,"column":4},"end":{"line":39,"column":5}},"type":"if","locations":[{"start":{"line":35,"column":4},"end":{"line":39,"column":5}}]},"2":{"loc":{"start":{"line":53,"column":4},"end":{"line":53,"column":22}},"type":"if","locations":[{"start":{"line":53,"column":4},"end":{"line":53,"column":22}}]},"3":{"loc":{"start":{"line":59,"column":4},"end":{"line":62,"column":5}},"type":"if","locations":[{"start":{"line":59,"column":4},"end":{"line":62,"column":5}}]},"4":{"loc":{"start":{"line":81,"column":4},"end":{"line":81,"column":22}},"type":"if","locations":[{"start":{"line":81,"column":4},"end":{"line":81,"column":22}}]},"5":{"loc":{"start":{"line":89,"column":4},"end":{"line":92,"column":5}},"type":"if","locations":[{"start":{"line":89,"column":4},"end":{"line":92,"column":5}}]},"6":{"loc":{"start":{"line":118,"column":4},"end":{"line":118,"column":19}},"type":"if","locations":[{"start":{"line":118,"column":4},"end":{"line":118,"column":19}}]},"7":{"loc":{"start":{"line":122,"column":4},"end":{"line":125,"column":5}},"type":"if","locations":[{"start":{"line":122,"column":4},"end":{"line":125,"column":5}}]},"8":{"loc":{"start":{"line":158,"column":6},"end":{"line":184,"column":7}},"type":"if","locations":[{"start":{"line":158,"column":6},"end":{"line":184,"column":7}}]},"9":{"loc":{"start":{"line":161,"column":8},"end":{"line":183,"column":9}},"type":"if","locations":[{"start":{"line":161,"column":8},"end":{"line":183,"column":9}},{"start":{"line":163,"column":15},"end":{"line":183,"column":9}}]},"10":{"loc":{"start":{"line":166,"column":10},"end":{"line":182,"column":11}},"type":"if","locations":[{"start":{"line":166,"column":10},"end":{"line":182,"column":11}},{"start":{"line":168,"column":17},"end":{"line":182,"column":11}}]},"11":{"loc":{"start":{"line":169,"column":12},"end":{"line":181,"column":13}},"type":"if","locations":[{"start":{"line":169,"column":12},"end":{"line":181,"column":13}}]},"12":{"loc":{"start":{"line":173,"column":14},"end":{"line":180,"column":15}},"type":"if","locations":[{"start":{"line":173,"column":14},"end":{"line":180,"column":15}},{"start":{"line":178,"column":21},"end":{"line":180,"column":15}}]}},"s":{"0":1,"1":3,"2":3,"3":3,"4":14,"5":3,"6":3,"7":14,"8":0,"9":4,"10":4,"11":4,"12":4,"13":4,"14":0,"15":0,"16":0,"17":4,"18":4,"19":0,"20":0,"21":0,"22":0,"23":0,"24":0,"25":0,"26":0,"27":0,"28":0,"29":0,"30":0,"31":0,"32":0,"33":0,"34":0,"35":0,"36":0,"37":0,"38":0,"39":0,"40":0,"41":0,"42":0,"43":0,"44":0,"45":0,"46":0,"47":0,"48":0,"49":0,"50":0,"51":0,"52":0,"53":0,"54":0,"55":0,"56":0,"57":0,"58":0,"59":0,"60":0,"61":0,"62":0,"63":0,"64":0,"65":0,"66":0,"67":0,"68":0,"69":0,"70":0,"71":0,"72":0,"73":0,"74":0,"75":0,"76":0,"77":0,"78":0,"79":0,"80":0,"81":0,"82":0,"83":0,"84":0,"85":0,"86":0,"87":10,"88":10,"89":5,"90":0,"91":0,"92":0,"93":0,"94":0,"95":0,"96":0,"97":0,"98":0,"99":0,"100":0,"101":0,"102":0,"103":0,"104":0,"105":0,"106":0,"107":0,"108":0,"109":0,"110":0,"111":0,"112":0,"113":0,"114":0,"115":0,"116":0,"117":1},"f":{"0":3,"1":14,"2":3,"3":14,"4":4,"5":0,"6":0,"7":0,"8":0,"9":0,"10":0,"11":0,"12":10,"13":5,"14":0},"b":{"0":[0],"1":[0],"2":[0],"3":[0],"4":[0],"5":[0],"6":[0],"7":[0],"8":[0],"9":[0,0],"10":[0,0],"11":[0],"12":[0,0]}}
,"/home/runner/work/buffers/buffers/src/StreamingReader.ts": {"path":"/home/runner/work/buffers/buffers/src/StreamingReader.ts","statementMap":{"0":{"start":{"line":1,"column":0},"end":{"line":1,"column":32}},"1":{"start":{"line":2,"column":0},"end":{"line":2,"column":45}},"2":{"start":{"line":4,"column":0},"end":{"line":4,"column":32}},"3":{"start":{"line":12,"column":12},"end":{"line":12,"column":19}},"4":{"start":{"line":15,"column":4},"end":{"line":15,"column":40}},"5":{"start":{"line":22,"column":4},"end":{"line":22,"column":34}},"6":{"start":{"line":31,"column":4},"end":{"line":31,"column":66}},"7":{"start":{"line":31,"column":28},"end":{"line":31,"column":66}},"8":{"start":{"line":42,"column":4},"end":{"line":42,"column":41}},"9":{"start":{"line":50,"column":4},"end":{"line":50,"column":30}},"10":{"start":{"line":51,"column":4},"end":{"line":51,"column":16}},"11":{"start":{"line":57,"column":4},"end":{"line":57,"column":29}},"12":{"start":{"line":61,"column":4},"end":{"line":61,"column":28}},"13":{"start":{"line":65,"column":4},"end":{"line":65,"column":36}},"14":{"start":{"line":69,"column":4},"end":{"line":69,"column":33}},"15":{"start":{"line":73,"column":4},"end":{"line":73,"column":23}},"16":{"start":{"line":74,"column":4},"end":{"line":74,"column":38}},"17":{"start":{"line":82,"column":4},"end":{"line":82,"column":23}},"18":{"start":{"line":86,"column":4},"end":{"line":86,"column":28}},"19":{"start":{"line":87,"column":4},"end":{"line":87,"column":21}},"20":{"start":{"line":91,"column":4},"end":{"line":91,"column":26}},"21":{"start":{"line":92,"column":16},"end":{"line":92,"column":29}},"22":{"start":{"line":93,"column":16},"end":{"line":93,"column":48}},"23":{"start":{"line":94,"column":4},"end":{"line":94,"column":17}},"24":{"start":{"line":95,"column":4},"end":{"line":95,"column":15}},"25":{"start":{"line":99,"column":14},"end":{"line":99,"column":20}},"26":{"start":{"line":100,"column":24},"end":{"line":100,"column":33}},"27":{"start":{"line":101,"column":22},"end":{"line":101,"column":81}},"28":{"start":{"line":102,"column":4},"end":{"line":102,"column":55}},"29":{"start":{"line":114,"column":14},"end":{"line":114,"column":20}},"30":{"start":{"line":115,"column":24},"end":{"line":115,"column":33}},"31":{"start":{"line":116,"column":22},"end":{"line":116,"column":81}},"32":{"start":{"line":117,"column":4},"end":{"line":117,"column":69}},"33":{"start":{"line":129,"column":18},"end":{"line":129,"column":37}},"34":{"start":{"line":130,"column":4},"end":{"line":130,"column":20}},"35":{"start":{"line":131,"column":4},"end":{"line":131,"column":17}},"36":{"start":{"line":135,"column":4},"end":{"line":135,"column":23}},"37":{"start":{"line":136,"column":4},"end":{"line":136,"column":40}},"38":{"start":{"line":140,"column":4},"end":{"line":140,"column":23}},"39":{"start":{"line":141,"column":4},"end":{"line":141,"column":39}},"40":{"start":{"line":145,"column":4},"end":{"line":145,"column":23}},"41":{"start":{"line":146,"column":16},"end":{"line":146,"column":43}},"42":{"start":{"line":147,"column":4},"end":{"line":147,"column":16}},"43":{"start":{"line":148,"column":4},"end":{"line":148,"column":15}},"44":{"start":{"line":152,"column":4},"end":{"line":152,"column":23}},"45":{"start":{"line":153,"column":16},"end":{"line":153,"column":42}},"46":{"start":{"line":154,"column":4},"end":{"line":154,"column":16}},"47":{"start":{"line":155,"column":4},"end":{"line":155,"column":15}},"48":{"start":{"line":159,"column":4},"end":{"line":159,"column":23}},"49":{"start":{"line":160,"column":16},"end":{"line":160,"column":43}},"50":{"start":{"line":161,"column":4},"end":{"line":161,"column":16}},"51":{"start":{"line":162,"column":4},"end":{"line":162,"column":15}},"52":{"start":{"line":166,"column":4},"end":{"line":166,"column":23}},"53":{"start":{"line":167,"column":16},"end":{"line":167,"column":42}},"54":{"start":{"line":168,"column":4},"end":{"line":168,"column":16}},"55":{"start":{"line":169,"column":4},"end":{"line":169,"column":15}},"56":{"start":{"line":173,"column":4},"end":{"line":173,"column":23}},"57":{"start":{"line":174,"column":16},"end":{"line":174,"column":46}},"58":{"start":{"line":175,"column":4},"end":{"line":175,"column":16}},"59":{"start":{"line":176,"column":4},"end":{"line":176,"column":15}},"60":{"start":{"line":180,"column":4},"end":{"line":180,"column":23}},"61":{"start":{"line":181,"column":16},"end":{"line":181,"column":45}},"62":{"start":{"line":182,"column":4},"end":{"line":182,"column":16}},"63":{"start":{"line":183,"column":4},"end":{"line":183,"column":15}},"64":{"start":{"line":187,"column":4},"end":{"line":187,"column":23}},"65":{"start":{"line":188,"column":16},"end":{"line":188,"column":22}},"66":{"start":{"line":189,"column":4},"end":{"line":189,"column":16}},"67":{"start":{"line":190,"column":4},"end":{"line":190,"column":37}},"68":{"start":{"line":194,"column":4},"end":{"line":194,"column":23}},"69":{"start":{"line":195,"column":16},"end":{"line":195,"column":22}},"70":{"start":{"line":196,"column":4},"end":{"line":196,"column":16}},"71":{"start":{"line":197,"column":4},"end":{"line":197,"column":37}},"72":{"start":{"line":201,"column":4},"end":{"line":201,"column":26}},"73":{"start":{"line":202,"column":18},"end":{"line":202,"column":24}},"74":{"start":{"line":203,"column":4},"end":{"line":203,"column":19}},"75":{"start":{"line":204,"column":4},"end":{"line":204,"column":47}},"76":{"start":{"line":208,"column":4},"end":{"line":208,"column":28}},"77":{"start":{"line":209,"column":18},"end":{"line":209,"column":28}},"78":{"start":{"line":210,"column":14},"end":{"line":210,"column":16}},"79":{"start":{"line":211,"column":16},"end":{"line":211,"column":31}},"80":{"start":{"line":212,"column":4},"end":{"line":212,"column":76}},"81":{"start":{"line":212,"column":17},"end":{"line":212,"column":23}},"82":{"start":{"line":212,"column":39},"end":{"line":212,"column":76}},"83":{"start":{"line":213,"column":4},"end":{"line":213,"column":17}},"84":{"start":{"line":214,"column":4},"end":{"line":214,"column":15}},"85":{"start":{"line":220,"column":4},"end":{"line":220,"column":16}},"86":{"start":{"line":221,"column":4},"end":{"line":221,"column":24}},"87":{"start":{"line":222,"column":4},"end":{"line":222,"column":21}},"88":{"start":{"line":6,"column":0},"end":{"line":6,"column":13}}},"fnMap":{"0":{"name":"(anonymous_0)","decl":{"start":{"line":14,"column":2},"end":{"line":14,"column":14}},"loc":{"start":{"line":14,"column":43},"end":{"line":16,"column":3}}},"1":{"name":"(anonymous_1)","decl":{"start":{"line":21,"column":9},"end":{"line":21,"column":13}},"loc":{"start":{"line":21,"column":13},"end":{"line":23,"column":3}}},"2":{"name":"(anonymous_2)","decl":{"start":{"line":30,"column":12},"end":{"line":30,"column":22}},"loc":{"start":{"line":30,"column":35},"end":{"line":32,"column":3}}},"3":{"name":"(anonymous_3)","decl":{"start":{"line":41,"column":9},"end":{"line":41,"column":13}},"loc":{"start":{"line":41,"column":31},"end":{"line":43,"column":3}}},"4":{"name":"(anonymous_4)","decl":{"start":{"line":49,"column":9},"end":{"line":49,"column":16}},"loc":{"start":{"line":49,"column":16},"end":{"line":52,"column":3}}},"5":{"name":"(anonymous_5)","decl":{"start":{"line":56,"column":2},"end":{"line":56,"column":13}},"loc":{"start":{"line":56,"column":18},"end":{"line":58,"column":3}}},"6":{"name":"(anonymous_6)","decl":{"start":{"line":60,"column":2},"end":{"line":60,"column":13}},"loc":{"start":{"line":60,"column":17},"end":{"line":62,"column":3}}},"7":{"name":"(anonymous_7)","decl":{"start":{"line":64,"column":2},"end":{"line":64,"column":13}},"loc":{"start":{"line":64,"column":14},"end":{"line":66,"column":3}}},"8":{"name":"(anonymous_8)","decl":{"start":{"line":68,"column":2},"end":{"line":68,"column":13}},"loc":{"start":{"line":68,"column":24},"end":{"line":70,"column":3}}},"9":{"name":"(anonymous_9)","decl":{"start":{"line":72,"column":9},"end":{"line":72,"column":13}},"loc":{"start":{"line":72,"column":13},"end":{"line":75,"column":3}}},"10":{"name":"(anonymous_10)","decl":{"start":{"line":81,"column":9},"end":{"line":81,"column":13}},"loc":{"start":{"line":81,"column":13},"end":{"line":83,"column":3}}},"11":{"name":"(anonymous_11)","decl":{"start":{"line":85,"column":9},"end":{"line":85,"column":13}},"loc":{"start":{"line":85,"column":28},"end":{"line":88,"column":3}}},"12":{"name":"(anonymous_12)","decl":{"start":{"line":90,"column":9},"end":{"line":90,"column":12}},"loc":{"start":{"line":90,"column":39},"end":{"line":96,"column":3}}},"13":{"name":"(anonymous_13)","decl":{"start":{"line":98,"column":9},"end":{"line":98,"column":17}},"loc":{"start":{"line":98,"column":49},"end":{"line":103,"column":3}}},"14":{"name":"(anonymous_14)","decl":{"start":{"line":113,"column":9},"end":{"line":113,"column":14}},"loc":{"start":{"line":113,"column":46},"end":{"line":118,"column":3}}},"15":{"name":"(anonymous_15)","decl":{"start":{"line":128,"column":9},"end":{"line":128,"column":12}},"loc":{"start":{"line":128,"column":39},"end":{"line":132,"column":3}}},"16":{"name":"(anonymous_16)","decl":{"start":{"line":134,"column":9},"end":{"line":134,"column":11}},"loc":{"start":{"line":134,"column":11},"end":{"line":137,"column":3}}},"17":{"name":"(anonymous_17)","decl":{"start":{"line":139,"column":9},"end":{"line":139,"column":11}},"loc":{"start":{"line":139,"column":11},"end":{"line":142,"column":3}}},"18":{"name":"(anonymous_18)","decl":{"start":{"line":144,"column":9},"end":{"line":144,"column":12}},"loc":{"start":{"line":144,"column":12},"end":{"line":149,"column":3}}},"19":{"name":"(anonymous_19)","decl":{"start":{"line":151,"column":9},"end":{"line":151,"column":12}},"loc":{"start":{"line":151,"column":12},"end":{"line":156,"column":3}}},"20":{"name":"(anonymous_20)","decl":{"start":{"line":158,"column":9},"end":{"line":158,"column":12}},"loc":{"start":{"line":158,"column":12},"end":{"line":163,"column":3}}},"21":{"name":"(anonymous_21)","decl":{"start":{"line":165,"column":9},"end":{"line":165,"column":12}},"loc":{"start":{"line":165,"column":12},"end":{"line":170,"column":3}}},"22":{"name":"(anonymous_22)","decl":{"start":{"line":172,"column":9},"end":{"line":172,"column":12}},"loc":{"start":{"line":172,"column":12},"end":{"line":177,"column":3}}},"23":{"name":"(anonymous_23)","decl":{"start":{"line":179,"column":9},"end":{"line":179,"column":12}},"loc":{"start":{"line":179,"column":12},"end":{"line":184,"column":3}}},"24":{"name":"(anonymous_24)","decl":{"start":{"line":186,"column":9},"end":{"line":186,"column":12}},"loc":{"start":{"line":186,"column":12},"end":{"line":191,"column":3}}},"25":{"name":"(anonymous_25)","decl":{"start":{"line":193,"column":9},"end":{"line":193,"column":12}},"loc":{"start":{"line":193,"column":12},"end":{"line":198,"column":3}}},"26":{"name":"(anonymous_26)","decl":{"start":{"line":200,"column":9},"end":{"line":200,"column":13}},"loc":{"start":{"line":200,"column":26},"end":{"line":205,"column":3}}},"27":{"name":"(anonymous_27)","decl":{"start":{"line":207,"column":9},"end":{"line":207,"column":14}},"loc":{"start":{"line":207,"column":29},"end":{"line":215,"column":3}}},"28":{"name":"(anonymous_28)","decl":{"start":{"line":219,"column":9},"end":{"line":219,"column":14}},"loc":{"start":{"line":219,"column":32},"end":{"line":223,"column":3}}}},"branchMap":{"0":{"loc":{"start":{"line":14,"column":14},"end":{"line":14,"column":43}},"type":"default-arg","locations":[{"start":{"line":14,"column":34},"end":{"line":14,"column":43}}]},"1":{"loc":{"start":{"line":31,"column":4},"end":{"line":31,"column":66}},"type":"if","locations":[{"start":{"line":31,"column":4},"end":{"line":31,"column":66}}]},"2":{"loc":{"start":{"line":90,"column":13},"end":{"line":90,"column":39}},"type":"default-arg","locations":[{"start":{"line":90,"column":28},"end":{"line":90,"column":39}}]},"3":{"loc":{"start":{"line":98,"column":18},"end":{"line":98,"column":35}},"type":"default-arg","locations":[{"start":{"line":98,"column":34},"end":{"line":98,"column":35}}]},"4":{"loc":{"start":{"line":101,"column":22},"end":{"line":101,"column":81}},"type":"cond-expr","locations":[{"start":{"line":101,"column":48},"end":{"line":101,"column":55}},{"start":{"line":101,"column":58},"end":{"line":101,"column":81}}]},"5":{"loc":{"start":{"line":113,"column":15},"end":{"line":113,"column":32}},"type":"default-arg","locations":[{"start":{"line":113,"column":31},"end":{"line":113,"column":32}}]},"6":{"loc":{"start":{"line":116,"column":22},"end":{"line":116,"column":81}},"type":"cond-expr","locations":[{"start":{"line":116,"column":48},"end":{"line":116,"column":55}},{"start":{"line":116,"column":58},"end":{"line":116,"column":81}}]},"7":{"loc":{"start":{"line":128,"column":13},"end":{"line":128,"column":39}},"type":"default-arg","locations":[{"start":{"line":128,"column":28},"end":{"line":128,"column":39}}]}},"s":{"0":2,"1":2,"2":2,"3":8,"4":8,"5":42,"6":33,"7":3,"8":11,"9":0,"10":0,"11":0,"12":30,"13":83,"14":20,"15":10,"16":10,"17":5,"18":0,"19":0,"20":0,"21":0,"22":0,"23":0,"24":0,"25":0,"26":0,"27":0,"28":0,"29":0,"30":0,"31":0,"32":0,"33":0,"34":0,"35":0,"36":18,"37":17,"38":0,"39":0,"40":4,"41":3,"42":3,"43":3,"44":0,"45":0,"46":0,"47":0,"48":1,"49":0,"50":0,"51":0,"52":0,"53":0,"54":0,"55":0,"56":0,"57":0,"58":0,"59":0,"60":0,"61":0,"62":0,"63":0,"64":0,"65":0,"66":0,"67":0,"68":0,"69":0,"70":0,"71":0,"72":0,"73":0,"74":0,"75":0,"76":0,"77":0,"78":0,"79":0,"80":0,"81":0,"82":0,"83":0,"84":0,"85":0,"86":0,"87":0,"88":2},"f":{"0":8,"1":42,"2":33,"3":11,"4":0,"5":0,"6":30,"7":83,"8":20,"9":10,"10":5,"11":0,"12":0,"13":0,"14":0,"15":0,"16":18,"17":0,"18":4,"19":0,"20":1,"21":0,"22":0,"23":0,"24":0,"25":0,"26":0,"27":0,"28":0},"b":{"0":[4],"1":[3],"2":[0],"3":[0],"4":[0,0],"5":[0],"6":[0,0],"7":[0]}}
,"/home/runner/work/buffers/buffers/src/Writer.ts": {"path":"/home/runner/work/buffers/buffers/src/Writer.ts","statementMap":{"0":{"start":{"line":1,"column":0},"end":{"line":1,"column":30}},"1":{"start":{"line":4,"column":20},"end":{"line":4,"column":38}},"2":{"start":{"line":5,"column":19},"end":{"line":5,"column":51}},"3":{"start":{"line":7,"column":18},"end":{"line":7,"column":46}},"4":{"start":{"line":8,"column":18},"end":{"line":10,"column":8}},"5":{"start":{"line":11,"column":13},"end":{"line":11,"column":43}},"6":{"start":{"line":12,"column":20},"end":{"line":12,"column":81}},"7":{"start":{"line":33,"column":21},"end":{"line":33,"column":41}},"8":{"start":{"line":23,"column":9},"end":{"line":23,"column":37}},"9":{"start":{"line":25,"column":9},"end":{"line":25,"column":24}},"10":{"start":{"line":27,"column":9},"end":{"line":27,"column":23}},"11":{"start":{"line":34,"column":4},"end":{"line":34,"column":43}},"12":{"start":{"line":35,"column":4},"end":{"line":35,"column":26}},"13":{"start":{"line":36,"column":4},"end":{"line":36,"column":48}},"14":{"start":{"line":41,"column":15},"end":{"line":41,"column":22}},"15":{"start":{"line":42,"column":14},"end":{"line":42,"column":20}},"16":{"start":{"line":43,"column":21},"end":{"line":43,"column":31}},"17":{"start":{"line":44,"column":21},"end":{"line":44,"column":41}},"18":{"start":{"line":45,"column":17},"end":{"line":45,"column":46}},"19":{"start":{"line":46,"column":24},"end":{"line":46,"column":48}},"20":{"start":{"line":47,"column":4},"end":{"line":47,"column":33}},"21":{"start":{"line":48,"column":4},"end":{"line":48,"column":20}},"22":{"start":{"line":49,"column":4},"end":{"line":49,"column":16}},"23":{"start":{"line":50,"column":4},"end":{"line":50,"column":26}},"24":{"start":{"line":51,"column":4},"end":{"line":51,"column":21}},"25":{"start":{"line":52,"column":4},"end":{"line":52,"column":21}},"26":{"start":{"line":62,"column":23},"end":{"line":62,"column":32}},"27":{"start":{"line":63,"column":22},"end":{"line":63,"column":41}},"28":{"start":{"line":64,"column":4},"end":{"line":69,"column":5}},"29":{"start":{"line":65,"column":20},"end":{"line":65,"column":40}},"30":{"start":{"line":66,"column":23},"end":{"line":66,"column":43}},"31":{"start":{"line":67,"column":28},"end":{"line":67,"column":44}},"32":{"start":{"line":68,"column":6},"end":{"line":68,"column":86}},"33":{"start":{"line":74,"column":4},"end":{"line":74,"column":34}},"34":{"start":{"line":75,"column":4},"end":{"line":75,"column":23}},"35":{"start":{"line":79,"column":4},"end":{"line":79,"column":21}},"36":{"start":{"line":89,"column":19},"end":{"line":89,"column":52}},"37":{"start":{"line":90,"column":4},"end":{"line":90,"column":21}},"38":{"start":{"line":91,"column":4},"end":{"line":91,"column":43}},"39":{"start":{"line":92,"column":4},"end":{"line":92,"column":25}},"40":{"start":{"line":99,"column":19},"end":{"line":99,"column":55}},"41":{"start":{"line":100,"column":4},"end":{"line":100,"column":21}},"42":{"start":{"line":101,"column":4},"end":{"line":101,"column":18}},"43":{"start":{"line":105,"column":18},"end":{"line":105,"column":67}},"44":{"start":{"line":106,"column":4},"end":{"line":106,"column":21}},"45":{"start":{"line":107,"column":4},"end":{"line":107,"column":17}},"46":{"start":{"line":111,"column":4},"end":{"line":111,"column":27}},"47":{"start":{"line":112,"column":4},"end":{"line":112,"column":32}},"48":{"start":{"line":116,"column":4},"end":{"line":116,"column":27}},"49":{"start":{"line":117,"column":4},"end":{"line":117,"column":38}},"50":{"start":{"line":118,"column":4},"end":{"line":118,"column":16}},"51":{"start":{"line":122,"column":4},"end":{"line":122,"column":27}},"52":{"start":{"line":123,"column":4},"end":{"line":123,"column":39}},"53":{"start":{"line":124,"column":4},"end":{"line":124,"column":16}},"54":{"start":{"line":128,"column":4},"end":{"line":128,"column":27}},"55":{"start":{"line":129,"column":4},"end":{"line":129,"column":38}},"56":{"start":{"line":130,"column":4},"end":{"line":130,"column":16}},"57":{"start":{"line":134,"column":4},"end":{"line":134,"column":27}},"58":{"start":{"line":135,"column":4},"end":{"line":135,"column":50}},"59":{"start":{"line":136,"column":4},"end":{"line":136,"column":16}},"60":{"start":{"line":140,"column":4},"end":{"line":140,"column":27}},"61":{"start":{"line":141,"column":4},"end":{"line":141,"column":40}},"62":{"start":{"line":142,"column":4},"end":{"line":142,"column":16}},"63":{"start":{"line":146,"column":4},"end":{"line":146,"column":27}},"64":{"start":{"line":147,"column":12},"end":{"line":147,"column":18}},"65":{"start":{"line":148,"column":4},"end":{"line":148,"column":25}},"66":{"start":{"line":149,"column":4},"end":{"line":149,"column":32}},"67":{"start":{"line":150,"column":4},"end":{"line":150,"column":33}},"68":{"start":{"line":151,"column":4},"end":{"line":151,"column":15}},"69":{"start":{"line":155,"column":4},"end":{"line":155,"column":27}},"70":{"start":{"line":156,"column":12},"end":{"line":156,"column":18}},"71":{"start":{"line":157,"column":4},"end":{"line":157,"column":25}},"72":{"start":{"line":158,"column":4},"end":{"line":158,"column":32}},"73":{"start":{"line":159,"column":4},"end":{"line":159,"column":19}},"74":{"start":{"line":163,"column":4},"end":{"line":163,"column":27}},"75":{"start":{"line":164,"column":12},"end":{"line":164,"column":18}},"76":{"start":{"line":165,"column":4},"end":{"line":165,"column":25}},"77":{"start":{"line":166,"column":4},"end":{"line":166,"column":43}},"78":{"start":{"line":167,"column":4},"end":{"line":167,"column":19}},"79":{"start":{"line":171,"column":4},"end":{"line":171,"column":27}},"80":{"start":{"line":172,"column":12},"end":{"line":172,"column":18}},"81":{"start":{"line":173,"column":4},"end":{"line":173,"column":25}},"82":{"start":{"line":174,"column":4},"end":{"line":174,"column":33}},"83":{"start":{"line":175,"column":4},"end":{"line":175,"column":19}},"84":{"start":{"line":179,"column":4},"end":{"line":179,"column":27}},"85":{"start":{"line":180,"column":12},"end":{"line":180,"column":18}},"86":{"start":{"line":181,"column":4},"end":{"line":181,"column":25}},"87":{"start":{"line":182,"column":4},"end":{"line":182,"column":33}},"88":{"start":{"line":183,"column":4},"end":{"line":183,"column":19}},"89":{"start":{"line":187,"column":4},"end":{"line":187,"column":32}},"90":{"start":{"line":188,"column":14},"end":{"line":188,"column":20}},"91":{"start":{"line":189,"column":4},"end":{"line":189,"column":27}},"92":{"start":{"line":190,"column":4},"end":{"line":190,"column":24}},"93":{"start":{"line":201,"column":22},"end":{"line":201,"column":36}},"94":{"start":{"line":202,"column":4},"end":{"line":202,"column":53}},"95":{"start":{"line":202,"column":25},"end":{"line":202,"column":53}},"96":{"start":{"line":203,"column":4},"end":{"line":218,"column":5}},"97":{"start":{"line":204,"column":26},"end":{"line":204,"column":76}},"98":{"start":{"line":205,"column":6},"end":{"line":205,"column":28}},"99":{"start":{"line":206,"column":6},"end":{"line":206,"column":25}},"100":{"start":{"line":207,"column":11},"end":{"line":218,"column":5}},"101":{"start":{"line":208,"column":20},"end":{"line":208,"column":30}},"102":{"start":{"line":209,"column":21},"end":{"line":209,"column":46}},"103":{"start":{"line":210,"column":18},"end":{"line":210,"column":73}},"104":{"start":{"line":211,"column":26},"end":{"line":211,"column":62}},"105":{"start":{"line":212,"column":6},"end":{"line":212,"column":28}},"106":{"start":{"line":213,"column":6},"end":{"line":213,"column":25}},"107":{"start":{"line":214,"column":11},"end":{"line":218,"column":5}},"108":{"start":{"line":215,"column":26},"end":{"line":215,"column":112}},"109":{"start":{"line":216,"column":6},"end":{"line":216,"column":28}},"110":{"start":{"line":217,"column":6},"end":{"line":217,"column":25}},"111":{"start":{"line":219,"column":4},"end":{"line":219,"column":32}},"112":{"start":{"line":223,"column":19},"end":{"line":223,"column":29}},"113":{"start":{"line":224,"column":18},"end":{"line":224,"column":28}},"114":{"start":{"line":225,"column":17},"end":{"line":225,"column":23}},"115":{"start":{"line":226,"column":14},"end":{"line":226,"column":15}},"116":{"start":{"line":227,"column":4},"end":{"line":254,"column":5}},"117":{"start":{"line":228,"column":18},"end":{"line":228,"column":39}},"118":{"start":{"line":229,"column":6},"end":{"line":252,"column":7}},"119":{"start":{"line":230,"column":8},"end":{"line":230,"column":32}},"120":{"start":{"line":231,"column":8},"end":{"line":231,"column":17}},"121":{"start":{"line":232,"column":13},"end":{"line":252,"column":7}},"122":{"start":{"line":233,"column":8},"end":{"line":233,"column":55}},"123":{"start":{"line":235,"column":8},"end":{"line":243,"column":9}},"124":{"start":{"line":236,"column":10},"end":{"line":242,"column":11}},"125":{"start":{"line":237,"column":26},"end":{"line":237,"column":45}},"126":{"start":{"line":238,"column":12},"end":{"line":241,"column":13}},"127":{"start":{"line":239,"column":14},"end":{"line":239,"column":20}},"128":{"start":{"line":240,"column":14},"end":{"line":240,"column":74}},"129":{"start":{"line":244,"column":8},"end":{"line":251,"column":9}},"130":{"start":{"line":245,"column":10},"end":{"line":245,"column":58}},"131":{"start":{"line":246,"column":10},"end":{"line":246,"column":57}},"132":{"start":{"line":248,"column":10},"end":{"line":248,"column":58}},"133":{"start":{"line":249,"column":10},"end":{"line":249,"column":58}},"134":{"start":{"line":250,"column":10},"end":{"line":250,"column":57}},"135":{"start":{"line":253,"column":6},"end":{"line":253,"column":46}},"136":{"start":{"line":255,"column":24},"end":{"line":255,"column":39}},"137":{"start":{"line":256,"column":4},"end":{"line":256,"column":20}},"138":{"start":{"line":257,"column":4},"end":{"line":257,"column":23}},"139":{"start":{"line":261,"column":19},"end":{"line":261,"column":29}},"140":{"start":{"line":262,"column":4},"end":{"line":262,"column":32}},"141":{"start":{"line":263,"column":18},"end":{"line":263,"column":28}},"142":{"start":{"line":264,"column":12},"end":{"line":264,"column":18}},"143":{"start":{"line":265,"column":14},"end":{"line":265,"column":15}},"144":{"start":{"line":266,"column":4},"end":{"line":266,"column":60}},"145":{"start":{"line":266,"column":25},"end":{"line":266,"column":60}},"146":{"start":{"line":267,"column":4},"end":{"line":267,"column":15}},"147":{"start":{"line":19,"column":0},"end":{"line":19,"column":13}}},"fnMap":{"0":{"name":"(anonymous_0)","decl":{"start":{"line":33,"column":2},"end":{"line":33,"column":21}},"loc":{"start":{"line":33,"column":50},"end":{"line":37,"column":3}}},"1":{"name":"(anonymous_1)","decl":{"start":{"line":40,"column":12},"end":{"line":40,"column":16}},"loc":{"start":{"line":40,"column":29},"end":{"line":53,"column":3}}},"2":{"name":"(anonymous_2)","decl":{"start":{"line":61,"column":9},"end":{"line":61,"column":23}},"loc":{"start":{"line":61,"column":40},"end":{"line":70,"column":3}}},"3":{"name":"(anonymous_3)","decl":{"start":{"line":73,"column":9},"end":{"line":73,"column":13}},"loc":{"start":{"line":73,"column":30},"end":{"line":76,"column":3}}},"4":{"name":"(anonymous_4)","decl":{"start":{"line":78,"column":9},"end":{"line":78,"column":14}},"loc":{"start":{"line":78,"column":14},"end":{"line":80,"column":3}}},"5":{"name":"(anonymous_5)","decl":{"start":{"line":88,"column":9},"end":{"line":88,"column":18}},"loc":{"start":{"line":88,"column":31},"end":{"line":93,"column":3}}},"6":{"name":"(anonymous_6)","decl":{"start":{"line":98,"column":9},"end":{"line":98,"column":14}},"loc":{"start":{"line":98,"column":14},"end":{"line":102,"column":3}}},"7":{"name":"(anonymous_7)","decl":{"start":{"line":104,"column":9},"end":{"line":104,"column":19}},"loc":{"start":{"line":104,"column":19},"end":{"line":108,"column":3}}},"8":{"name":"(anonymous_8)","decl":{"start":{"line":110,"column":9},"end":{"line":110,"column":11}},"loc":{"start":{"line":110,"column":24},"end":{"line":113,"column":3}}},"9":{"name":"(anonymous_9)","decl":{"start":{"line":115,"column":9},"end":{"line":115,"column":12}},"loc":{"start":{"line":115,"column":25},"end":{"line":119,"column":3}}},"10":{"name":"(anonymous_10)","decl":{"start":{"line":121,"column":9},"end":{"line":121,"column":12}},"loc":{"start":{"line":121,"column":26},"end":{"line":125,"column":3}}},"11":{"name":"(anonymous_11)","decl":{"start":{"line":127,"column":9},"end":{"line":127,"column":12}},"loc":{"start":{"line":127,"column":26},"end":{"line":131,"column":3}}},"12":{"name":"(anonymous_12)","decl":{"start":{"line":133,"column":9},"end":{"line":133,"column":12}},"loc":{"start":{"line":133,"column":35},"end":{"line":137,"column":3}}},"13":{"name":"(anonymous_13)","decl":{"start":{"line":139,"column":9},"end":{"line":139,"column":12}},"loc":{"start":{"line":139,"column":26},"end":{"line":143,"column":3}}},"14":{"name":"(anonymous_14)","decl":{"start":{"line":145,"column":9},"end":{"line":145,"column":14}},"loc":{"start":{"line":145,"column":38},"end":{"line":152,"column":3}}},"15":{"name":"(anonymous_15)","decl":{"start":{"line":154,"column":9},"end":{"line":154,"column":14}},"loc":{"start":{"line":154,"column":38},"end":{"line":160,"column":3}}},"16":{"name":"(anonymous_16)","decl":{"start":{"line":162,"column":9},"end":{"line":162,"column":14}},"loc":{"start":{"line":162,"column":47},"end":{"line":168,"column":3}}},"17":{"name":"(anonymous_17)","decl":{"start":{"line":170,"column":9},"end":{"line":170,"column":14}},"loc":{"start":{"line":170,"column":38},"end":{"line":176,"column":3}}},"18":{"name":"(anonymous_18)","decl":{"start":{"line":178,"column":9},"end":{"line":178,"column":14}},"loc":{"start":{"line":178,"column":38},"end":{"line":184,"column":3}}},"19":{"name":"(anonymous_19)","decl":{"start":{"line":186,"column":9},"end":{"line":186,"column":12}},"loc":{"start":{"line":186,"column":44},"end":{"line":191,"column":3}}},"20":{"name":"(anonymous_20)","decl":{"start":{"line":200,"column":9},"end":{"line":200,"column":13}},"loc":{"start":{"line":200,"column":25},"end":{"line":220,"column":3}}},"21":{"name":"(anonymous_21)","decl":{"start":{"line":222,"column":9},"end":{"line":222,"column":19}},"loc":{"start":{"line":222,"column":31},"end":{"line":258,"column":3}}},"22":{"name":"(anonymous_22)","decl":{"start":{"line":260,"column":9},"end":{"line":260,"column":14}},"loc":{"start":{"line":260,"column":26},"end":{"line":268,"column":3}}}},"branchMap":{"0":{"loc":{"start":{"line":8,"column":18},"end":{"line":10,"column":8}},"type":"cond-expr","locations":[{"start":{"line":9,"column":5},"end":{"line":9,"column":109}},{"start":{"line":10,"column":4},"end":{"line":10,"column":8}}]},"1":{"loc":{"start":{"line":11,"column":13},"end":{"line":11,"column":43}},"type":"cond-expr","locations":[{"start":{"line":11,"column":25},"end":{"line":11,"column":36}},{"start":{"line":11,"column":39},"end":{"line":11,"column":43}}]},"2":{"loc":{"start":{"line":12,"column":20},"end":{"line":12,"column":81}},"type":"cond-expr","locations":[{"start":{"line":12,"column":57},"end":{"line":12,"column":74}},{"start":{"line":12,"column":77},"end":{"line":12,"column":81}}]},"3":{"loc":{"start":{"line":33,"column":21},"end":{"line":33,"column":50}},"type":"default-arg","locations":[{"start":{"line":33,"column":41},"end":{"line":33,"column":50}}]},"4":{"loc":{"start":{"line":64,"column":4},"end":{"line":69,"column":5}},"type":"if","locations":[{"start":{"line":64,"column":4},"end":{"line":69,"column":5}}]},"5":{"loc":{"start":{"line":68,"column":16},"end":{"line":68,"column":84}},"type":"cond-expr","locations":[{"start":{"line":68,"column":50},"end":{"line":68,"column":64}},{"start":{"line":68,"column":67},"end":{"line":68,"column":84}}]},"6":{"loc":{"start":{"line":202,"column":4},"end":{"line":202,"column":53}},"type":"if","locations":[{"start":{"line":202,"column":4},"end":{"line":202,"column":53}}]},"7":{"loc":{"start":{"line":203,"column":4},"end":{"line":218,"column":5}},"type":"if","locations":[{"start":{"line":203,"column":4},"end":{"line":218,"column":5}},{"start":{"line":207,"column":11},"end":{"line":218,"column":5}}]},"8":{"loc":{"start":{"line":207,"column":11},"end":{"line":218,"column":5}},"type":"if","locations":[{"start":{"line":207,"column":11},"end":{"line":218,"column":5}},{"start":{"line":214,"column":11},"end":{"line":218,"column":5}}]},"9":{"loc":{"start":{"line":214,"column":11},"end":{"line":218,"column":5}},"type":"if","locations":[{"start":{"line":214,"column":11},"end":{"line":218,"column":5}}]},"10":{"loc":{"start":{"line":214,"column":15},"end":{"line":214,"column":46}},"type":"binary-expr","locations":[{"start":{"line":214,"column":15},"end":{"line":214,"column":31}},{"start":{"line":214,"column":35},"end":{"line":214,"column":46}}]},"11":{"loc":{"start":{"line":229,"column":6},"end":{"line":252,"column":7}},"type":"if","locations":[{"start":{"line":229,"column":6},"end":{"line":252,"column":7}},{"start":{"line":232,"column":13},"end":{"line":252,"column":7}}]},"12":{"loc":{"start":{"line":232,"column":13},"end":{"line":252,"column":7}},"type":"if","locations":[{"start":{"line":232,"column":13},"end":{"line":252,"column":7}},{"start":{"line":234,"column":13},"end":{"line":252,"column":7}}]},"13":{"loc":{"start":{"line":235,"column":8},"end":{"line":243,"column":9}},"type":"if","locations":[{"start":{"line":235,"column":8},"end":{"line":243,"column":9}}]},"14":{"loc":{"start":{"line":235,"column":12},"end":{"line":235,"column":46}},"type":"binary-expr","locations":[{"start":{"line":235,"column":12},"end":{"line":235,"column":27}},{"start":{"line":235,"column":31},"end":{"line":235,"column":46}}]},"15":{"loc":{"start":{"line":236,"column":10},"end":{"line":242,"column":11}},"type":"if","locations":[{"start":{"line":236,"column":10},"end":{"line":242,"column":11}}]},"16":{"loc":{"start":{"line":238,"column":12},"end":{"line":241,"column":13}},"type":"if","locations":[{"start":{"line":238,"column":12},"end":{"line":241,"column":13}}]},"17":{"loc":{"start":{"line":244,"column":8},"end":{"line":251,"column":9}},"type":"if","locations":[{"start":{"line":244,"column":8},"end":{"line":251,"column":9}},{"start":{"line":247,"column":15},"end":{"line":251,"column":9}}]}},"s":{"0":4,"1":4,"2":4,"3":4,"4":4,"5":4,"6":4,"7":91,"8":91,"9":91,"10":91,"11":91,"12":91,"13":91,"14":19,"15":19,"16":19,"17":19,"18":19,"19":19,"20":19,"21":19,"22":19,"23":19,"24":19,"25":19,"26":1083,"27":1083,"28":1083,"29":19,"30":19,"31":19,"32":19,"33":3,"34":3,"35":3,"36":14,"37":14,"38":14,"39":14,"40":41,"41":41,"42":41,"43":3,"44":3,"45":3,"46":1030,"47":1030,"48":2,"49":2,"50":2,"51":2,"52":2,"53":2,"54":2,"55":2,"56":2,"57":3,"58":3,"59":3,"60":2,"61":2,"62":2,"63":1,"64":1,"65":1,"66":1,"67":1,"68":1,"69":1,"70":1,"71":1,"72":1,"73":1,"74":1,"75":1,"76":1,"77":1,"78":1,"79":1,"80":1,"81":1,"82":1,"83":1,"84":1,"85":1,"86":1,"87":1,"88":1,"89":14,"90":14,"91":14,"92":14,"93":44,"94":44,"95":36,"96":8,"97":8,"98":8,"99":8,"100":0,"101":0,"102":0,"103":0,"104":0,"105":0,"106":0,"107":0,"108":0,"109":0,"110":0,"111":0,"112":42,"113":42,"114":42,"115":42,"116":42,"117":200,"118":200,"119":115,"120":115,"121":85,"122":43,"123":42,"124":20,"125":20,"126":20,"127":19,"128":19,"129":42,"130":23,"131":23,"132":19,"133":19,"134":19,"135":85,"136":42,"137":42,"138":42,"139":4,"140":4,"141":4,"142":4,"143":4,"144":4,"145":25,"146":4,"147":4},"f":{"0":91,"1":19,"2":1083,"3":3,"4":3,"5":14,"6":41,"7":3,"8":1030,"9":2,"10":2,"11":2,"12":3,"13":2,"14":1,"15":1,"16":1,"17":1,"18":1,"19":14,"20":44,"21":42,"22":4},"b":{"0":[4,0],"1":[4,0],"2":[4,0],"3":[73],"4":[19],"5":[0,19],"6":[36],"7":[8,0],"8":[0,0],"9":[0],"10":[0,0],"11":[115,85],"12":[43,42],"13":[20],"14":[42,20],"15":[20],"16":[19],"17":[23,19]}}
,"/home/runner/work/buffers/buffers/src/isFloat32.ts": {"path":"/home/runner/work/buffers/buffers/src/isFloat32.ts","statementMap":{"0":{"start":{"line":1,"column":13},"end":{"line":1,"column":45}},"1":{"start":{"line":3,"column":25},"end":{"line":6,"column":1}},"2":{"start":{"line":4,"column":2},"end":{"line":4,"column":24}},"3":{"start":{"line":5,"column":2},"end":{"line":5,"column":34}},"4":{"start":{"line":3,"column":13},"end":{"line":3,"column":25}}},"fnMap":{"0":{"name":"(anonymous_0)","decl":{"start":{"line":3,"column":25},"end":{"line":3,"column":26}},"loc":{"start":{"line":3,"column":48},"end":{"line":6,"column":1}}}},"branchMap":{},"s":{"0":1,"1":1,"2":2,"3":2,"4":1},"f":{"0":2},"b":{}}
,"/home/runner/work/buffers/buffers/src/utf8/decodeAscii.ts": {"path":"/home/runner/work/buffers/buffers/src/utf8/decodeAscii.ts","statementMap":{"0":{"start":{"line":1,"column":21},"end":{"line":1,"column":40}},"1":{"start":{"line":27,"column":27},"end":{"line":35,"column":1}},"2":{"start":{"line":28,"column":16},"end":{"line":28,"column":18}},"3":{"start":{"line":29,"column":2},"end":{"line":33,"column":3}},"4":{"start":{"line":29,"column":15},"end":{"line":29,"column":16}},"5":{"start":{"line":30,"column":17},"end":{"line":30,"column":32}},"6":{"start":{"line":31,"column":4},"end":{"line":31,"column":28}},"7":{"start":{"line":31,"column":21},"end":{"line":31,"column":28}},"8":{"start":{"line":32,"column":4},"end":{"line":32,"column":21}},"9":{"start":{"line":34,"column":2},"end":{"line":34,"column":43}},"10":{"start":{"line":27,"column":13},"end":{"line":27,"column":27}},"11":{"start":{"line":37,"column":32},"end":{"line":167,"column":1}},"12":{"start":{"line":38,"column":2},"end":{"line":166,"column":3}},"13":{"start":{"line":39,"column":4},"end":{"line":63,"column":5}},"14":{"start":{"line":40,"column":6},"end":{"line":48,"column":7}},"15":{"start":{"line":40,"column":24},"end":{"line":40,"column":34}},"16":{"start":{"line":42,"column":18},"end":{"line":42,"column":33}},"17":{"start":{"line":43,"column":8},"end":{"line":46,"column":9}},"18":{"start":{"line":44,"column":10},"end":{"line":44,"column":24}},"19":{"start":{"line":45,"column":10},"end":{"line":45,"column":17}},"20":{"start":{"line":47,"column":8},"end":{"line":47,"column":31}},"21":{"start":{"line":50,"column":16},"end":{"line":50,"column":31}},"22":{"start":{"line":51,"column":16},"end":{"line":51,"column":31}},"23":{"start":{"line":52,"column":6},"end":{"line":55,"column":7}},"24":{"start":{"line":53,"column":8},"end":{"line":53,"column":22}},"25":{"start":{"line":54,"column":8},"end":{"line":54,"column":15}},"26":{"start":{"line":56,"column":6},"end":{"line":56,"column":48}},"27":{"start":{"line":56,"column":22},"end":{"line":56,"column":48}},"28":{"start":{"line":57,"column":16},"end":{"line":57,"column":31}},"29":{"start":{"line":58,"column":6},"end":{"line":61,"column":7}},"30":{"start":{"line":59,"column":8},"end":{"line":59,"column":22}},"31":{"start":{"line":60,"column":8},"end":{"line":60,"column":15}},"32":{"start":{"line":62,"column":6},"end":{"line":62,"column":35}},"33":{"start":{"line":65,"column":14},"end":{"line":65,"column":29}},"34":{"start":{"line":66,"column":14},"end":{"line":66,"column":29}},"35":{"start":{"line":67,"column":14},"end":{"line":67,"column":29}},"36":{"start":{"line":68,"column":14},"end":{"line":68,"column":29}},"37":{"start":{"line":69,"column":4},"end":{"line":72,"column":5}},"38":{"start":{"line":70,"column":6},"end":{"line":70,"column":20}},"39":{"start":{"line":71,"column":6},"end":{"line":71,"column":13}},"40":{"start":{"line":73,"column":4},"end":{"line":165,"column":5}},"41":{"start":{"line":74,"column":6},"end":{"line":82,"column":7}},"42":{"start":{"line":74,"column":24},"end":{"line":74,"column":56}},"43":{"start":{"line":76,"column":18},"end":{"line":76,"column":33}},"44":{"start":{"line":77,"column":8},"end":{"line":80,"column":9}},"45":{"start":{"line":78,"column":10},"end":{"line":78,"column":24}},"46":{"start":{"line":79,"column":10},"end":{"line":79,"column":17}},"47":{"start":{"line":81,"column":8},"end":{"line":81,"column":43}},"48":{"start":{"line":83,"column":11},"end":{"line":165,"column":5}},"49":{"start":{"line":84,"column":16},"end":{"line":84,"column":31}},"50":{"start":{"line":85,"column":16},"end":{"line":85,"column":31}},"51":{"start":{"line":86,"column":6},"end":{"line":89,"column":7}},"52":{"start":{"line":87,"column":8},"end":{"line":87,"column":22}},"53":{"start":{"line":88,"column":8},"end":{"line":88,"column":15}},"54":{"start":{"line":90,"column":6},"end":{"line":90,"column":60}},"55":{"start":{"line":90,"column":22},"end":{"line":90,"column":60}},"56":{"start":{"line":91,"column":16},"end":{"line":91,"column":31}},"57":{"start":{"line":92,"column":6},"end":{"line":95,"column":7}},"58":{"start":{"line":93,"column":8},"end":{"line":93,"column":22}},"59":{"start":{"line":94,"column":8},"end":{"line":94,"column":15}},"60":{"start":{"line":96,"column":6},"end":{"line":96,"column":47}},"61":{"start":{"line":98,"column":16},"end":{"line":98,"column":31}},"62":{"start":{"line":99,"column":16},"end":{"line":99,"column":31}},"63":{"start":{"line":100,"column":16},"end":{"line":100,"column":31}},"64":{"start":{"line":101,"column":16},"end":{"line":101,"column":31}},"65":{"start":{"line":102,"column":6},"end":{"line":105,"column":7}},"66":{"start":{"line":103,"column":8},"end":{"line":103,"column":22}},"67":{"start":{"line":104,"column":8},"end":{"line":104,"column":15}},"68":{"start":{"line":106,"column":6},"end":{"line":164,"column":7}},"69":{"start":{"line":107,"column":8},"end":{"line":115,"column":9}},"70":{"start":{"line":107,"column":26},"end":{"line":107,"column":70}},"71":{"start":{"line":109,"column":20},"end":{"line":109,"column":35}},"72":{"start":{"line":110,"column":10},"end":{"line":113,"column":11}},"73":{"start":{"line":111,"column":12},"end":{"line":111,"column":26}},"74":{"start":{"line":112,"column":12},"end":{"line":112,"column":19}},"75":{"start":{"line":114,"column":10},"end":{"line":114,"column":57}},"76":{"start":{"line":116,"column":13},"end":{"line":164,"column":7}},"77":{"start":{"line":117,"column":18},"end":{"line":117,"column":33}},"78":{"start":{"line":118,"column":18},"end":{"line":118,"column":33}},"79":{"start":{"line":119,"column":8},"end":{"line":122,"column":9}},"80":{"start":{"line":120,"column":10},"end":{"line":120,"column":25}},"81":{"start":{"line":121,"column":10},"end":{"line":121,"column":17}},"82":{"start":{"line":123,"column":8},"end":{"line":123,"column":75}},"83":{"start":{"line":123,"column":25},"end":{"line":123,"column":75}},"84":{"start":{"line":124,"column":18},"end":{"line":124,"column":33}},"85":{"start":{"line":125,"column":8},"end":{"line":128,"column":9}},"86":{"start":{"line":126,"column":10},"end":{"line":126,"column":25}},"87":{"start":{"line":127,"column":10},"end":{"line":127,"column":17}},"88":{"start":{"line":129,"column":8},"end":{"line":129,"column":61}},"89":{"start":{"line":131,"column":18},"end":{"line":131,"column":33}},"90":{"start":{"line":132,"column":18},"end":{"line":132,"column":33}},"91":{"start":{"line":133,"column":18},"end":{"line":133,"column":33}},"92":{"start":{"line":134,"column":18},"end":{"line":134,"column":33}},"93":{"start":{"line":135,"column":8},"end":{"line":138,"column":9}},"94":{"start":{"line":136,"column":10},"end":{"line":136,"column":25}},"95":{"start":{"line":137,"column":10},"end":{"line":137,"column":17}},"96":{"start":{"line":139,"column":8},"end":{"line":163,"column":9}},"97":{"start":{"line":140,"column":10},"end":{"line":148,"column":11}},"98":{"start":{"line":140,"column":29},"end":{"line":140,"column":85}},"99":{"start":{"line":142,"column":22},"end":{"line":142,"column":37}},"100":{"start":{"line":143,"column":12},"end":{"line":146,"column":13}},"101":{"start":{"line":144,"column":14},"end":{"line":144,"column":29}},"102":{"start":{"line":145,"column":14},"end":{"line":145,"column":21}},"103":{"start":{"line":147,"column":12},"end":{"line":147,"column":71}},"104":{"start":{"line":150,"column":20},"end":{"line":150,"column":35}},"105":{"start":{"line":151,"column":20},"end":{"line":151,"column":35}},"106":{"start":{"line":152,"column":10},"end":{"line":155,"column":11}},"107":{"start":{"line":153,"column":12},"end":{"line":153,"column":27}},"108":{"start":{"line":154,"column":12},"end":{"line":154,"column":19}},"109":{"start":{"line":156,"column":10},"end":{"line":156,"column":89}},"110":{"start":{"line":156,"column":27},"end":{"line":156,"column":89}},"111":{"start":{"line":157,"column":20},"end":{"line":157,"column":35}},"112":{"start":{"line":158,"column":10},"end":{"line":161,"column":11}},"113":{"start":{"line":159,"column":12},"end":{"line":159,"column":27}},"114":{"start":{"line":160,"column":12},"end":{"line":160,"column":19}},"115":{"start":{"line":162,"column":10},"end":{"line":162,"column":75}},"116":{"start":{"line":37,"column":13},"end":{"line":37,"column":32}}},"fnMap":{"0":{"name":"(anonymous_0)","decl":{"start":{"line":27,"column":27},"end":{"line":27,"column":28}},"loc":{"start":{"line":27,"column":101},"end":{"line":35,"column":1}}},"1":{"name":"(anonymous_1)","decl":{"start":{"line":37,"column":32},"end":{"line":37,"column":33}},"loc":{"start":{"line":37,"column":106},"end":{"line":167,"column":1}}}},"branchMap":{"0":{"loc":{"start":{"line":31,"column":4},"end":{"line":31,"column":28}},"type":"if","locations":[{"start":{"line":31,"column":4},"end":{"line":31,"column":28}}]},"1":{"loc":{"start":{"line":38,"column":2},"end":{"line":166,"column":3}},"type":"if","locations":[{"start":{"line":38,"column":2},"end":{"line":166,"column":3}},{"start":{"line":64,"column":9},"end":{"line":166,"column":3}}]},"2":{"loc":{"start":{"line":39,"column":4},"end":{"line":63,"column":5}},"type":"if","locations":[{"start":{"line":39,"column":4},"end":{"line":63,"column":5}},{"start":{"line":49,"column":11},"end":{"line":63,"column":5}}]},"3":{"loc":{"start":{"line":40,"column":6},"end":{"line":48,"column":7}},"type":"if","locations":[{"start":{"line":40,"column":6},"end":{"line":48,"column":7}},{"start":{"line":41,"column":11},"end":{"line":48,"column":7}}]},"4":{"loc":{"start":{"line":43,"column":8},"end":{"line":46,"column":9}},"type":"if","locations":[{"start":{"line":43,"column":8},"end":{"line":46,"column":9}}]},"5":{"loc":{"start":{"line":52,"column":6},"end":{"line":55,"column":7}},"type":"if","locations":[{"start":{"line":52,"column":6},"end":{"line":55,"column":7}}]},"6":{"loc":{"start":{"line":52,"column":10},"end":{"line":52,"column":42}},"type":"binary-expr","locations":[{"start":{"line":52,"column":10},"end":{"line":52,"column":24}},{"start":{"line":52,"column":28},"end":{"line":52,"column":42}}]},"7":{"loc":{"start":{"line":56,"column":6},"end":{"line":56,"column":48}},"type":"if","locations":[{"start":{"line":56,"column":6},"end":{"line":56,"column":48}}]},"8":{"loc":{"start":{"line":58,"column":6},"end":{"line":61,"column":7}},"type":"if","locations":[{"start":{"line":58,"column":6},"end":{"line":61,"column":7}}]},"9":{"loc":{"start":{"line":69,"column":4},"end":{"line":72,"column":5}},"type":"if","locations":[{"start":{"line":69,"column":4},"end":{"line":72,"column":5}}]},"10":{"loc":{"start":{"line":69,"column":8},"end":{"line":69,"column":76}},"type":"binary-expr","locations":[{"start":{"line":69,"column":8},"end":{"line":69,"column":22}},{"start":{"line":69,"column":26},"end":{"line":69,"column":40}},{"start":{"line":69,"column":44},"end":{"line":69,"column":58}},{"start":{"line":69,"column":62},"end":{"line":69,"column":76}}]},"11":{"loc":{"start":{"line":73,"column":4},"end":{"line":165,"column":5}},"type":"if","locations":[{"start":{"line":73,"column":4},"end":{"line":165,"column":5}},{"start":{"line":83,"column":11},"end":{"line":165,"column":5}}]},"12":{"loc":{"start":{"line":74,"column":6},"end":{"line":82,"column":7}},"type":"if","locations":[{"start":{"line":74,"column":6},"end":{"line":82,"column":7}},{"start":{"line":75,"column":11},"end":{"line":82,"column":7}}]},"13":{"loc":{"start":{"line":77,"column":8},"end":{"line":80,"column":9}},"type":"if","locations":[{"start":{"line":77,"column":8},"end":{"line":80,"column":9}}]},"14":{"loc":{"start":{"line":83,"column":11},"end":{"line":165,"column":5}},"type":"if","locations":[{"start":{"line":83,"column":11},"end":{"line":165,"column":5}},{"start":{"line":97,"column":11},"end":{"line":165,"column":5}}]},"15":{"loc":{"start":{"line":86,"column":6},"end":{"line":89,"column":7}},"type":"if","locations":[{"start":{"line":86,"column":6},"end":{"line":89,"column":7}}]},"16":{"loc":{"start":{"line":86,"column":10},"end":{"line":86,"column":42}},"type":"binary-expr","locations":[{"start":{"line":86,"column":10},"end":{"line":86,"column":24}},{"start":{"line":86,"column":28},"end":{"line":86,"column":42}}]},"17":{"loc":{"start":{"line":90,"column":6},"end":{"line":90,"column":60}},"type":"if","locations":[{"start":{"line":90,"column":6},"end":{"line":90,"column":60}}]},"18":{"loc":{"start":{"line":92,"column":6},"end":{"line":95,"column":7}},"type":"if","locations":[{"start":{"line":92,"column":6},"end":{"line":95,"column":7}}]},"19":{"loc":{"start":{"line":102,"column":6},"end":{"line":105,"column":7}},"type":"if","locations":[{"start":{"line":102,"column":6},"end":{"line":105,"column":7}}]},"20":{"loc":{"start":{"line":102,"column":10},"end":{"line":102,"column":78}},"type":"binary-expr","locations":[{"start":{"line":102,"column":10},"end":{"line":102,"column":24}},{"start":{"line":102,"column":28},"end":{"line":102,"column":42}},{"start":{"line":102,"column":46},"end":{"line":102,"column":60}},{"start":{"line":102,"column":64},"end":{"line":102,"column":78}}]},"21":{"loc":{"start":{"line":106,"column":6},"end":{"line":164,"column":7}},"type":"if","locations":[{"start":{"line":106,"column":6},"end":{"line":164,"column":7}},{"start":{"line":116,"column":13},"end":{"line":164,"column":7}}]},"22":{"loc":{"start":{"line":107,"column":8},"end":{"line":115,"column":9}},"type":"if","locations":[{"start":{"line":107,"column":8},"end":{"line":115,"column":9}},{"start":{"line":108,"column":13},"end":{"line":115,"column":9}}]},"23":{"loc":{"start":{"line":110,"column":10},"end":{"line":113,"column":11}},"type":"if","locations":[{"start":{"line":110,"column":10},"end":{"line":113,"column":11}}]},"24":{"loc":{"start":{"line":116,"column":13},"end":{"line":164,"column":7}},"type":"if","locations":[{"start":{"line":116,"column":13},"end":{"line":164,"column":7}},{"start":{"line":130,"column":13},"end":{"line":164,"column":7}}]},"25":{"loc":{"start":{"line":119,"column":8},"end":{"line":122,"column":9}},"type":"if","locations":[{"start":{"line":119,"column":8},"end":{"line":122,"column":9}}]},"26":{"loc":{"start":{"line":119,"column":12},"end":{"line":119,"column":44}},"type":"binary-expr","locations":[{"start":{"line":119,"column":12},"end":{"line":119,"column":26}},{"start":{"line":119,"column":30},"end":{"line":119,"column":44}}]},"27":{"loc":{"start":{"line":123,"column":8},"end":{"line":123,"column":75}},"type":"if","locations":[{"start":{"line":123,"column":8},"end":{"line":123,"column":75}}]},"28":{"loc":{"start":{"line":125,"column":8},"end":{"line":128,"column":9}},"type":"if","locations":[{"start":{"line":125,"column":8},"end":{"line":128,"column":9}}]},"29":{"loc":{"start":{"line":135,"column":8},"end":{"line":138,"column":9}},"type":"if","locations":[{"start":{"line":135,"column":8},"end":{"line":138,"column":9}}]},"30":{"loc":{"start":{"line":135,"column":12},"end":{"line":135,"column":80}},"type":"binary-expr","locations":[{"start":{"line":135,"column":12},"end":{"line":135,"column":26}},{"start":{"line":135,"column":30},"end":{"line":135,"column":44}},{"start":{"line":135,"column":48},"end":{"line":135,"column":62}},{"start":{"line":135,"column":66},"end":{"line":135,"column":80}}]},"31":{"loc":{"start":{"line":139,"column":8},"end":{"line":163,"column":9}},"type":"if","locations":[{"start":{"line":139,"column":8},"end":{"line":163,"column":9}},{"start":{"line":149,"column":15},"end":{"line":163,"column":9}}]},"32":{"loc":{"start":{"line":140,"column":10},"end":{"line":148,"column":11}},"type":"if","locations":[{"start":{"line":140,"column":10},"end":{"line":148,"column":11}},{"start":{"line":141,"column":15},"end":{"line":148,"column":11}}]},"33":{"loc":{"start":{"line":143,"column":12},"end":{"line":146,"column":13}},"type":"if","locations":[{"start":{"line":143,"column":12},"end":{"line":146,"column":13}}]},"34":{"loc":{"start":{"line":152,"column":10},"end":{"line":155,"column":11}},"type":"if","locations":[{"start":{"line":152,"column":10},"end":{"line":155,"column":11}}]},"35":{"loc":{"start":{"line":152,"column":14},"end":{"line":152,"column":46}},"type":"binary-expr","locations":[{"start":{"line":152,"column":14},"end":{"line":152,"column":28}},{"start":{"line":152,"column":32},"end":{"line":152,"column":46}}]},"36":{"loc":{"start":{"line":156,"column":10},"end":{"line":156,"column":89}},"type":"if","locations":[{"start":{"line":156,"column":10},"end":{"line":156,"column":89}}]},"37":{"loc":{"start":{"line":158,"column":10},"end":{"line":161,"column":11}},"type":"if","locations":[{"start":{"line":158,"column":10},"end":{"line":161,"column":11}}]}},"s":{"0":5,"1":5,"2":2,"3":2,"4":2,"5":14,"6":14,"7":2,"8":12,"9":0,"10":5,"11":5,"12":17,"13":2,"14":1,"15":1,"16":0,"17":0,"18":0,"19":0,"20":0,"21":1,"22":1,"23":1,"24":0,"25":0,"26":1,"27":1,"28":0,"29":0,"30":0,"31":0,"32":0,"33":15,"34":15,"35":15,"36":15,"37":15,"38":10,"39":10,"40":5,"41":3,"42":1,"43":2,"44":2,"45":0,"46":0,"47":2,"48":2,"49":1,"50":1,"51":1,"52":0,"53":0,"54":1,"55":1,"56":0,"57":0,"58":0,"59":0,"60":0,"61":1,"62":1,"63":1,"64":1,"65":1,"66":0,"67":0,"68":1,"69":0,"70":0,"71":0,"72":0,"73":0,"74":0,"75":0,"76":1,"77":1,"78":1,"79":1,"80":0,"81":0,"82":1,"83":0,"84":1,"85":1,"86":0,"87":0,"88":1,"89":0,"90":0,"91":0,"92":0,"93":0,"94":0,"95":0,"96":0,"97":0,"98":0,"99":0,"100":0,"101":0,"102":0,"103":0,"104":0,"105":0,"106":0,"107":0,"108":0,"109":0,"110":0,"111":0,"112":0,"113":0,"114":0,"115":0,"116":5},"f":{"0":2,"1":17},"b":{"0":[2],"1":[2,15],"2":[1,1],"3":[1,0],"4":[0],"5":[0],"6":[1,1],"7":[1],"8":[0],"9":[10],"10":[15,7,7,7],"11":[3,2],"12":[1,2],"13":[0],"14":[1,1],"15":[0],"16":[1,1],"17":[1],"18":[0],"19":[0],"20":[1,1,1,1],"21":[0,1],"22":[0,0],"23":[0],"24":[1,0],"25":[0],"26":[1,1],"27":[0],"28":[0],"29":[0],"30":[0,0,0,0],"31":[0,0],"32":[0,0],"33":[0],"34":[0],"35":[0,0],"36":[0],"37":[0]}}
[...]
"end":{"line":36,"column":2}},"2":{"start":{"line":4,"column":15},"end":{"line":4,"column":20}},"3":{"start":{"line":5,"column":14},"end":{"line":5,"column":29}},"4":{"start":{"line":6,"column":27},"end":{"line":6,"column":29}},"5":{"start":{"line":7,"column":2},"end":{"line":34,"column":3}},"6":{"start":{"line":8,"column":15},"end":{"line":8,"column":29}},"7":{"start":{"line":9,"column":4},"end":{"line":32,"column":5}},"8":{"start":{"line":10,"column":21},"end":{"line":10,"column":42}},"9":{"start":{"line":11,"column":6},"end":{"line":31,"column":7}},"10":{"start":{"line":12,"column":8},"end":{"line":12,"column":45}},"11":{"start":{"line":14,"column":23},"end":{"line":14,"column":44}},"12":{"start":{"line":15,"column":8},"end":{"line":30,"column":9}},"13":{"start":{"line":16,"column":10},"end":{"line":16,"column":64}},"14":{"start":{"line":18,"column":10},"end":{"line":29,"column":11}},"15":{"start":{"line":19,"column":27},"end":{"line":19,"column":48}},"16":{"start":{"line":20,"column":23},"end":{"line":20,"column":93}},"17":{"start":{"line":21,"column":12},"end":{"line":28,"column":13}},"18":{"start":{"line":22,"column":14},"end":{"line":22,"column":30}},"19":{"start":{"line":23,"column":28},"end":{"line":23,"column":60}},"20":{"start":{"line":24,"column":14},"end":{"line":24,"column":45}},"21":{"start":{"line":25,"column":14},"end":{"line":25,"column":33}},"22":{"start":{"line":27,"column":14},"end":{"line":27,"column":26}},"23":{"start":{"line":33,"column":4},"end":{"line":33,"column":22}},"24":{"start":{"line":35,"column":2},"end":{"line":35,"column":44}}},"fnMap":{"0":{"name":"(anonymous_0)","decl":{"start":{"line":3,"column":15},"end":{"line":3,"column":16}},"loc":{"start":{"line":3,"column":74},"end":{"line":36,"column":1}}}},"branchMap":{"0":{"loc":{"start":{"line":9,"column":4},"end":{"line":32,"column":5}},"type":"if","locations":[{"start":{"line":9,"column":4},"end":{"line":32,"column":5}}]},"1":{"loc":{"start":{"line":11,"column":6},"end":{"line":31,"column":7}},"type":"if","locations":[{"start":{"line":11,"column":6},"end":{"line":31,"column":7}},{"start":{"line":13,"column":13},"end":{"line":31,"column":7}}]},"2":{"loc":{"start":{"line":15,"column":8},"end":{"line":30,"column":9}},"type":"if","locations":[{"start":{"line":15,"column":8},"end":{"line":30,"column":9}},{"start":{"line":17,"column":15},"end":{"line":30,"column":9}}]},"3":{"loc":{"start":{"line":18,"column":10},"end":{"line":29,"column":11}},"type":"if","locations":[{"start":{"line":18,"column":10},"end":{"line":29,"column":11}}]},"4":{"loc":{"start":{"line":21,"column":12},"end":{"line":28,"column":13}},"type":"if","locations":[{"start":{"line":21,"column":12},"end":{"line":28,"column":13}},{"start":{"line":26,"column":19},"end":{"line":28,"column":13}}]}},"s":{"0":5,"1":5,"2":17,"3":17,"4":17,"5":17,"6":33495,"7":33495,"8":43,"9":43,"10":21,"11":22,"12":22,"13":15,"14":7,"15":7,"16":7,"17":7,"18":7,"19":7,"20":7,"21":7,"22":0,"23":33495,"24":17},"f":{"0":17},"b":{"0":[43],"1":[21,22],"2":[15,7],"3":[7],"4":[7,0]}}
,"/home/runner/work/buffers/buffers/src/utf8/decodeUtf8/v19.ts": {"path":"/home/runner/work/buffers/buffers/src/utf8/decodeUtf8/v19.ts","statementMap":{"0":{"start":{"line":1,"column":19},"end":{"line":1,"column":44}},"1":{"start":{"line":3,"column":0},"end":{"line":3,"column":24}}},"fnMap":{},"branchMap":{},"s":{"0":1,"1":1},"f":{},"b":{}}
,"/home/runner/work/buffers/buffers/src/utf8/decodeUtf8/v2.ts": {"path":"/home/runner/work/buffers/buffers/src/utf8/decodeUtf8/v2.ts","statementMap":{"0":{"start":{"line":1,"column":0},"end":{"line":2,"column":62}},"1":{"start":{"line":2,"column":2},"end":{"line":2,"column":61}}},"fnMap":{"0":{"name":"(anonymous_0)","decl":{"start":{"line":1,"column":15},"end":{"line":1,"column":16}},"loc":{"start":{"line":2,"column":2},"end":{"line":2,"column":61}}}},"branchMap":{},"s":{"0":1,"1":5},"f":{"0":5},"b":{}}
,"/home/runner/work/buffers/buffers/src/utf8/decodeUtf8/v3.ts": {"path":"/home/runner/work/buffers/buffers/src/utf8/decodeUtf8/v3.ts","statementMap":{"0":{"start":{"line":1,"column":0},"end":{"line":4,"column":16}},"1":{"start":{"line":2,"column":2},"end":{"line":4,"column":15}}},"fnMap":{"0":{"name":"(anonymous_0)","decl":{"start":{"line":1,"column":15},"end":{"line":1,"column":16}},"loc":{"start":{"line":2,"column":2},"end":{"line":4,"column":15}}}},"branchMap":{},"s":{"0":1,"1":5},"f":{"0":5},"b":{}}
,"/home/runner/work/buffers/buffers/src/utf8/decodeUtf8/v4.ts": {"path":"/home/runner/work/buffers/buffers/src/utf8/decodeUtf8/v4.ts","statementMap":{"0":{"start":{"line":1,"column":0},"end":{"line":4,"column":16}},"1":{"start":{"line":2,"column":2},"end":{"line":4,"column":15}}},"fnMap":{"0":{"name":"(anonymous_0)","decl":{"start":{"line":1,"column":15},"end":{"line":1,"column":16}},"loc":{"start":{"line":2,"column":2},"end":{"line":4,"column":15}}}},"branchMap":{},"s":{"0":1,"1":5},"f":{"0":5},"b":{}}
,"/home/runner/work/buffers/buffers/src/utf8/decodeUtf8/v5.ts": {"path":"/home/runner/work/buffers/buffers/src/utf8/decodeUtf8/v5.ts","statementMap":{"0":{"start":{"line":1,"column":0},"end":{"line":30,"column":2}},"1":{"start":{"line":2,"column":14},"end":{"line":2,"column":28}},"2":{"start":{"line":3,"column":10},"end":{"line":3,"column":15}},"3":{"start":{"line":4,"column":12},"end":{"line":4,"column":14}},"4":{"start":{"line":5,"column":2},"end":{"line":28,"column":3}},"5":{"start":{"line":6,"column":15},"end":{"line":6,"column":26}},"6":{"start":{"line":7,"column":4},"end":{"line":27,"column":5}},"7":{"start":{"line":8,"column":6},"end":{"line":8,"column":37}},"8":{"start":{"line":9,"column":6},"end":{"line":9,"column":15}},"9":{"start":{"line":10,"column":11},"end":{"line":27,"column":5}},"10":{"start":{"line":11,"column":6},"end":{"line":11,"column":76}},"11":{"start":{"line":12,"column":11},"end":{"line":27,"column":5}},"12":{"start":{"line":13,"column":6},"end":{"line":13,"column":107}},"13":{"start":{"line":14,"column":11},"end":{"line":27,"column":5}},"14":{"start":{"line":15,"column":17},"end":{"line":15,"column":35}},"15":{"start":{"line":16,"column":17},"end":{"line":16,"column":35}},"16":{"start":{"line":17,"column":17},"end":{"line":17,"column":35}},"17":{"start":{"line":18,"column":17},"end":{"line":18,"column":73}},"18":{"start":{"line":19,"column":6},"end":{"line":23,"column":7}},"19":{"start":{"line":20,"column":8},"end":{"line":20,"column":24}},"20":{"start":{"line":21,"column":8},"end":{"line":21,"column":69}},"21":{"start":{"line":22,"column":8},"end":{"line":22,"column":39}},"22":{"start":{"line":24,"column":6},"end":{"line":24,"column":39}},"23":{"start":{"line":26,"column":6},"end":{"line":26,"column":37}},"24":{"start":{"line":29,"column":2},"end":{"line":29,"column":13}}},"fnMap":{"0":{"name":"(anonymous_0)","decl":{"start":{"line":1,"column":15},"end":{"line":1,"column":16}},"loc":{"start":{"line":1,"column":76},"end":{"line":30,"column":1}}}},"branchMap":{"0":{"loc":{"start":{"line":7,"column":4},"end":{"line":27,"column":5}},"type":"if","locations":[{"start":{"line":7,"column":4},"end":{"line":27,"column":5}},{"start":{"line":10,"column":11},"end":{"line":27,"column":5}}]},"1":{"loc":{"start":{"line":10,"column":11},"end":{"line":27,"column":5}},"type":"if","locations":[{"start":{"line":10,"column":11},"end":{"line":27,"column":5}},{"start":{"line":12,"column":11},"end":{"line":27,"column":5}}]},"2":{"loc":{"start":{"line":12,"column":11},"end":{"line":27,"column":5}},"type":"if","locations":[{"start":{"line":12,"column":11},"end":{"line":27,"column":5}},{"start":{"line":14,"column":11},"end":{"line":27,"column":5}}]},"3":{"loc":{"start":{"line":14,"column":11},"end":{"line":27,"column":5}},"type":"if","locations":[{"start":{"line":14,"column":11},"end":{"line":27,"column":5}},{"start":{"line":25,"column":11},"end":{"line":27,"column":5}}]},"4":{"loc":{"start":{"line":19,"column":6},"end":{"line":23,"column":7}},"type":"if","locations":[{"start":{"line":19,"column":6},"end":{"line":23,"column":7}}]}},"s":{"0":1,"1":5,"2":5,"3":5,"4":5,"5":33438,"6":33438,"7":33430,"8":33430,"9":8,"10":3,"11":5,"12":3,"13":2,"14":2,"15":2,"16":2,"17":2,"18":2,"19":2,"20":2,"21":2,"22":2,"23":0,"24":5},"f":{"0":5},"b":{"0":[33430,8],"1":[3,5],"2":[3,2],"3":[2,0],"4":[2]}}
,"/home/runner/work/buffers/buffers/src/utf8/decodeUtf8/v6.ts": {"path":"/home/runner/work/buffers/buffers/src/utf8/decodeUtf8/v6.ts","statementMap":{"0":{"start":{"line":1,"column":26},"end":{"line":1,"column":43}},"1":{"start":{"line":3,"column":0},"end":{"line":6,"column":2}},"2":{"start":{"line":4,"column":22},"end":{"line":4,"column":59}},"3":{"start":{"line":5,"column":2},"end":{"line":5,"column":47}}},"fnMap":{"0":{"name":"(anonymous_0)","decl":{"start":{"line":3,"column":15},"end":{"line":3,"column":16}},"loc":{"start":{"line":3,"column":76},"end":{"line":6,"column":1}}}},"branchMap":{},"s":{"0":1,"1":1,"2":5,"3":5},"f":{"0":5},"b":{}}
,"/home/runner/work/buffers/buffers/src/utf8/decodeUtf8/v7.ts": {"path":"/home/runner/work/buffers/buffers/src/utf8/decodeUtf8/v7.ts","statementMap":{"0":{"start":{"line":1,"column":0},"end":{"line":32,"column":2}},"1":{"start":{"line":2,"column":15},"end":{"line":2,"column":20}},"2":{"start":{"line":3,"column":14},"end":{"line":3,"column":29}},"3":{"start":{"line":4,"column":31},"end":{"line":4,"column":33}},"4":{"start":{"line":5,"column":2},"end":{"line":30,"column":3}},"5":{"start":{"line":6,"column":19},"end":{"line":6,"column":33}},"6":{"start":{"line":7,"column":4},"end":{"line":29,"column":5}},"7":{"start":{"line":8,"column":6},"end":{"line":8,"column":25}},"8":{"start":{"line":9,"column":11},"end":{"line":29,"column":5}},"9":{"start":{"line":10,"column":21},"end":{"line":10,"column":42}},"10":{"start":{"line":11,"column":6},"end":{"line":11,"column":50}},"11":{"start":{"line":12,"column":11},"end":{"line":29,"column":5}},"12":{"start":{"line":13,"column":21},"end":{"line":13,"column":42}},"13":{"start":{"line":14,"column":21},"end":{"line":14,"column":42}},"14":{"start":{"line":15,"column":6},"end":{"line":15,"column":67}},"15":{"start":{"line":16,"column":11},"end":{"line":29,"column":5}},"16":{"start":{"line":17,"column":21},"end":{"line":17,"column":42}},"17":{"start":{"line":18,"column":21},"end":{"line":18,"column":42}},"18":{"start":{"line":19,"column":21},"end":{"line":19,"column":42}},"19":{"start":{"line":20,"column":17},"end":{"line":20,"column":89}},"20":{"start":{"line":21,"column":6},"end":{"line":25,"column":7}},"21":{"start":{"line":22,"column":8},"end":{"line":22,"column":24}},"22":{"start":{"line":23,"column":8},"end":{"line":23,"column":53}},"23":{"start":{"line":24,"column":8},"end":{"line":24,"column":39}},"24":{"start":{"line":26,"column":6},"end":{"line":26,"column":23}},"25":{"start":{"line":28,"column":6},"end":{"line":28,"column":25}},"26":{"start":{"line":31,"column":2},"end":{"line":31,"column":39}}},"fnMap":{"0":{"name":"(anonymous_0)","decl":{"start":{"line":1,"column":15},"end":{"line":1,"column":16}},"loc":{"start":{"line":1,"column":74},"end":{"line":32,"column":1}}}},"branchMap":{"0":{"loc":{"start":{"line":7,"column":4},"end":{"line":29,"column":5}},"type":"if","locations":[{"start":{"line":7,"column":4},"end":{"line":29,"column":5}},{"start":{"line":9,"column":11},"end":{"line":29,"column":5}}]},"1":{"loc":{"start":{"line":9,"column":11},"end":{"line":29,"column":5}},"type":"if","locations":[{"start":{"line":9,"column":11},"end":{"line":29,"column":5}},{"start":{"line":12,"column":11},"end":{"line":29,"column":5}}]},"2":{"loc":{"start":{"line":12,"column":11},"end":{"line":29,"column":5}},"type":"if","locations":[{"start":{"line":12,"column":11},"end":{"line":29,"column":5}},{"start":{"line":16,"column":11},"end":{"line":29,"column":5}}]},"3":{"loc":{"start":{"line":16,"column":11},"end":{"line":29,"column":5}},"type":"if","locations":[{"start":{"line":16,"column":11},"end":{"line":29,"column":5}},{"start":{"line":27,"column":11},"end":{"line":29,"column":5}}]},"4":{"loc":{"start":{"line":21,"column":6},"end":{"line":25,"column":7}},"type":"if","locations":[{"start":{"line":21,"column":6},"end":{"line":25,"column":7}}]}},"s":{"0":1,"1":5,"2":5,"3":5,"4":5,"5":33438,"6":33438,"7":33430,"8":8,"9":3,"10":3,"11":5,"12":3,"13":3,"14":3,"15":2,"16":2,"17":2,"18":2,"19":2,"20":2,"21":2,"22":2,"23":2,"24":2,"25":0,"26":5},"f":{"0":5},"b":{"0":[33430,8],"1":[3,5],"2":[3,2],"3":[2,0],"4":[2]}}
,"/home/runner/work/buffers/buffers/src/utf8/decodeUtf8/v8.ts": {"path":"/home/runner/work/buffers/buffers/src/utf8/decodeUtf8/v8.ts","statementMap":{"0":{"start":{"line":2,"column":0},"end":{"line":39,"column":2}},"1":{"start":{"line":3,"column":15},"end":{"line":3,"column":20}},"2":{"start":{"line":4,"column":14},"end":{"line":4,"column":29}},"3":{"start":{"line":5,"column":31},"end":{"line":5,"column":33}},"4":{"start":{"line":6,"column":15},"end":{"line":6,"column":17}},"5":{"start":{"line":7,"column":2},"end":{"line":36,"column":3}},"6":{"start":{"line":8,"column":18},"end":{"line":8,"column":32}},"7":{"start":{"line":9,"column":4},"end":{"line":31,"column":5}},"8":{"start":{"line":10,"column":6},"end":{"line":10,"column":24}},"9":{"start":{"line":11,"column":11},"end":{"line":31,"column":5}},"10":{"start":{"line":12,"column":20},"end":{"line":12,"column":41}},"11":{"start":{"line":13,"column":6},"end":{"line":13,"column":48}},"12":{"start":{"line":14,"column":11},"end":{"line":31,"column":5}},"13":{"start":{"line":15,"column":20},"end":{"line":15,"column":41}},"14":{"start":{"line":16,"column":20},"end":{"line":16,"column":41}},"15":{"start":{"line":17,"column":6},"end":{"line":17,"column":64}},"16":{"start":{"line":18,"column":11},"end":{"line":31,"column":5}},"17":{"start":{"line":19,"column":20},"end":{"line":19,"column":41}},"18":{"start":{"line":20,"column":20},"end":{"line":20,"column":41}},"19":{"start":{"line":21,"column":20},"end":{"line":21,"column":41}},"20":{"start":{"line":22,"column":17},"end":{"line":22,"column":85}},"21":{"start":{"line":23,"column":6},"end":{"line":27,"column":7}},"22":{"start":{"line":24,"column":8},"end":{"line":24,"column":24}},"23":{"start":{"line":25,"column":8},"end":{"line":25,"column":53}},"24":{"start":{"line":26,"column":8},"end":{"line":26,"column":39}},"25":{"start":{"line":28,"column":6},"end":{"line":28,"column":23}},"26":{"start":{"line":30,"column":6},"end":{"line":30,"column":24}},"27":{"start":{"line":32,"column":4},"end":{"line":35,"column":5}},"28":{"start":{"line":33,"column":6},"end":{"line":33,"column":46}},"29":{"start":{"line":34,"column":6},"end":{"line":34,"column":23}},"30":{"start":{"line":37,"column":2},"end":{"line":37,"column":64}},"31":{"start":{"line":37,"column":24},"end":{"line":37,"column":64}},"32":{"start":{"line":38,"column":2},"end":{"line":38,"column":16}}},"fnMap":{"0":{"name":"(anonymous_0)","decl":{"start":{"line":2,"column":15},"end":{"line":2,"column":16}},"loc":{"start":{"line":2,"column":74},"end":{"line":39,"column":1}}}},"branchMap":{"0":{"loc":{"start":{"line":9,"column":4},"end":{"line":31,"column":5}},"type":"if","locations":[{"start":{"line":9,"column":4},"end":{"line":31,"column":5}},{"start":{"line":11,"column":11},"end":{"line":31,"column":5}}]},"1":{"loc":{"start":{"line":11,"column":11},"end":{"line":31,"column":5}},"type":"if","locations":[{"start":{"line":11,"column":11},"end":{"line":31,"column":5}},{"start":{"line":14,"column":11},"end":{"line":31,"column":5}}]},"2":{"loc":{"start":{"line":14,"column":11},"end":{"line":31,"column":5}},"type":"if","locations":[{"start":{"line":14,"column":11},"end":{"line":31,"column":5}},{"start":{"line":18,"column":11},"end":{"line":31,"column":5}}]},"3":{"loc":{"start":{"line":18,"column":11},"end":{"line":31,"column":5}},"type":"if","locations":[{"start":{"line":18,"column":11},"end":{"line":31,"column":5}},{"start":{"line":29,"column":11},"end":{"line":31,"column":5}}]},"4":{"loc":{"start":{"line":23,"column":6},"end":{"line":27,"column":7}},"type":"if","locations":[{"start":{"line":23,"column":6},"end":{"line":27,"column":7}}]},"5":{"loc":{"start":{"line":32,"column":4},"end":{"line":35,"column":5}},"type":"if","locations":[{"start":{"line":32,"column":4},"end":{"line":35,"column":5}}]},"6":{"loc":{"start":{"line":37,"column":2},"end":{"line":37,"column":64}},"type":"if","locations":[{"start":{"line":37,"column":2},"end":{"line":37,"column":64}}]}},"s":{"0":1,"1":5,"2":5,"3":5,"4":5,"5":5,"6":33438,"7":33438,"8":33430,"9":8,"10":3,"11":3,"12":5,"13":3,"14":3,"15":3,"16":2,"17":2,"18":2,"19":2,"20":2,"21":2,"22":2,"23":2,"24":2,"25":2,"26":0,"27":33438,"28":4178,"29":4178,"30":5,"31":5,"32":5},"f":{"0":5},"b":{"0":[33430,8],"1":[3,5],"2":[3,2],"3":[2,0],"4":[2],"5":[4178],"6":[5]}}
,"/home/runner/work/buffers/buffers/src/utf8/decodeUtf8/v9.ts": {"path":"/home/runner/work/buffers/buffers/src/utf8/decodeUtf8/v9.ts","statementMap":{"0":{"start":{"line":1,"column":0},"end":{"line":35,"column":2}},"1":{"start":{"line":2,"column":15},"end":{"line":2,"column":20}},"2":{"start":{"line":3,"column":14},"end":{"line":3,"column":29}},"3":{"start":{"line":4,"column":31},"end":{"line":4,"column":33}},"4":{"start":{"line":5,"column":2},"end":{"line":33,"column":3}},"5":{"start":{"line":6,"column":19},"end":{"line":6,"column":33}},"6":{"start":{"line":7,"column":4},"end":{"line":10,"column":5}},"7":{"start":{"line":8,"column":6},"end":{"line":8,"column":25}},"8":{"start":{"line":9,"column":6},"end":{"line":9,"column":15}},"9":{"start":{"line":11,"column":19},"end":{"line":11,"column":40}},"10":{"start":{"line":12,"column":4},"end":{"line":15,"column":5}},"11":{"start":{"line":13,"column":6},"end":{"line":13,"column":50}},"12":{"start":{"line":14,"column":6},"end":{"line":14,"column":15}},"13":{"start":{"line":16,"column":19},"end":{"line":16,"column":40}},"14":{"start":{"line":17,"column":4},"end":{"line":20,"column":5}},"15":{"start":{"line":18,"column":6},"end":{"line":18,"column":67}},"16":{"start":{"line":19,"column":6},"end":{"line":19,"column":15}},"17":{"start":{"line":21,"column":4},"end":{"line":32,"column":5}},"18":{"start":{"line":22,"column":21},"end":{"line":22,"column":42}},"19":{"start":{"line":23,"column":17},"end":{"line":23,"column":89}},"20":{"start":{"line":24,"column":6},"end":{"line":28,"column":7}},"21":{"start":{"line":25,"column":8},"end":{"line":25,"column":24}},"22":{"start":{"line":26,"column":8},"end":{"line":26,"column":53}},"23":{"start":{"line":27,"column":8},"end":{"line":27,"column":39}},"24":{"start":{"line":29,"column":6},"end":{"line":29,"column":23}},"25":{"start":{"line":31,"column":6},"end":{"line":31,"column":25}},"26":{"start":{"line":34,"column":2},"end":{"line":34,"column":39}}},"fnMap":{"0":{"name":"(anonymous_0)","decl":{"start":{"line":1,"column":15},"end":{"line":1,"column":16}},"loc":{"start":{"line":1,"column":74},"end":{"line":35,"column":1}}}},"branchMap":{"0":{"loc":{"start":{"line":7,"column":4},"end":{"line":10,"column":5}},"type":"if","locations":[{"start":{"line":7,"column":4},"end":{"line":10,"column":5}}]},"1":{"loc":{"start":{"line":12,"column":4},"end":{"line":15,"column":5}},"type":"if","locations":[{"start":{"line":12,"column":4},"end":{"line":15,"column":5}}]},"2":{"loc":{"start":{"line":17,"column":4},"end":{"line":20,"column":5}},"type":"if","locations":[{"start":{"line":17,"column":4},"end":{"line":20,"column":5}}]},"3":{"loc":{"start":{"line":21,"column":4},"end":{"line":32,"column":5}},"type":"if","locations":[{"start":{"line":21,"column":4},"end":{"line":32,"column":5}},{"start":{"line":30,"column":11},"end":{"line":32,"column":5}}]},"4":{"loc":{"start":{"line":24,"column":6},"end":{"line":28,"column":7}},"type":"if","locations":[{"start":{"line":24,"column":6},"end":{"line":28,"column":7}}]}},"s":{"0":1,"1":5,"2":5,"3":5,"4":5,"5":33438,"6":33438,"7":33430,"8":33430,"9":8,"10":8,"11":3,"12":3,"13":5,"14":5,"15":3,"16":3,"17":2,"18":2,"19":2,"20":2,"21":2,"22":2,"23":2,"24":2,"25":0,"26":5},"f":{"0":5},"b":{"0":[33430],"1":[3],"2":[3],"3":[2,0],"4":[2]}}
}
