TN:
SF:src/Reader.ts
FN:4,(anonymous_0)
FN:9,(anonymous_1)
FN:18,(anonymous_2)
FN:25,(anonymous_3)
FN:29,(anonymous_4)
FN:33,(anonymous_5)
FN:40,(anonymous_6)
FN:45,(anonymous_7)
FN:49,(anonymous_8)
FN:59,(anonymous_9)
FN:65,(anonymous_10)
FN:71,(anonymous_11)
FN:77,(anonymous_12)
FN:83,(anonymous_13)
FN:89,(anonymous_14)
FN:95,(anonymous_15)
FN:101,(anonymous_16)
FN:107,(anonymous_17)
FNF:18
FNH:5
FNDA:3,(anonymous_0)
FNDA:3,(anonymous_1)
FNDA:10,(anonymous_2)
FNDA:5,(anonymous_3)
FNDA:0,(anonymous_4)
FNDA:0,(anonymous_5)
FNDA:4,(anonymous_6)
FNDA:0,(anonymous_7)
FNDA:0,(anonymous_8)
FNDA:0,(anonymous_9)
FNDA:0,(anonymous_10)
FNDA:0,(anonymous_11)
FNDA:0,(anonymous_12)
FNDA:0,(anonymous_13)
FNDA:0,(anonymous_14)
FNDA:0,(anonymous_15)
FNDA:0,(anonymous_16)
FNDA:0,(anonymous_17)
DA:1,1
DA:4,1
DA:5,3
DA:6,3
DA:7,3
DA:10,3
DA:11,3
DA:12,3
DA:19,10
DA:26,5
DA:30,0
DA:34,0
DA:35,0
DA:36,0
DA:37,0
DA:41,4
DA:46,0
DA:53,0
DA:54,0
DA:55,0
DA:56,0
DA:60,0
DA:61,0
DA:62,0
DA:66,0
DA:67,0
DA:68,0
DA:72,0
DA:73,0
DA:74,0
DA:78,0
DA:79,0
DA:80,0
DA:84,0
DA:85,0
DA:86,0
DA:90,0
DA:91,0
DA:92,0
DA:96,0
DA:97,0
DA:98,0
DA:102,0
DA:103,0
DA:104,0
DA:108,0
DA:109,0
DA:110,0
DA:111,0
DA:112,0
DA:113,0
LF:51
LH:11
BRF:0
BRH:0
end_of_record
TN:
SF:src/Slice.ts
FN:2,(anonymous_0)
FN:9,(anonymous_1)
FNF:2
FNH:0
FNDA:0,(anonymous_0)
FNDA:0,(anonymous_1)
DA:1,2
DA:3,0
DA:4,0
DA:5,0
DA:6,0
DA:10,0
LF:6
LH:1
BRF:0
BRH:0
end_of_record
TN:
SF:src/StreamingOctetReader.ts
FN:3,(anonymous_0)
FN:11,(anonymous_1)
FN:15,(anonymous_2)
FN:20,(anonymous_3)
FN:24,(anonymous_4)
FN:38,(anonymous_5)
FN:46,(anonymous_6)
FN:68,(anonymous_7)
FN:97,(anonymous_8)
FN:104,(anonymous_9)
FN:111,(anonymous_10)
FN:127,(anonymous_11)
FN:132,(anonymous_12)
FN:141,(anonymous_13)
FN:145,(anonymous_14)
FNF:15
FNH:7
FNDA:3,(anonymous_0)
FNDA:14,(anonymous_1)
FNDA:3,(anonymous_2)
FNDA:14,(anonymous_3)
FNDA:4,(anonymous_4)
FNDA:0,(anonymous_5)
FNDA:0,(anonymous_6)
FNDA:0,(anonymous_7)
FNDA:0,(anonymous_8)
FNDA:0,(anonymous_9)
FNDA:0,(anonymous_10)
FNDA:0,(anonymous_11)
FNDA:10,(anonymous_12)
FNDA:5,(anonymous_13)
FNDA:0,(anonymous_14)
DA:1,1
DA:3,1
DA:4,3
DA:7,3
DA:9,3
DA:12,14
DA:16,3
DA:17,3
DA:21,14
DA:25,4
DA:26,4
DA:27,4
DA:28,4
DA:29,4
DA:30,0
DA:31,0
DA:32,0
DA:34,4
DA:35,4
DA:39,0
DA:40,0
DA:41,0
DA:42,0
DA:43,0
DA:47,0
DA:48,0
DA:49,0
DA:50,0
DA:51,0
DA:52,0
DA:53,0
DA:54,0
DA:55,0
DA:57,0
DA:58,0
DA:59,0
DA:60,0
DA:61,0
DA:62,0
DA:63,0
DA:65,0
DA:75,0
DA:76,0
DA:77,0
DA:78,0
DA:79,0
DA:80,0
DA:81,0
DA:82,0
DA:83,0
DA:84,0
DA:85,0
DA:87,0
DA:88,0
DA:89,0
DA:90,0
DA:91,0
DA:92,0
DA:94,0
DA:98,0
DA:99,0
DA:100,0
DA:101,0
DA:105,0
DA:106,0
DA:107,0
DA:108,0
DA:112,0
DA:113,0
DA:114,0
DA:115,0
DA:116,0
DA:117,0
DA:118,0
DA:120,0
DA:121,0
DA:122,0
DA:123,0
DA:124,0
DA:128,0
DA:129,0
DA:133,10
DA:134,10
DA:142,5
DA:146,0
DA:147,0
DA:148,0
DA:149,0
DA:150,0
DA:151,0
DA:152,0
DA:153,0
DA:154,0
DA:155,0
DA:156,0
DA:158,0
DA:159,0
DA:160,0
DA:161,0
DA:163,0
DA:164,0
DA:165,0
DA:166,0
DA:167,0
DA:168,0
DA:169,0
DA:170,0
DA:171,0
DA:173,0
DA:179,0
DA:181,0
LF:111
LH:19
BRDA:21,0,0,0
BRDA:29,1,0,0
BRDA:47,2,0,0
BRDA:53,3,0,0
BRDA:75,4,0,0
BRDA:83,5,0,0
BRDA:112,6,0,0
BRDA:116,7,0,0
BRDA:152,8,0,0
BRDA:155,9,0,0
BRDA:155,9,1,0
BRDA:160,10,0,0
BRDA:160,10,1,0
BRDA:163,11,0,0
BRDA:167,12,0,0
BRDA:167,12,1,0
BRF:16
BRH:0
end_of_record
TN:
SF:src/StreamingReader.ts
FN:13,(anonymous_0)
FN:20,(anonymous_1)
FN:29,(anonymous_2)
FN:40,(anonymous_3)
FN:48,(anonymous_4)
FN:55,(anonymous_5)
FN:59,(anonymous_6)
FN:63,(anonymous_7)
FN:67,(anonymous_8)
FN:71,(anonymous_9)
FN:80,(anonymous_10)
FN:84,(anonymous_11)
FN:89,(anonymous_12)
FN:97,(anonymous_13)
FN:102,(anonymous_14)
FN:107,(anonymous_15)
FN:114,(anonymous_16)
FN:121,(anonymous_17)
FN:128,(anonymous_18)
FN:135,(anonymous_19)
FN:142,(anonymous_20)
FN:149,(anonymous_21)
FN:156,(anonymous_22)
FN:163,(anonymous_23)
FN:170,(anonymous_24)
FN:182,(anonymous_25)
FNF:26
FNH:12
FNDA:8,(anonymous_0)
FNDA:42,(anonymous_1)
FNDA:33,(anonymous_2)
FNDA:11,(anonymous_3)
FNDA:0,(anonymous_4)
FNDA:0,(anonymous_5)
FNDA:30,(anonymous_6)
FNDA:83,(anonymous_7)
FNDA:20,(anonymous_8)
FNDA:10,(anonymous_9)
FNDA:5,(anonymous_10)
FNDA:0,(anonymous_11)
FNDA:0,(anonymous_12)
FNDA:18,(anonymous_13)
FNDA:0,(anonymous_14)
FNDA:4,(anonymous_15)
FNDA:0,(anonymous_16)
FNDA:1,(anonymous_17)
FNDA:0,(anonymous_18)
FNDA:0,(anonymous_19)
FNDA:0,(anonymous_20)
FNDA:0,(anonymous_21)
FNDA:0,(anonymous_22)
FNDA:0,(anonymous_23)
FNDA:0,(anonymous_24)
FNDA:0,(anonymous_25)
DA:1,2
DA:2,2
DA:5,2
DA:11,8
DA:14,8
DA:21,42
DA:30,33
DA:41,11
DA:49,0
DA:50,0
DA:56,0
DA:60,30
DA:64,83
DA:68,20
DA:72,10
DA:73,10
DA:81,5
DA:85,0
DA:86,0
DA:90,0
DA:91,0
DA:92,0
DA:93,0
DA:94,0
DA:98,18
DA:99,17
DA:103,0
DA:104,0
DA:108,4
DA:109,3
DA:110,3
DA:111,3
DA:115,0
DA:116,0
DA:117,0
DA:118,0
DA:122,1
DA:123,0
DA:124,0
DA:125,0
DA:129,0
DA:130,0
DA:131,0
DA:132,0
DA:136,0
DA:137,0
DA:138,0
DA:139,0
DA:143,0
DA:144,0
DA:145,0
DA:146,0
DA:150,0
DA:151,0
DA:152,0
DA:153,0
DA:157,0
DA:158,0
DA:159,0
DA:160,0
DA:164,0
DA:165,0
DA:166,0
DA:167,0
DA:171,0
DA:172,0
DA:173,0
DA:174,0
DA:175,0
DA:176,0
DA:177,0
DA:183,0
DA:184,0
DA:185,0
LF:74
LH:21
BRDA:13,0,0,4
BRDA:30,1,0,3
BRF:2
BRH:2
end_of_record
TN:
SF:src/Writer.ts
FN:33,(anonymous_0)
FN:40,(anonymous_1)
FN:61,(anonymous_2)
FN:73,(anonymous_3)
FN:78,(anonymous_4)
FN:88,(anonymous_5)
FN:98,(anonymous_6)
FN:104,(anonymous_7)
FN:110,(anonymous_8)
FN:115,(anonymous_9)
FN:121,(anonymous_10)
FN:127,(anonymous_11)
FN:133,(anonymous_12)
FN:139,(anonymous_13)
FN:145,(anonymous_14)
FN:154,(anonymous_15)
FN:162,(anonymous_16)
FN:170,(anonymous_17)
FN:178,(anonymous_18)
FN:186,(anonymous_19)
FN:200,(anonymous_20)
FN:222,(anonymous_21)
FN:260,(anonymous_22)
FNF:23
FNH:4
FNDA:8,(anonymous_0)
FNDA:4,(anonymous_1)
FNDA:11,(anonymous_2)
FNDA:0,(anonymous_3)
FNDA:0,(anonymous_4)
FNDA:0,(anonymous_5)
FNDA:0,(anonymous_6)
FNDA:0,(anonymous_7)
FNDA:0,(anonymous_8)
FNDA:0,(anonymous_9)
FNDA:0,(anonymous_10)
FNDA:0,(anonymous_11)
FNDA:0,(anonymous_12)
FNDA:0,(anonymous_13)
FNDA:0,(anonymous_14)
FNDA:0,(anonymous_15)
FNDA:0,(anonymous_16)
FNDA:0,(anonymous_17)
FNDA:0,(anonymous_18)
FNDA:11,(anonymous_19)
FNDA:0,(anonymous_20)
FNDA:0,(anonymous_21)
FNDA:0,(anonymous_22)
DA:1,2
DA:4,2
DA:5,2
DA:7,2
DA:8,2
DA:11,2
DA:12,2
DA:19,2
DA:23,8
DA:25,8
DA:27,8
DA:33,8
DA:34,8
DA:35,8
DA:36,8
DA:41,4
DA:42,4
DA:43,4
DA:44,4
DA:45,4
DA:46,4
DA:47,4
DA:48,4
DA:49,4
DA:50,4
DA:51,4
DA:52,4
DA:62,11
DA:63,11
DA:64,11
DA:65,4
DA:66,4
DA:67,4
DA:68,4
DA:74,0
DA:75,0
DA:79,0
DA:89,0
DA:90,0
DA:91,0
DA:92,0
DA:99,0
DA:100,0
DA:101,0
DA:105,0
DA:106,0
DA:107,0
DA:111,0
DA:112,0
DA:116,0
DA:117,0
DA:118,0
DA:122,0
DA:123,0
DA:124,0
DA:128,0
DA:129,0
DA:130,0
DA:134,0
DA:135,0
DA:136,0
DA:140,0
DA:141,0
DA:142,0
DA:146,0
DA:147,0
DA:148,0
DA:149,0
DA:150,0
DA:151,0
DA:155,0
DA:156,0
DA:157,0
DA:158,0
DA:159,0
DA:163,0
DA:164,0
DA:165,0
DA:166,0
DA:167,0
DA:171,0
DA:172,0
DA:173,0
DA:174,0
DA:175,0
DA:179,0
DA:180,0
DA:181,0
DA:182,0
DA:183,0
DA:187,11
DA:188,11
DA:189,11
DA:190,11
DA:201,0
DA:202,0
DA:203,0
DA:204,0
DA:205,0
DA:206,0
DA:207,0
DA:208,0
DA:209,0
DA:210,0
DA:211,0
DA:212,0
DA:213,0
DA:214,0
DA:215,0
DA:216,0
DA:217,0
DA:219,0
DA:223,0
DA:224,0
DA:225,0
DA:226,0
DA:227,0
DA:228,0
DA:229,0
DA:230,0
DA:231,0
DA:232,0
DA:233,0
DA:235,0
DA:236,0
DA:237,0
DA:238,0
DA:239,0
DA:240,0
DA:244,0
DA:245,0
DA:246,0
DA:248,0
DA:249,0
DA:250,0
DA:253,0
DA:255,0
DA:256,0
DA:257,0
DA:261,0
DA:262,0
DA:263,0
DA:264,0
DA:265,0
DA:266,0
DA:267,0
LF:146
LH:38
BRDA:8,0,0,2
BRDA:8,0,1,0
BRDA:11,1,0,2
BRDA:11,1,1,0
BRDA:12,2,0,2
BRDA:12,2,1,0
BRDA:33,3,0,0
BRDA:64,4,0,4
BRDA:68,5,0,0
BRDA:68,5,1,4
BRDA:202,6,0,0
BRDA:203,7,0,0
BRDA:203,7,1,0
BRDA:207,8,0,0
BRDA:207,8,1,0
BRDA:214,9,0,0
BRDA:214,10,0,0
BRDA:214,10,1,0
BRDA:229,11,0,0
BRDA:229,11,1,0
BRDA:232,12,0,0
BRDA:232,12,1,0
BRDA:235,13,0,0
BRDA:235,14,0,0
BRDA:235,14,1,0
BRDA:236,15,0,0
BRDA:238,16,0,0
BRDA:244,17,0,0
BRDA:244,17,1,0
BRF:29
BRH:5
end_of_record
TN:
SF:src/isFloat32.ts
FN:3,(anonymous_0)
FNF:1
FNH:1
FNDA:2,(anonymous_0)
DA:1,1
DA:3,1
DA:4,2
DA:5,2
LF:4
LH:4
BRF:0
BRH:0
end_of_record
TN:
SF:src/utf8/decodeAscii.ts
FN:27,(anonymous_0)
FN:37,(anonymous_1)
FNF:2
FNH:1
FNDA:0,(anonymous_0)
FNDA:3,(anonymous_1)
DA:1,3
DA:27,3
DA:28,0
DA:29,0
DA:30,0
DA:31,0
DA:32,0
DA:34,0
DA:37,3
DA:38,3
DA:39,1
DA:40,0
DA:42,0
DA:43,0
DA:44,0
DA:45,0
DA:47,0
DA:50,1
DA:51,1
DA:52,1
DA:53,0
DA:54,0
DA:56,1
DA:57,0
DA:58,0
DA:59,0
DA:60,0
DA:62,0
DA:65,2
DA:66,2
DA:67,2
DA:68,2
DA:69,2
DA:70,2
DA:71,2
DA:73,0
DA:74,0
DA:76,0
DA:77,0
DA:78,0
DA:79,0
DA:81,0
DA:83,0
DA:84,0
DA:85,0
DA:86,0
DA:87,0
DA:88,0
DA:90,0
DA:91,0
DA:92,0
DA:93,0
DA:94,0
DA:96,0
DA:98,0
DA:99,0
DA:100,0
DA:101,0
DA:102,0
DA:103,0
DA:104,0
DA:106,0
DA:107,0
DA:109,0
DA:110,0
DA:111,0
DA:112,0
DA:114,0
DA:116,0
DA:117,0
DA:118,0
DA:119,0
DA:120,0
DA:121,0
DA:123,0
DA:124,0
DA:125,0
DA:126,0
DA:127,0
DA:129,0
DA:131,0
DA:132,0
DA:133,0
DA:134,0
DA:135,0
DA:136,0
DA:137,0
DA:139,0
DA:140,0
DA:142,0
DA:143,0
DA:144,0
DA:145,0
DA:147,0
DA:150,0
DA:151,0
DA:152,0
DA:153,0
DA:154,0
DA:156,0
DA:157,0
DA:158,0
DA:159,0
DA:160,0
DA:162,0
LF:105
LH:16
BRDA:31,0,0,0
BRDA:38,1,0,1
BRDA:38,1,1,2
BRDA:39,2,0,0
BRDA:39,2,1,1
BRDA:40,3,0,0
BRDA:40,3,1,0
BRDA:43,4,0,0
BRDA:52,5,0,0
BRDA:52,6,0,1
BRDA:52,6,1,1
BRDA:56,7,0,1
BRDA:58,8,0,0
BRDA:69,9,0,2
BRDA:69,10,0,2
BRDA:69,10,1,0
BRDA:69,10,2,0
BRDA:69,10,3,0
BRDA:73,11,0,0
BRDA:73,11,1,0
BRDA:74,12,0,0
BRDA:74,12,1,0
BRDA:77,13,0,0
BRDA:83,14,0,0
BRDA:83,14,1,0
BRDA:86,15,0,0
BRDA:86,16,0,0
BRDA:86,16,1,0
BRDA:90,17,0,0
BRDA:92,18,0,0
BRDA:102,19,0,0
BRDA:102,20,0,0
BRDA:102,20,1,0
BRDA:102,20,2,0
BRDA:102,20,3,0
BRDA:106,21,0,0
BRDA:106,21,1,0
BRDA:107,22,0,0
BRDA:107,22,1,0
BRDA:110,23,0,0
BRDA:116,24,0,0
BRDA:116,24,1,0
BRDA:119,25,0,0
BRDA:119,26,0,0
BRDA:119,26,1,0
BRDA:123,27,0,0
BRDA:125,28,0,0
BRDA:135,29,0,0
BRDA:135,30,0,0
BRDA:135,30,1,0
BRDA:135,30,2,0
BRDA:135,30,3,0
BRDA:139,31,0,0
BRDA:139,31,1,0
BRDA:140,32,0,0
BRDA:140,32,1,0
BRDA:143,33,0,0
BRDA:152,34,0,0
BRDA:152,35,0,0
BRDA:152,35,1,0
BRDA:156,36,0,0
BRDA:158,37,0,0
BRF:62
BRH:8
end_of_record
TN:
SF:src/utf8/encode.ts
FN:9,(anonymous_0)
FN:12,(anonymous_1)
FN:18,(anonymous_2)
FN:55,(anonymous_3)
FNF:4
FNH:4
FNDA:2000,(anonymous_0)
FNDA:1000,(anonymous_1)
FNDA:1000,(anonymous_2)
FNDA:1000,(anonymous_3)
DA:1,1
DA:2,1
DA:5,1
DA:9,1
DA:10,2000
DA:12,1
DA:13,1000
DA:14,1000
DA:15,1000
DA:18,1
DA:19,1000
DA:20,1000
DA:21,1000
DA:22,1000
DA:23,10000
DA:24,10000
DA:25,9900
DA:26,9900
DA:27,100
DA:28,65
DA:30,35
DA:31,0
DA:32,0
DA:33,0
DA:34,0
DA:35,0
DA:39,35
DA:40,35
DA:41,35
DA:43,0
DA:44,0
DA:45,0
DA:48,100
DA:50,1000
DA:53,1
DA:55,1
DA:56,1000
DA:58,1
LF:38
LH:30
BRDA:2,0,0,1
BRDA:2,0,1,0
BRDA:5,1,0,1
BRDA:5,1,1,0
BRDA:24,2,0,9900
BRDA:24,2,1,100
BRDA:27,3,0,65
BRDA:27,3,1,35
BRDA:30,4,0,0
BRDA:30,5,0,35
BRDA:30,5,1,0
BRDA:31,6,0,0
BRDA:33,7,0,0
BRDA:39,8,0,35
BRDA:39,8,1,0
BRDA:53,9,0,1
BRDA:53,9,1,0
BRDA:58,10,0,1
BRDA:58,10,1,0
BRDA:58,11,0,0
BRDA:58,11,1,0
BRF:21
BRH:10
end_of_record
TN:
SF:src/utf8/isUtf8.ts
FN:6,(anonymous_0)
FNF:1
FNH:1
FNDA:22,(anonymous_0)
DA:6,1
DA:7,22
DA:8,22
DA:9,216
DA:10,216
DA:11,154
DA:12,154
DA:14,62
DA:15,33
DA:16,31
DA:17,31
DA:18,2
DA:20,29
DA:21,29
DA:25,13
DA:26,13
DA:28,16
DA:29,11
DA:30,11
DA:32,5
DA:39,1
DA:40,1
DA:42,4
DA:44,16
LF:24
LH:24
BRDA:10,0,0,154
BRDA:14,1,0,33
BRDA:14,2,0,62
BRDA:14,2,1,62
BRDA:15,3,0,31
BRDA:15,3,1,2
BRDA:21,4,0,13
BRDA:22,5,0,29
BRDA:22,5,1,12
BRDA:22,5,2,12
BRDA:22,5,3,17
BRDA:22,5,4,1
BRDA:22,5,5,1
BRDA:22,5,6,13
BRDA:28,6,0,11
BRDA:28,7,0,16
BRDA:28,7,1,16
BRDA:28,7,2,4
BRDA:28,7,3,4
BRDA:28,7,4,12
BRDA:28,7,5,12
BRDA:32,8,0,1
BRDA:33,9,0,5
BRDA:33,9,1,2
BRDA:33,9,2,2
BRDA:33,9,3,3
BRDA:33,9,4,2
BRDA:33,9,5,0
BRDA:33,9,6,3
BRDA:33,9,7,0
BRDA:33,9,8,0
BRDA:33,9,9,2
BRDA:33,9,10,2
BRF:33
BRH:30
end_of_record
TN:
SF:src/utf8/decodeUtf8/index.ts
FNF:0
FNH:0
DA:1,2
DA:3,2
LF:2
LH:2
BRF:0
BRH:0
end_of_record
TN:
SF:src/utf8/decodeUtf8/v1.ts
FN:1,(anonymous_0)
FNF:1
FNH:1
FNDA:5,(anonymous_0)
DA:1,1
DA:2,5
DA:3,5
DA:4,5
DA:5,5
DA:6,5
DA:7,33438
DA:8,33438
DA:9,33430
DA:10,8
DA:11,3
DA:12,3
DA:13,5
DA:14,3
DA:15,3
DA:16,3
DA:17,2
DA:18,2
DA:19,2
DA:20,2
DA:21,2
DA:22,2
DA:23,2
DA:24,2
DA:25,2
DA:27,2
DA:29,0
DA:31,33438
DA:32,33
DA:33,33
DA:36,5
DA:37,5
LF:32
LH:31
BRDA:8,0,0,33430
BRDA:8,0,1,8
BRDA:10,1,0,3
BRDA:10,1,1,5
BRDA:13,2,0,3
BRDA:13,2,1,2
BRDA:17,3,0,2
BRDA:17,3,1,0
BRDA:22,4,0,2
BRDA:31,5,0,33
BRDA:36,6,0,5
BRF:11
BRH:10
end_of_record
TN:
SF:src/utf8/decodeUtf8/v10.ts
FN:3,(anonymous_0)
FNF:1
FNH:1
FNDA:9,(anonymous_0)
DA:1,1
DA:3,1
DA:4,9
DA:5,9
DA:6,9
DA:7,9
DA:8,33444
DA:9,33444
DA:10,33434
DA:11,33434
DA:13,10
DA:14,10
DA:15,3
DA:16,3
DA:18,7
DA:19,7
DA:20,3
DA:21,3
DA:23,4
DA:24,4
DA:25,4
DA:26,4
DA:27,4
DA:28,4
DA:29,4
DA:30,4
DA:32,0
DA:35,0
DA:38,9
LF:29
LH:27
BRDA:9,0,0,33434
BRDA:14,1,0,3
BRDA:19,2,0,3
BRDA:23,3,0,4
BRDA:23,3,1,0
BRDA:26,4,0,4
BRDA:26,4,1,0
BRF:7
BRH:5
end_of_record
TN:
SF:src/utf8/decodeUtf8/v11.ts
FN:2,(anonymous_0)
FNF:1
FNH:1
FNDA:5,(anonymous_0)
DA:1,1
DA:2,5
LF:2
LH:2
BRF:0
BRH:0
end_of_record
TN:
SF:src/utf8/decodeUtf8/v12.ts
FN:2,(anonymous_0)
FNF:1
FNH:1
FNDA:5,(anonymous_0)
DA:1,1
DA:2,1
DA:3,5
LF:3
LH:3
BRF:0
BRH:0
end_of_record
TN:
SF:src/utf8/decodeUtf8/v13.ts
FN:9,(anonymous_0)
FN:14,(anonymous_1)
FN:22,(anonymous_2)
FNF:3
FNH:1
FNDA:5,(anonymous_0)
FNDA:0,(anonymous_1)
FNDA:0,(anonymous_2)
DA:1,1
DA:3,1
DA:5,1
DA:6,1
DA:8,1
DA:9,1
DA:10,5
DA:12,0
DA:13,0
DA:14,0
DA:15,0
DA:20,0
DA:21,0
DA:22,0
DA:23,0
DA:27,1
LF:16
LH:8
BRDA:6,0,0,1
BRDA:6,0,1,0
BRDA:8,1,0,1
BRDA:8,1,1,0
BRDA:10,2,0,2
BRDA:10,2,1,3
BRDA:12,3,0,0
BRDA:12,3,1,0
BRDA:13,4,0,0
BRDA:13,4,1,0
BRDA:15,5,0,0
BRDA:15,5,1,0
BRDA:20,6,0,0
BRDA:23,7,0,0
BRDA:23,7,1,0
BRF:15
BRH:4
end_of_record
TN:
SF:src/utf8/decodeUtf8/v14.ts
FN:7,(anonymous_0)
FNF:1
FNH:1
FNDA:5,(anonymous_0)
DA:1,1
DA:3,1
DA:4,1
DA:6,1
DA:7,5
LF:5
LH:5
BRDA:4,0,0,1
BRDA:4,0,1,0
BRDA:6,1,0,1
BRDA:6,1,1,0
BRF:4
BRH:2
end_of_record
TN:
SF:src/utf8/decodeUtf8/v15.ts
FN:7,(anonymous_0)
FNF:1
FNH:1
FNDA:5,(anonymous_0)
DA:1,1
DA:3,1
DA:4,1
DA:5,1
DA:7,1
DA:8,5
DA:9,5
LF:7
LH:7
BRDA:4,0,0,1
BRDA:4,0,1,0
BRDA:5,1,0,1
BRDA:5,1,1,0
BRDA:9,2,0,3
BRDA:9,2,1,2
BRDA:10,3,0,3
BRDA:10,3,1,0
BRDA:12,4,0,0
BRDA:12,4,1,0
BRF:10
BRH:5
end_of_record
TN:
SF:src/utf8/decodeUtf8/v16.ts
FN:10,(anonymous_0)
FN:12,(anonymous_1)
FN:15,(anonymous_2)
FN:17,(anonymous_3)
FN:23,(anonymous_4)
FNF:5
FNH:3
FNDA:3,(anonymous_0)
FNDA:0,(anonymous_1)
FNDA:2,(anonymous_2)
FNDA:0,(anonymous_3)
FNDA:5,(anonymous_4)
DA:1,3
DA:2,3
DA:6,3
DA:7,3
DA:8,3
DA:10,3
DA:12,3
DA:14,3
DA:15,2
DA:18,0
DA:23,3
DA:24,5
DA:25,2
DA:26,2
DA:29,3
LF:15
LH:14
BRDA:7,0,0,3
BRDA:7,0,1,0
BRDA:8,1,0,3
BRDA:8,1,1,0
BRDA:10,2,0,1
BRDA:10,2,1,2
BRDA:10,3,0,3
BRDA:10,3,1,3
BRDA:12,4,0,0
BRDA:12,4,1,0
BRDA:12,5,0,0
BRDA:12,5,1,0
BRDA:14,6,0,3
BRDA:14,6,1,0
BRDA:16,7,0,0
BRDA:16,7,1,0
BRDA:24,8,0,3
BRDA:25,9,0,0
BRF:18
BRH:8
end_of_record
TN:
SF:src/utf8/decodeUtf8/v17.ts
FN:3,(anonymous_0)
FNF:1
FNH:1
FNDA:5,(anonymous_0)
DA:1,1
DA:3,1
DA:4,5
DA:5,5
DA:6,5
DA:7,5
DA:8,33438
DA:9,33438
DA:10,8
DA:11,8
DA:12,3
DA:14,5
DA:15,5
DA:16,3
DA:18,2
DA:19,2
DA:20,2
DA:21,2
DA:22,2
DA:23,2
DA:24,2
DA:25,2
DA:26,2
DA:28,0
DA:34,33438
DA:36,5
LF:26
LH:25
BRDA:9,0,0,8
BRDA:11,1,0,3
BRDA:11,1,1,5
BRDA:15,2,0,3
BRDA:15,2,1,2
BRDA:18,3,0,2
BRDA:21,4,0,2
BRDA:21,4,1,0
BRF:8
BRH:7
end_of_record
TN:
SF:src/utf8/decodeUtf8/v18.ts
FN:3,(anonymous_0)
FNF:1
FNH:1
FNDA:7,(anonymous_0)
DA:1,3
DA:3,3
DA:4,7
DA:5,7
DA:6,7
DA:7,7
DA:8,33443
DA:9,33443
DA:10,13
DA:11,13
DA:12,4
DA:14,9
DA:15,9
DA:16,6
DA:18,3
DA:19,3
DA:20,3
DA:21,3
DA:22,3
DA:23,3
DA:24,3
DA:25,3
DA:27,0
DA:33,33443
DA:35,7
LF:25
LH:24
BRDA:9,0,0,13
BRDA:11,1,0,4
BRDA:11,1,1,9
BRDA:15,2,0,6
BRDA:15,2,1,3
BRDA:18,3,0,3
BRDA:21,4,0,3
BRDA:21,4,1,0
BRF:8
BRH:7
end_of_record
TN:
SF:src/utf8/decodeUtf8/v19.ts
FNF:0
FNH:0
DA:1,1
DA:3,1
LF:2
LH:2
BRF:0
BRH:0
end_of_record
TN:
SF:src/utf8/decodeUtf8/v2.ts
FN:1,(anonymous_0)
FNF:1
FNH:1
FNDA:5,(anonymous_0)
DA:1,1
DA:2,5
LF:2
LH:2
BRF:0
BRH:0
end_of_record
TN:
SF:src/utf8/decodeUtf8/v3.ts
FN:1,(anonymous_0)
FNF:1
FNH:1
FNDA:5,(anonymous_0)
DA:1,1
DA:2,5
LF:2
LH:2
BRF:0
BRH:0
end_of_record
TN:
SF:src/utf8/decodeUtf8/v4.ts
FN:1,(anonymous_0)
FNF:1
FNH:1
FNDA:5,(anonymous_0)
DA:1,1
DA:2,5
LF:2
LH:2
BRF:0
BRH:0
end_of_record
TN:
SF:src/utf8/decodeUtf8/v5.ts
FN:1,(anonymous_0)
FNF:1
FNH:1
FNDA:5,(anonymous_0)
DA:1,1
DA:2,5
DA:3,5
DA:4,5
DA:5,5
DA:6,33438
DA:7,33438
DA:8,33430
DA:9,33430
DA:10,8
DA:11,3
DA:12,5
DA:13,3
DA:14,2
DA:15,2
DA:16,2
DA:17,2
DA:18,2
DA:19,2
DA:20,2
DA:21,2
DA:22,2
DA:24,2
DA:26,0
DA:29,5
LF:25
LH:24
BRDA:7,0,0,33430
BRDA:7,0,1,8
BRDA:10,1,0,3
BRDA:10,1,1,5
BRDA:12,2,0,3
BRDA:12,2,1,2
BRDA:14,3,0,2
BRDA:14,3,1,0
BRDA:19,4,0,2
BRF:9
BRH:8
end_of_record
TN:
SF:src/utf8/decodeUtf8/v6.ts
FN:3,(anonymous_0)
FNF:1
FNH:1
FNDA:5,(anonymous_0)
DA:1,1
DA:3,1
DA:4,5
DA:5,5
LF:4
LH:4
BRF:0
BRH:0
end_of_record
TN:
SF:src/utf8/decodeUtf8/v7.ts
FN:1,(anonymous_0)
FNF:1
FNH:1
FNDA:5,(anonymous_0)
DA:1,1
DA:2,5
DA:3,5
DA:4,5
DA:5,5
DA:6,33438
DA:7,33438
DA:8,33430
DA:9,8
DA:10,3
DA:11,3
DA:12,5
DA:13,3
DA:14,3
DA:15,3
DA:16,2
DA:17,2
DA:18,2
DA:19,2
DA:20,2
DA:21,2
DA:22,2
DA:23,2
DA:24,2
DA:26,2
DA:28,0
DA:31,5
LF:27
LH:26
BRDA:7,0,0,33430
BRDA:7,0,1,8
BRDA:9,1,0,3
BRDA:9,1,1,5
BRDA:12,2,0,3
BRDA:12,2,1,2
BRDA:16,3,0,2
BRDA:16,3,1,0
BRDA:21,4,0,2
BRF:9
BRH:8
end_of_record
TN:
SF:src/utf8/decodeUtf8/v8.ts
FN:2,(anonymous_0)
FNF:1
FNH:1
FNDA:5,(anonymous_0)
DA:2,1
DA:3,5
DA:4,5
DA:5,5
DA:6,5
DA:7,5
DA:8,33438
DA:9,33438
DA:10,33430
DA:11,8
DA:12,3
DA:13,3
DA:14,5
DA:15,3
DA:16,3
DA:17,3
DA:18,2
DA:19,2
DA:20,2
DA:21,2
DA:22,2
DA:23,2
DA:24,2
DA:25,2
DA:26,2
DA:28,2
DA:30,0
DA:32,33438
DA:33,4178
DA:34,4178
DA:37,5
DA:38,5
LF:32
LH:31
BRDA:9,0,0,33430
BRDA:9,0,1,8
BRDA:11,1,0,3
BRDA:11,1,1,5
BRDA:14,2,0,3
BRDA:14,2,1,2
BRDA:18,3,0,2
BRDA:18,3,1,0
BRDA:23,4,0,2
BRDA:32,5,0,4178
BRDA:37,6,0,5
BRF:11
BRH:10
end_of_record
TN:
SF:src/utf8/decodeUtf8/v9.ts
FN:1,(anonymous_0)
FNF:1
FNH:1
FNDA:5,(anonymous_0)
DA:1,1
DA:2,5
DA:3,5
DA:4,5
DA:5,5
DA:6,33438
DA:7,33438
DA:8,33430
DA:9,33430
DA:11,8
DA:12,8
DA:13,3
DA:14,3
DA:16,5
DA:17,5
DA:18,3
DA:19,3
DA:21,2
DA:22,2
DA:23,2
DA:24,2
DA:25,2
DA:26,2
DA:27,2
DA:29,2
DA:31,0
DA:34,5
LF:27
LH:26
BRDA:7,0,0,33430
BRDA:12,1,0,3
BRDA:17,2,0,3
BRDA:21,3,0,2
BRDA:21,3,1,0
BRDA:24,4,0,2
BRF:6
BRH:5
end_of_record
