TN:
SF:src/Reader.ts
FN:5,(anonymous_0)
FN:12,(anonymous_1)
FN:18,(anonymous_2)
FN:25,(anonymous_3)
FN:32,(anonymous_4)
FN:36,(anonymous_5)
FN:40,(anonymous_6)
FN:48,(anonymous_7)
FN:66,(anonymous_8)
FN:81,(anonymous_9)
FN:87,(anonymous_10)
FN:92,(anonymous_11)
FN:96,(anonymous_12)
FN:106,(anonymous_13)
FN:112,(anonymous_14)
FN:118,(anonymous_15)
FN:124,(anonymous_16)
FN:130,(anonymous_17)
FN:136,(anonymous_18)
FN:142,(anonymous_19)
FN:148,(anonymous_20)
FN:154,(anonymous_21)
FNF:22
FNH:22
FNDA:1211,(anonymous_0)
FNDA:7,(anonymous_1)
FNDA:42,(anonymous_2)
FNDA:25,(anonymous_3)
FNDA:6,(anonymous_4)
FNDA:42,(anonymous_5)
FNDA:15,(anonymous_6)
FNDA:6,(anonymous_7)
FNDA:1059,(anonymous_8)
FNDA:27,(anonymous_9)
FNDA:1000083,(anonymous_10)
FNDA:4,(anonymous_11)
FNDA:2010,(anonymous_12)
FNDA:3,(anonymous_13)
FNDA:1007,(anonymous_14)
FNDA:3,(anonymous_15)
FNDA:4,(anonymous_16)
FNDA:3,(anonymous_17)
FNDA:4,(anonymous_18)
FNDA:4,(anonymous_19)
FNDA:20,(anonymous_20)
FNDA:10,(anonymous_21)
DA:1,4
DA:4,4
DA:6,1211
DA:7,1211
DA:8,1211
DA:9,1211
DA:13,7
DA:14,7
DA:15,7
DA:19,42
DA:26,25
DA:33,6
DA:37,42
DA:41,15
DA:42,15
DA:43,15
DA:44,15
DA:45,15
DA:49,6
DA:50,6
DA:51,6
DA:52,6
DA:67,1059
DA:68,1059
DA:69,1059
DA:70,1059
DA:82,27
DA:83,27
DA:84,27
DA:88,1000083
DA:93,4
DA:100,2010
DA:101,2010
DA:102,2010
DA:103,2010
DA:107,3
DA:108,3
DA:109,3
DA:113,1007
DA:114,1007
DA:115,1007
DA:119,3
DA:120,3
DA:121,3
DA:125,4
DA:126,4
DA:127,4
DA:131,3
DA:132,3
DA:133,3
DA:137,4
DA:138,4
DA:139,4
DA:143,4
DA:144,4
DA:145,4
DA:149,20
DA:150,20
DA:151,20
DA:155,10
DA:156,10
DA:157,10
DA:158,100124
DA:159,10
DA:160,10
LF:65
LH:65
BRDA:6,0,0,5
BRDA:7,1,0,152
BRDA:8,2,0,144
BRDA:9,3,0,145
BRDA:40,4,0,10
BRDA:48,5,0,2
BRDA:51,6,0,4
BRDA:51,6,1,2
BRDA:66,7,0,1012
BRDA:69,8,0,44
BRDA:69,8,1,1015
BRDA:81,9,0,4
BRF:12
BRH:12
end_of_record
TN:
SF:src/Slice.ts
FN:5,(anonymous_0)
FN:12,(anonymous_1)
FNF:2
FNH:1
FNDA:3,(anonymous_0)
FNDA:0,(anonymous_1)
DA:4,4
DA:6,3
DA:7,3
DA:8,3
DA:9,3
DA:13,0
LF:6
LH:5
BRF:0
BRH:0
end_of_record
TN:
SF:src/StreamingOctetReader.ts
FN:9,(anonymous_0)
FN:17,(anonymous_1)
FN:21,(anonymous_2)
FN:26,(anonymous_3)
FN:30,(anonymous_4)
FN:44,(anonymous_5)
FN:52,(anonymous_6)
FN:74,(anonymous_7)
FN:103,(anonymous_8)
FN:110,(anonymous_9)
FN:117,(anonymous_10)
FN:133,(anonymous_11)
FN:138,(anonymous_12)
FN:147,(anonymous_13)
FN:151,(anonymous_14)
FNF:15
FNH:7
FNDA:3,(anonymous_0)
FNDA:14,(anonymous_1)
FNDA:3,(anonymous_2)
FNDA:14,(anonymous_3)
FNDA:4,(anonymous_4)
FNDA:0,(anonymous_5)
FNDA:0,(anonymous_6)
FNDA:0,(anonymous_7)
FNDA:0,(anonymous_8)
FNDA:0,(anonymous_9)
FNDA:0,(anonymous_10)
FNDA:0,(anonymous_11)
FNDA:10,(anonymous_12)
FNDA:5,(anonymous_13)
FNDA:0,(anonymous_14)
DA:1,1
DA:9,1
DA:10,3
DA:13,3
DA:15,3
DA:18,14
DA:22,3
DA:23,3
DA:27,14
DA:31,4
DA:32,4
DA:33,4
DA:34,4
DA:35,4
DA:36,0
DA:37,0
DA:38,0
DA:40,4
DA:41,4
DA:45,0
DA:46,0
DA:47,0
DA:48,0
DA:49,0
DA:53,0
DA:54,0
DA:55,0
DA:56,0
DA:57,0
DA:58,0
DA:59,0
DA:60,0
DA:61,0
DA:63,0
DA:64,0
DA:65,0
DA:66,0
DA:67,0
DA:68,0
DA:69,0
DA:71,0
DA:81,0
DA:82,0
DA:83,0
DA:84,0
DA:85,0
DA:86,0
DA:87,0
DA:88,0
DA:89,0
DA:90,0
DA:91,0
DA:93,0
DA:94,0
DA:95,0
DA:96,0
DA:97,0
DA:98,0
DA:100,0
DA:104,0
DA:105,0
DA:106,0
DA:107,0
DA:111,0
DA:112,0
DA:113,0
DA:114,0
DA:118,0
DA:119,0
DA:120,0
DA:121,0
DA:122,0
DA:123,0
DA:124,0
DA:126,0
DA:127,0
DA:128,0
DA:129,0
DA:130,0
DA:134,0
DA:135,0
DA:139,10
DA:140,10
DA:148,5
DA:152,0
DA:153,0
DA:154,0
DA:155,0
DA:156,0
DA:157,0
DA:158,0
DA:159,0
DA:160,0
DA:161,0
DA:162,0
DA:164,0
DA:165,0
DA:166,0
DA:167,0
DA:169,0
DA:170,0
DA:171,0
DA:172,0
DA:173,0
DA:174,0
DA:175,0
DA:176,0
DA:177,0
DA:179,0
DA:185,0
DA:187,0
LF:111
LH:19
BRDA:27,0,0,0
BRDA:35,1,0,0
BRDA:53,2,0,0
BRDA:59,3,0,0
BRDA:81,4,0,0
BRDA:89,5,0,0
BRDA:118,6,0,0
BRDA:122,7,0,0
BRDA:158,8,0,0
BRDA:161,9,0,0
BRDA:161,9,1,0
BRDA:166,10,0,0
BRDA:166,10,1,0
BRDA:169,11,0,0
BRDA:173,12,0,0
BRDA:173,12,1,0
BRF:16
BRH:0
end_of_record
TN:
SF:src/StreamingReader.ts
FN:14,(anonymous_0)
FN:21,(anonymous_1)
FN:30,(anonymous_2)
FN:41,(anonymous_3)
FN:49,(anonymous_4)
FN:56,(anonymous_5)
FN:60,(anonymous_6)
FN:64,(anonymous_7)
FN:68,(anonymous_8)
FN:72,(anonymous_9)
FN:81,(anonymous_10)
FN:85,(anonymous_11)
FN:90,(anonymous_12)
FN:98,(anonymous_13)
FN:113,(anonymous_14)
FN:128,(anonymous_15)
FN:134,(anonymous_16)
FN:139,(anonymous_17)
FN:144,(anonymous_18)
FN:151,(anonymous_19)
FN:158,(anonymous_20)
FN:165,(anonymous_21)
FN:172,(anonymous_22)
FN:179,(anonymous_23)
FN:186,(anonymous_24)
FN:193,(anonymous_25)
FN:200,(anonymous_26)
FN:207,(anonymous_27)
FN:219,(anonymous_28)
FNF:29
FNH:12
FNDA:8,(anonymous_0)
FNDA:42,(anonymous_1)
FNDA:33,(anonymous_2)
FNDA:11,(anonymous_3)
FNDA:0,(anonymous_4)
FNDA:0,(anonymous_5)
FNDA:30,(anonymous_6)
FNDA:83,(anonymous_7)
FNDA:20,(anonymous_8)
FNDA:10,(anonymous_9)
FNDA:5,(anonymous_10)
FNDA:0,(anonymous_11)
FNDA:0,(anonymous_12)
FNDA:0,(anonymous_13)
FNDA:0,(anonymous_14)
FNDA:0,(anonymous_15)
FNDA:18,(anonymous_16)
FNDA:0,(anonymous_17)
FNDA:4,(anonymous_18)
FNDA:0,(anonymous_19)
FNDA:1,(anonymous_20)
FNDA:0,(anonymous_21)
FNDA:0,(anonymous_22)
FNDA:0,(anonymous_23)
FNDA:0,(anonymous_24)
FNDA:0,(anonymous_25)
FNDA:0,(anonymous_26)
FNDA:0,(anonymous_27)
FNDA:0,(anonymous_28)
DA:1,2
DA:2,2
DA:4,2
DA:6,2
DA:12,8
DA:15,8
DA:22,42
DA:31,33
DA:42,11
DA:50,0
DA:51,0
DA:57,0
DA:61,30
DA:65,83
DA:69,20
DA:73,10
DA:74,10
DA:82,5
DA:86,0
DA:87,0
DA:91,0
DA:92,0
DA:93,0
DA:94,0
DA:95,0
DA:99,0
DA:100,0
DA:101,0
DA:102,0
DA:114,0
DA:115,0
DA:116,0
DA:117,0
DA:129,0
DA:130,0
DA:131,0
DA:135,18
DA:136,17
DA:140,0
DA:141,0
DA:145,4
DA:146,3
DA:147,3
DA:148,3
DA:152,0
DA:153,0
DA:154,0
DA:155,0
DA:159,1
DA:160,0
DA:161,0
DA:162,0
DA:166,0
DA:167,0
DA:168,0
DA:169,0
DA:173,0
DA:174,0
DA:175,0
DA:176,0
DA:180,0
DA:181,0
DA:182,0
DA:183,0
DA:187,0
DA:188,0
DA:189,0
DA:190,0
DA:194,0
DA:195,0
DA:196,0
DA:197,0
DA:201,0
DA:202,0
DA:203,0
DA:204,0
DA:208,0
DA:209,0
DA:210,0
DA:211,0
DA:212,0
DA:213,0
DA:214,0
DA:220,0
DA:221,0
DA:222,0
LF:86
LH:22
BRDA:14,0,0,4
BRDA:31,1,0,3
BRDA:90,2,0,0
BRDA:98,3,0,0
BRDA:101,4,0,0
BRDA:101,4,1,0
BRDA:113,5,0,0
BRDA:116,6,0,0
BRDA:116,6,1,0
BRDA:128,7,0,0
BRF:10
BRH:2
end_of_record
TN:
SF:src/Writer.ts
FN:33,(anonymous_0)
FN:40,(anonymous_1)
FN:61,(anonymous_2)
FN:73,(anonymous_3)
FN:78,(anonymous_4)
FN:88,(anonymous_5)
FN:98,(anonymous_6)
FN:104,(anonymous_7)
FN:110,(anonymous_8)
FN:115,(anonymous_9)
FN:121,(anonymous_10)
FN:127,(anonymous_11)
FN:133,(anonymous_12)
FN:139,(anonymous_13)
FN:145,(anonymous_14)
FN:154,(anonymous_15)
FN:162,(anonymous_16)
FN:170,(anonymous_17)
FN:178,(anonymous_18)
FN:186,(anonymous_19)
FN:200,(anonymous_20)
FN:222,(anonymous_21)
FN:260,(anonymous_22)
FNF:23
FNH:23
FNDA:91,(anonymous_0)
FNDA:19,(anonymous_1)
FNDA:1083,(anonymous_2)
FNDA:3,(anonymous_3)
FNDA:3,(anonymous_4)
FNDA:14,(anonymous_5)
FNDA:41,(anonymous_6)
FNDA:3,(anonymous_7)
FNDA:1030,(anonymous_8)
FNDA:2,(anonymous_9)
FNDA:2,(anonymous_10)
FNDA:2,(anonymous_11)
FNDA:3,(anonymous_12)
FNDA:2,(anonymous_13)
FNDA:1,(anonymous_14)
FNDA:1,(anonymous_15)
FNDA:1,(anonymous_16)
FNDA:1,(anonymous_17)
FNDA:1,(anonymous_18)
FNDA:14,(anonymous_19)
FNDA:44,(anonymous_20)
FNDA:42,(anonymous_21)
FNDA:4,(anonymous_22)
DA:1,4
DA:4,4
DA:5,4
DA:7,4
DA:8,4
DA:11,4
DA:12,4
DA:19,4
DA:23,91
DA:25,91
DA:27,91
DA:33,91
DA:34,91
DA:35,91
DA:36,91
DA:41,19
DA:42,19
DA:43,19
DA:44,19
DA:45,19
DA:46,19
DA:47,19
DA:48,19
DA:49,19
DA:50,19
DA:51,19
DA:52,19
DA:62,1083
DA:63,1083
DA:64,1083
DA:65,19
DA:66,19
DA:67,19
DA:68,19
DA:74,3
DA:75,3
DA:79,3
DA:89,14
DA:90,14
DA:91,14
DA:92,14
DA:99,41
DA:100,41
DA:101,41
DA:105,3
DA:106,3
DA:107,3
DA:111,1030
DA:112,1030
DA:116,2
DA:117,2
DA:118,2
DA:122,2
DA:123,2
DA:124,2
DA:128,2
DA:129,2
DA:130,2
DA:134,3
DA:135,3
DA:136,3
DA:140,2
DA:141,2
DA:142,2
DA:146,1
DA:147,1
DA:148,1
DA:149,1
DA:150,1
DA:151,1
DA:155,1
DA:156,1
DA:157,1
DA:158,1
DA:159,1
DA:163,1
DA:164,1
DA:165,1
DA:166,1
DA:167,1
DA:171,1
DA:172,1
DA:173,1
DA:174,1
DA:175,1
DA:179,1
DA:180,1
DA:181,1
DA:182,1
DA:183,1
DA:187,14
DA:188,14
DA:189,14
DA:190,14
DA:201,44
DA:202,44
DA:203,8
DA:204,8
DA:205,8
DA:206,8
DA:207,0
DA:208,0
DA:209,0
DA:210,0
DA:211,0
DA:212,0
DA:213,0
DA:214,0
DA:215,0
DA:216,0
DA:217,0
DA:219,0
DA:223,42
DA:224,42
DA:225,42
DA:226,42
DA:227,42
DA:228,200
DA:229,200
DA:230,115
DA:231,115
DA:232,85
DA:233,43
DA:235,42
DA:236,20
DA:237,20
DA:238,20
DA:239,19
DA:240,19
DA:244,42
DA:245,23
DA:246,23
DA:248,19
DA:249,19
DA:250,19
DA:253,85
DA:255,42
DA:256,42
DA:257,42
DA:261,4
DA:262,4
DA:263,4
DA:264,4
DA:265,4
DA:266,25
DA:267,4
LF:146
LH:134
BRDA:8,0,0,4
BRDA:8,0,1,0
BRDA:11,1,0,4
BRDA:11,1,1,0
BRDA:12,2,0,4
BRDA:12,2,1,0
BRDA:33,3,0,73
BRDA:64,4,0,19
BRDA:68,5,0,0
BRDA:68,5,1,19
BRDA:202,6,0,36
BRDA:203,7,0,8
BRDA:203,7,1,0
BRDA:207,8,0,0
BRDA:207,8,1,0
BRDA:214,9,0,0
BRDA:214,10,0,0
BRDA:214,10,1,0
BRDA:229,11,0,115
BRDA:229,11,1,85
BRDA:232,12,0,43
BRDA:232,12,1,42
BRDA:235,13,0,20
BRDA:235,14,0,42
BRDA:235,14,1,20
BRDA:236,15,0,20
BRDA:238,16,0,19
BRDA:244,17,0,23
BRDA:244,17,1,19
BRF:29
BRH:19
end_of_record
TN:
SF:src/isFloat32.ts
FN:3,(anonymous_0)
FNF:1
FNH:1
FNDA:2,(anonymous_0)
DA:1,1
DA:3,1
DA:4,2
DA:5,2
LF:4
LH:4
BRF:0
BRH:0
end_of_record
TN:
SF:src/utf8/decodeAscii.ts
FN:27,(anonymous_0)
FN:37,(anonymous_1)
FNF:2
FNH:2
FNDA:2,(anonymous_0)
FNDA:17,(anonymous_1)
DA:1,5
DA:27,5
DA:28,2
DA:29,2
DA:30,14
DA:31,14
DA:32,12
DA:34,0
DA:37,5
DA:38,17
DA:39,2
DA:40,1
DA:42,0
DA:43,0
DA:44,0
DA:45,0
DA:47,0
DA:50,1
DA:51,1
DA:52,1
DA:53,0
DA:54,0
DA:56,1
DA:57,0
DA:58,0
DA:59,0
DA:60,0
DA:62,0
DA:65,15
DA:66,15
DA:67,15
DA:68,15
DA:69,15
DA:70,10
DA:71,10
DA:73,5
DA:74,3
DA:76,2
DA:77,2
DA:78,0
DA:79,0
DA:81,2
DA:83,2
DA:84,1
DA:85,1
DA:86,1
DA:87,0
DA:88,0
DA:90,1
DA:91,0
DA:92,0
DA:93,0
DA:94,0
DA:96,0
DA:98,1
DA:99,1
DA:100,1
DA:101,1
DA:102,1
DA:103,0
DA:104,0
DA:106,1
DA:107,0
DA:109,0
DA:110,0
DA:111,0
DA:112,0
DA:114,0
DA:116,1
DA:117,1
DA:118,1
DA:119,1
DA:120,0
DA:121,0
DA:123,1
DA:124,1
DA:125,1
DA:126,0
DA:127,0
DA:129,1
DA:131,0
DA:132,0
DA:133,0
DA:134,0
DA:135,0
DA:136,0
DA:137,0
DA:139,0
DA:140,0
DA:142,0
DA:143,0
DA:144,0
DA:145,0
DA:147,0
DA:150,0
DA:151,0
DA:152,0
DA:153,0
DA:154,0
DA:156,0
DA:157,0
DA:158,0
DA:159,0
DA:160,0
DA:162,0
LF:105
LH:46
BRDA:31,0,0,2
BRDA:38,1,0,2
BRDA:38,1,1,15
BRDA:39,2,0,1
BRDA:39,2,1,1
BRDA:40,3,0,1
BRDA:40,3,1,0
BRDA:43,4,0,0
BRDA:52,5,0,0
BRDA:52,6,0,1
BRDA:52,6,1,1
BRDA:56,7,0,1
BRDA:58,8,0,0
BRDA:69,9,0,10
BRDA:69,10,0,15
BRDA:69,10,1,7
BRDA:69,10,2,7
BRDA:69,10,3,7
BRDA:73,11,0,3
BRDA:73,11,1,2
BRDA:74,12,0,1
BRDA:74,12,1,2
BRDA:77,13,0,0
BRDA:83,14,0,1
BRDA:83,14,1,1
BRDA:86,15,0,0
BRDA:86,16,0,1
BRDA:86,16,1,1
BRDA:90,17,0,1
BRDA:92,18,0,0
BRDA:102,19,0,0
BRDA:102,20,0,1
BRDA:102,20,1,1
BRDA:102,20,2,1
BRDA:102,20,3,1
BRDA:106,21,0,0
BRDA:106,21,1,1
BRDA:107,22,0,0
BRDA:107,22,1,0
BRDA:110,23,0,0
BRDA:116,24,0,1
BRDA:116,24,1,0
BRDA:119,25,0,0
BRDA:119,26,0,1
BRDA:119,26,1,1
BRDA:123,27,0,0
BRDA:125,28,0,0
BRDA:135,29,0,0
BRDA:135,30,0,0
BRDA:135,30,1,0
BRDA:135,30,2,0
BRDA:135,30,3,0
BRDA:139,31,0,0
BRDA:139,31,1,0
BRDA:140,32,0,0
BRDA:140,32,1,0
BRDA:143,33,0,0
BRDA:152,34,0,0
BRDA:152,35,0,0
BRDA:152,35,1,0
BRDA:156,36,0,0
BRDA:158,37,0,0
BRF:62
BRH:31
end_of_record
TN:
SF:src/utf8/encode.ts
FN:9,(anonymous_0)
FN:12,(anonymous_1)
FN:18,(anonymous_2)
FN:55,(anonymous_3)
FNF:4
FNH:4
FNDA:2000,(anonymous_0)
FNDA:1000,(anonymous_1)
FNDA:1000,(anonymous_2)
FNDA:1000,(anonymous_3)
DA:1,1
DA:2,1
DA:5,1
DA:9,1
DA:10,2000
DA:12,1
DA:13,1000
DA:14,1000
DA:15,1000
DA:18,1
DA:19,1000
DA:20,1000
DA:21,1000
DA:22,1000
DA:23,10000
DA:24,10000
DA:25,9911
DA:26,9911
DA:27,89
DA:28,61
DA:30,28
DA:31,0
DA:32,0
DA:33,0
DA:34,0
DA:35,0
DA:39,28
DA:40,28
DA:41,28
DA:43,0
DA:44,0
DA:45,0
DA:48,89
DA:50,1000
DA:53,1
DA:55,1
DA:56,1000
DA:58,1
LF:38
LH:30
BRDA:2,0,0,1
BRDA:2,0,1,0
BRDA:5,1,0,1
BRDA:5,1,1,0
BRDA:24,2,0,9911
BRDA:24,2,1,89
BRDA:27,3,0,61
BRDA:27,3,1,28
BRDA:30,4,0,0
BRDA:30,5,0,28
BRDA:30,5,1,0
BRDA:31,6,0,0
BRDA:33,7,0,0
BRDA:39,8,0,28
BRDA:39,8,1,0
BRDA:53,9,0,1
BRDA:53,9,1,0
BRDA:58,10,0,1
BRDA:58,10,1,0
BRDA:58,11,0,0
BRDA:58,11,1,0
BRF:21
BRH:10
end_of_record
TN:
SF:src/utf8/isUtf8.ts
FN:6,(anonymous_0)
FNF:1
FNH:1
FNDA:22,(anonymous_0)
DA:6,1
DA:7,22
DA:8,22
DA:9,216
DA:10,216
DA:11,154
DA:12,154
DA:14,62
DA:15,33
DA:16,31
DA:17,31
DA:18,2
DA:20,29
DA:21,29
DA:25,13
DA:26,13
DA:28,16
DA:29,11
DA:30,11
DA:32,5
DA:39,1
DA:40,1
DA:42,4
DA:44,16
LF:24
LH:24
BRDA:10,0,0,154
BRDA:14,1,0,33
BRDA:14,2,0,62
BRDA:14,2,1,62
BRDA:15,3,0,31
BRDA:15,3,1,2
BRDA:21,4,0,13
BRDA:22,5,0,29
BRDA:22,5,1,12
BRDA:22,5,2,12
BRDA:22,5,3,17
BRDA:22,5,4,1
BRDA:22,5,5,1
BRDA:22,5,6,13
BRDA:28,6,0,11
BRDA:28,7,0,16
BRDA:28,7,1,16
BRDA:28,7,2,4
BRDA:28,7,3,4
BRDA:28,7,4,12
BRDA:28,7,5,12
BRDA:32,8,0,1
BRDA:33,9,0,5
BRDA:33,9,1,2
BRDA:33,9,2,2
BRDA:33,9,3,3
BRDA:33,9,4,2
BRDA:33,9,5,0
BRDA:33,9,6,3
BRDA:33,9,7,0
BRDA:33,9,8,0
BRDA:33,9,9,2
BRDA:33,9,10,2
BRF:33
BRH:30
end_of_record
TN:
SF:src/utf8/decodeUtf8/index.ts
FNF:0
FNH:0
DA:1,4
DA:3,4
LF:2
LH:2
BRF:0
BRH:0
end_of_record
TN:
SF:src/utf8/decodeUtf8/v1.ts
FN:1,(anonymous_0)
FNF:1
FNH:1
FNDA:5,(anonymous_0)
DA:1,1
DA:2,5
DA:3,5
DA:4,5
DA:5,5
DA:6,5
DA:7,33438
DA:8,33438
DA:9,33430
DA:10,8
DA:11,3
DA:12,3
DA:13,5
DA:14,3
DA:15,3
DA:16,3
DA:17,2
DA:18,2
DA:19,2
DA:20,2
DA:21,2
DA:22,2
DA:23,2
DA:24,2
DA:25,2
DA:27,2
DA:29,0
DA:31,33438
DA:32,33
DA:33,33
DA:36,5
DA:37,5
LF:32
LH:31
BRDA:8,0,0,33430
BRDA:8,0,1,8
BRDA:10,1,0,3
BRDA:10,1,1,5
BRDA:13,2,0,3
BRDA:13,2,1,2
BRDA:17,3,0,2
BRDA:17,3,1,0
BRDA:22,4,0,2
BRDA:31,5,0,33
BRDA:36,6,0,5
BRF:11
BRH:10
end_of_record
TN:
SF:src/utf8/decodeUtf8/v10.ts
FN:3,(anonymous_0)
FNF:1
FNH:1
FNDA:9,(anonymous_0)
DA:1,1
DA:3,1
DA:4,9
DA:5,9
DA:6,9
DA:7,9
DA:8,33444
DA:9,33444
DA:10,33434
DA:11,33434
DA:13,10
DA:14,10
DA:15,3
DA:16,3
DA:18,7
DA:19,7
DA:20,3
DA:21,3
DA:23,4
DA:24,4
DA:25,4
DA:26,4
DA:27,4
DA:28,4
DA:29,4
DA:30,4
DA:32,0
DA:35,0
DA:38,9
LF:29
LH:27
BRDA:9,0,0,33434
BRDA:14,1,0,3
BRDA:19,2,0,3
BRDA:23,3,0,4
BRDA:23,3,1,0
BRDA:26,4,0,4
BRDA:26,4,1,0
BRF:7
BRH:5
end_of_record
TN:
SF:src/utf8/decodeUtf8/v11.ts
FN:2,(anonymous_0)
FNF:1
FNH:1
FNDA:5,(anonymous_0)
DA:1,1
DA:2,5
LF:2
LH:2
BRF:0
BRH:0
end_of_record
TN:
SF:src/utf8/decodeUtf8/v12.ts
FN:2,(anonymous_0)
FNF:1
FNH:1
FNDA:5,(anonymous_0)
DA:1,1
DA:2,1
DA:3,5
LF:3
LH:3
BRF:0
BRH:0
end_of_record
TN:
SF:src/utf8/decodeUtf8/v13.ts
FN:9,(anonymous_0)
FN:14,(anonymous_1)
FN:22,(anonymous_2)
FNF:3
FNH:1
FNDA:5,(anonymous_0)
FNDA:0,(anonymous_1)
FNDA:0,(anonymous_2)
DA:1,1
DA:3,1
DA:5,1
DA:6,1
DA:8,1
DA:9,1
DA:10,5
DA:12,0
DA:13,0
DA:14,0
DA:15,0
DA:20,0
DA:21,0
DA:22,0
DA:23,0
DA:27,1
LF:16
LH:8
BRDA:6,0,0,1
BRDA:6,0,1,0
BRDA:8,1,0,1
BRDA:8,1,1,0
BRDA:10,2,0,2
BRDA:10,2,1,3
BRDA:12,3,0,0
BRDA:12,3,1,0
BRDA:13,4,0,0
BRDA:13,4,1,0
BRDA:15,5,0,0
BRDA:15,5,1,0
BRDA:20,6,0,0
BRDA:23,7,0,0
BRDA:23,7,1,0
BRF:15
BRH:4
end_of_record
TN:
SF:src/utf8/decodeUtf8/v14.ts
FN:7,(anonymous_0)
FNF:1
FNH:1
FNDA:5,(anonymous_0)
DA:1,1
DA:3,1
DA:4,1
DA:6,1
DA:7,5
LF:5
LH:5
BRDA:4,0,0,1
BRDA:4,0,1,0
BRDA:6,1,0,1
BRDA:6,1,1,0
BRF:4
BRH:2
end_of_record
TN:
SF:src/utf8/decodeUtf8/v15.ts
FN:7,(anonymous_0)
FNF:1
FNH:1
FNDA:5,(anonymous_0)
DA:1,1
DA:3,1
DA:4,1
DA:5,1
DA:7,1
DA:8,5
DA:9,5
LF:7
LH:7
BRDA:4,0,0,1
BRDA:4,0,1,0
BRDA:5,1,0,1
BRDA:5,1,1,0
BRDA:9,2,0,3
BRDA:9,2,1,2
BRDA:10,3,0,3
BRDA:10,3,1,0
BRDA:12,4,0,0
BRDA:12,4,1,0
BRF:10
BRH:5
end_of_record
TN:
SF:src/utf8/decodeUtf8/v16.ts
FN:10,(anonymous_0)
FN:12,(anonymous_1)
FN:15,(anonymous_2)
FN:17,(anonymous_3)
FN:23,(anonymous_4)
FNF:5
FNH:4
FNDA:17,(anonymous_0)
FNDA:2,(anonymous_1)
FNDA:6,(anonymous_2)
FNDA:0,(anonymous_3)
FNDA:25,(anonymous_4)
DA:1,5
DA:2,5
DA:6,5
DA:7,5
DA:8,5
DA:10,17
DA:12,5
DA:14,5
DA:15,6
DA:18,0
DA:23,5
DA:24,25
DA:25,8
DA:26,6
DA:29,5
LF:15
LH:14
BRDA:7,0,0,5
BRDA:7,0,1,0
BRDA:8,1,0,5
BRDA:8,1,1,0
BRDA:10,2,0,7
BRDA:10,2,1,10
BRDA:10,3,0,17
BRDA:10,3,1,17
BRDA:12,4,0,0
BRDA:12,4,1,2
BRDA:12,5,0,2
BRDA:12,5,1,2
BRDA:14,6,0,5
BRDA:14,6,1,0
BRDA:16,7,0,0
BRDA:16,7,1,0
BRDA:24,8,0,17
BRDA:25,9,0,2
BRF:18
BRH:12
end_of_record
TN:
SF:src/utf8/decodeUtf8/v17.ts
FN:3,(anonymous_0)
FNF:1
FNH:1
FNDA:5,(anonymous_0)
DA:1,1
DA:3,1
DA:4,5
DA:5,5
DA:6,5
DA:7,5
DA:8,33438
DA:9,33438
DA:10,8
DA:11,8
DA:12,3
DA:14,5
DA:15,5
DA:16,3
DA:18,2
DA:19,2
DA:20,2
DA:21,2
DA:22,2
DA:23,2
DA:24,2
DA:25,2
DA:26,2
DA:28,0
DA:34,33438
DA:36,5
LF:26
LH:25
BRDA:9,0,0,8
BRDA:11,1,0,3
BRDA:11,1,1,5
BRDA:15,2,0,3
BRDA:15,2,1,2
BRDA:18,3,0,2
BRDA:21,4,0,2
BRDA:21,4,1,0
BRF:8
BRH:7
end_of_record
TN:
SF:src/utf8/decodeUtf8/v18.ts
FN:3,(anonymous_0)
FNF:1
FNH:1
FNDA:17,(anonymous_0)
DA:1,5
DA:3,5
DA:4,17
DA:5,17
DA:6,17
DA:7,17
DA:8,33495
DA:9,33495
DA:10,43
DA:11,43
DA:12,21
DA:14,22
DA:15,22
DA:16,15
DA:18,7
DA:19,7
DA:20,7
DA:21,7
DA:22,7
DA:23,7
DA:24,7
DA:25,7
DA:27,0
DA:33,33495
DA:35,17
LF:25
LH:24
BRDA:9,0,0,43
BRDA:11,1,0,21
BRDA:11,1,1,22
BRDA:15,2,0,15
BRDA:15,2,1,7
BRDA:18,3,0,7
BRDA:21,4,0,7
BRDA:21,4,1,0
BRF:8
BRH:7
end_of_record
TN:
SF:src/utf8/decodeUtf8/v19.ts
FNF:0
FNH:0
DA:1,1
DA:3,1
LF:2
LH:2
BRF:0
BRH:0
end_of_record
TN:
SF:src/utf8/decodeUtf8/v2.ts
FN:1,(anonymous_0)
FNF:1
FNH:1
FNDA:5,(anonymous_0)
DA:1,1
DA:2,5
LF:2
LH:2
BRF:0
BRH:0
end_of_record
TN:
SF:src/utf8/decodeUtf8/v3.ts
FN:1,(anonymous_0)
FNF:1
FNH:1
FNDA:5,(anonymous_0)
DA:1,1
DA:2,5
LF:2
LH:2
BRF:0
BRH:0
end_of_record
TN:
SF:src/utf8/decodeUtf8/v4.ts
FN:1,(anonymous_0)
FNF:1
FNH:1
FNDA:5,(anonymous_0)
DA:1,1
DA:2,5
LF:2
LH:2
BRF:0
BRH:0
end_of_record
TN:
SF:src/utf8/decodeUtf8/v5.ts
FN:1,(anonymous_0)
FNF:1
FNH:1
FNDA:5,(anonymous_0)
DA:1,1
DA:2,5
DA:3,5
DA:4,5
DA:5,5
DA:6,33438
DA:7,33438
DA:8,33430
DA:9,33430
DA:10,8
DA:11,3
DA:12,5
DA:13,3
DA:14,2
DA:15,2
DA:16,2
DA:17,2
DA:18,2
DA:19,2
DA:20,2
DA:21,2
DA:22,2
DA:24,2
DA:26,0
DA:29,5
LF:25
LH:24
BRDA:7,0,0,33430
BRDA:7,0,1,8
BRDA:10,1,0,3
BRDA:10,1,1,5
BRDA:12,2,0,3
BRDA:12,2,1,2
BRDA:14,3,0,2
BRDA:14,3,1,0
BRDA:19,4,0,2
BRF:9
BRH:8
end_of_record
TN:
SF:src/utf8/decodeUtf8/v6.ts
FN:3,(anonymous_0)
FNF:1
FNH:1
FNDA:5,(anonymous_0)
DA:1,1
DA:3,1
DA:4,5
DA:5,5
LF:4
LH:4
BRF:0
BRH:0
end_of_record
TN:
SF:src/utf8/decodeUtf8/v7.ts
FN:1,(anonymous_0)
FNF:1
FNH:1
FNDA:5,(anonymous_0)
DA:1,1
DA:2,5
DA:3,5
DA:4,5
DA:5,5
DA:6,33438
DA:7,33438
DA:8,33430
DA:9,8
DA:10,3
DA:11,3
DA:12,5
DA:13,3
DA:14,3
DA:15,3
DA:16,2
DA:17,2
DA:18,2
DA:19,2
DA:20,2
DA:21,2
DA:22,2
DA:23,2
DA:24,2
DA:26,2
DA:28,0
DA:31,5
LF:27
LH:26
BRDA:7,0,0,33430
BRDA:7,0,1,8
BRDA:9,1,0,3
BRDA:9,1,1,5
BRDA:12,2,0,3
BRDA:12,2,1,2
BRDA:16,3,0,2
BRDA:16,3,1,0
BRDA:21,4,0,2
BRF:9
BRH:8
end_of_record
TN:
SF:src/utf8/decodeUtf8/v8.ts
FN:2,(anonymous_0)
FNF:1
FNH:1
FNDA:5,(anonymous_0)
DA:2,1
DA:3,5
DA:4,5
DA:5,5
DA:6,5
DA:7,5
DA:8,33438
DA:9,33438
DA:10,33430
DA:11,8
DA:12,3
DA:13,3
DA:14,5
DA:15,3
DA:16,3
DA:17,3
DA:18,2
DA:19,2
DA:20,2
DA:21,2
DA:22,2
DA:23,2
DA:24,2
DA:25,2
DA:26,2
DA:28,2
DA:30,0
DA:32,33438
DA:33,4178
DA:34,4178
DA:37,5
DA:38,5
LF:32
LH:31
BRDA:9,0,0,33430
BRDA:9,0,1,8
BRDA:11,1,0,3
BRDA:11,1,1,5
BRDA:14,2,0,3
BRDA:14,2,1,2
BRDA:18,3,0,2
BRDA:18,3,1,0
BRDA:23,4,0,2
BRDA:32,5,0,4178
BRDA:37,6,0,5
BRF:11
BRH:10
end_of_record
TN:
SF:src/utf8/decodeUtf8/v9.ts
FN:1,(anonymous_0)
FNF:1
FNH:1
FNDA:5,(anonymous_0)
DA:1,1
DA:2,5
DA:3,5
DA:4,5
DA:5,5
DA:6,33438
DA:7,33438
DA:8,33430
DA:9,33430
DA:11,8
DA:12,8
DA:13,3
DA:14,3
DA:16,5
DA:17,5
DA:18,3
DA:19,3
DA:21,2
DA:22,2
DA:23,2
DA:24,2
DA:25,2
DA:26,2
DA:27,2
DA:29,2
DA:31,0
DA:34,5
LF:27
LH:26
BRDA:7,0,0,33430
BRDA:12,1,0,3
BRDA:17,2,0,3
BRDA:21,3,0,2
BRDA:21,3,1,0
BRDA:24,4,0,2
BRF:6
BRH:5
end_of_record
